## SLURM PROLOG ###############################################################
##    Job ID : 11359378
##  Job Name : run
##  Nodelist : gpu2258
##      CPUs : 
##  Mem/Node : 65536 MB
## Directory : /oscar/home/kguo32/ReAI-loss-of-plasticity/lop/permuted_mnist
##   Job Started : Thu May  8 04:44:47 PM EDT 2025
###############################################################################
task:  0 , approximate rank:  tensor([76., 65., 55.]) , dead neurons:  tensor([0., 0., 1.]) , effective rank:  tensor([66.3935, 56.6562, 49.1372])
recent accuracy tensor(0.9223)
task:  1 , approximate rank:  tensor([63., 62., 41.]) , dead neurons:  tensor([2., 0., 0.]) , effective rank:  tensor([57.1473, 53.6273, 40.3906])
recent accuracy tensor(0.9283)
task:  2 , approximate rank:  tensor([46., 42., 18.]) , dead neurons:  tensor([3., 2., 0.]) , effective rank:  tensor([46.1656, 41.6205, 27.0824])
recent accuracy tensor(0.9258)
task:  3 , approximate rank:  tensor([37., 39., 19.]) , dead neurons:  tensor([8., 0., 1.]) , effective rank:  tensor([38.0026, 40.6187, 26.8878])
recent accuracy tensor(0.9251)
task:  4 , approximate rank:  tensor([27., 33., 12.]) , dead neurons:  tensor([4., 0., 1.]) , effective rank:  tensor([30.4836, 36.8812, 19.6031])
recent accuracy tensor(0.9243)
task:  5 , approximate rank:  tensor([23., 23., 16.]) , dead neurons:  tensor([7., 1., 2.]) , effective rank:  tensor([24.5258, 29.4385, 23.0415])
recent accuracy tensor(0.9253)
task:  6 , approximate rank:  tensor([22., 20., 11.]) , dead neurons:  tensor([11.,  0.,  2.]) , effective rank:  tensor([25.3359, 27.0363, 19.2442])
recent accuracy tensor(0.9244)
task:  7 , approximate rank:  tensor([23., 22., 13.]) , dead neurons:  tensor([11.,  0.,  3.]) , effective rank:  tensor([25.5566, 27.6758, 19.8090])
recent accuracy tensor(0.9246)
task:  8 , approximate rank:  tensor([19., 24., 11.]) , dead neurons:  tensor([12.,  0.,  1.]) , effective rank:  tensor([21.5588, 29.8945, 19.2209])
recent accuracy tensor(0.9213)
task:  9 , approximate rank:  tensor([22., 28., 15.]) , dead neurons:  tensor([9., 0., 0.]) , effective rank:  tensor([23.5975, 33.6867, 23.0267])
recent accuracy tensor(0.9214)
task:  10 , approximate rank:  tensor([25., 25., 10.]) , dead neurons:  tensor([13.,  0.,  2.]) , effective rank:  tensor([26.1146, 31.1712, 17.1975])
recent accuracy tensor(0.9192)
task:  11 , approximate rank:  tensor([22., 33., 18.]) , dead neurons:  tensor([12.,  0.,  1.]) , effective rank:  tensor([24.3455, 36.8105, 24.9155])
recent accuracy tensor(0.9183)
task:  12 , approximate rank:  tensor([25., 33., 20.]) , dead neurons:  tensor([16.,  1.,  0.]) , effective rank:  tensor([25.1862, 36.1982, 26.9897])
recent accuracy tensor(0.9246)
task:  13 , approximate rank:  tensor([19., 29., 19.]) , dead neurons:  tensor([16.,  0.,  0.]) , effective rank:  tensor([20.9690, 33.4032, 25.3687])
recent accuracy tensor(0.9207)
task:  14 , approximate rank:  tensor([21., 27., 15.]) , dead neurons:  tensor([16.,  0.,  1.]) , effective rank:  tensor([20.9353, 32.1620, 22.5869])
recent accuracy tensor(0.9171)
task:  15 , approximate rank:  tensor([19., 21., 14.]) , dead neurons:  tensor([19.,  3.,  4.]) , effective rank:  tensor([18.6941, 26.8992, 20.6072])
recent accuracy tensor(0.9238)
task:  16 , approximate rank:  tensor([21., 26., 14.]) , dead neurons:  tensor([15.,  0.,  0.]) , effective rank:  tensor([20.8533, 31.2531, 21.4692])
recent accuracy tensor(0.9252)
task:  17 , approximate rank:  tensor([21., 26., 14.]) , dead neurons:  tensor([15.,  0.,  0.]) , effective rank:  tensor([21.5855, 30.9407, 21.1010])
recent accuracy tensor(0.9197)
task:  18 , approximate rank:  tensor([19., 31., 18.]) , dead neurons:  tensor([15.,  0.,  1.]) , effective rank:  tensor([19.6761, 34.8153, 26.0755])
recent accuracy tensor(0.9183)
task:  19 , approximate rank:  tensor([18., 27., 15.]) , dead neurons:  tensor([15.,  0.,  0.]) , effective rank:  tensor([19.5966, 31.1797, 21.1749])
recent accuracy tensor(0.9207)
task:  20 , approximate rank:  tensor([18., 27., 14.]) , dead neurons:  tensor([21.,  0.,  0.]) , effective rank:  tensor([19.6703, 32.3085, 21.6619])
recent accuracy tensor(0.9205)
task:  21 , approximate rank:  tensor([20., 31., 18.]) , dead neurons:  tensor([15.,  1.,  1.]) , effective rank:  tensor([20.1817, 35.0851, 24.9898])
recent accuracy tensor(0.9159)
task:  22 , approximate rank:  tensor([17., 34., 18.]) , dead neurons:  tensor([14.,  1.,  0.]) , effective rank:  tensor([19.4809, 36.8011, 24.4992])
recent accuracy tensor(0.9192)
task:  23 , approximate rank:  tensor([25., 26., 15.]) , dead neurons:  tensor([15.,  0.,  0.]) , effective rank:  tensor([24.3940, 31.3611, 22.5987])
recent accuracy tensor(0.9202)
task:  24 , approximate rank:  tensor([22., 35., 19.]) , dead neurons:  tensor([15.,  0.,  0.]) , effective rank:  tensor([24.0519, 38.4440, 25.3628])
recent accuracy tensor(0.9226)
task:  25 , approximate rank:  tensor([16., 14.,  9.]) , dead neurons:  tensor([17.,  4.,  4.]) , effective rank:  tensor([18.4249, 20.9404, 16.1960])
recent accuracy tensor(0.9150)
task:  26 , approximate rank:  tensor([21., 25., 14.]) , dead neurons:  tensor([18.,  0.,  4.]) , effective rank:  tensor([21.5802, 29.4704, 20.4278])
recent accuracy tensor(0.9191)
task:  27 , approximate rank:  tensor([19., 25., 18.]) , dead neurons:  tensor([13.,  1.,  0.]) , effective rank:  tensor([18.9333, 29.6340, 24.8192])
recent accuracy tensor(0.9200)
task:  28 , approximate rank:  tensor([24., 32., 16.]) , dead neurons:  tensor([20.,  0.,  0.]) , effective rank:  tensor([23.9130, 35.4170, 22.9048])
recent accuracy tensor(0.9172)
task:  29 , approximate rank:  tensor([17., 12.,  7.]) , dead neurons:  tensor([22.,  0.,  0.]) , effective rank:  tensor([17.6104, 18.2754, 12.8681])
recent accuracy tensor(0.9225)
task:  30 , approximate rank:  tensor([20., 21., 13.]) , dead neurons:  tensor([26.,  3.,  0.]) , effective rank:  tensor([19.6274, 27.7831, 19.8867])
recent accuracy tensor(0.9225)
task:  31 , approximate rank:  tensor([24., 32., 13.]) , dead neurons:  tensor([25.,  0.,  0.]) , effective rank:  tensor([23.9894, 36.3929, 20.5920])
recent accuracy tensor(0.9229)
task:  32 , approximate rank:  tensor([18., 22., 10.]) , dead neurons:  tensor([30.,  3.,  2.]) , effective rank:  tensor([18.2340, 27.8360, 16.4396])
recent accuracy tensor(0.9207)
task:  33 , approximate rank:  tensor([21., 29., 17.]) , dead neurons:  tensor([25.,  0.,  0.]) , effective rank:  tensor([20.1092, 33.8218, 23.2831])
recent accuracy tensor(0.9254)
task:  34 , approximate rank:  tensor([15., 17., 12.]) , dead neurons:  tensor([21.,  1.,  0.]) , effective rank:  tensor([15.7804, 24.2508, 18.8553])
recent accuracy tensor(0.9172)
task:  35 , approximate rank:  tensor([11., 20., 13.]) , dead neurons:  tensor([14.,  2.,  0.]) , effective rank:  tensor([12.9302, 25.5552, 19.9848])
recent accuracy tensor(0.9150)
task:  36 , approximate rank:  tensor([16., 24., 15.]) , dead neurons:  tensor([25.,  3.,  4.]) , effective rank:  tensor([16.9483, 29.6235, 22.0708])
recent accuracy tensor(0.9207)
task:  37 , approximate rank:  tensor([16., 18., 12.]) , dead neurons:  tensor([22.,  0.,  0.]) , effective rank:  tensor([15.9964, 25.1953, 19.1820])
recent accuracy tensor(0.9249)
task:  38 , approximate rank:  tensor([17., 25., 14.]) , dead neurons:  tensor([28.,  0.,  0.]) , effective rank:  tensor([16.3750, 30.7664, 20.5698])
recent accuracy tensor(0.9143)
task:  39 , approximate rank:  tensor([13., 29., 20.]) , dead neurons:  tensor([32.,  1.,  0.]) , effective rank:  tensor([14.0683, 33.5805, 26.2782])
recent accuracy tensor(0.9129)
task:  40 , approximate rank:  tensor([14., 25., 17.]) , dead neurons:  tensor([26.,  7.,  0.]) , effective rank:  tensor([14.4228, 29.1977, 22.6498])
recent accuracy tensor(0.9152)
task:  41 , approximate rank:  tensor([12., 17., 13.]) , dead neurons:  tensor([25.,  4.,  1.]) , effective rank:  tensor([14.4197, 23.2735, 18.9934])
recent accuracy tensor(0.9211)
task:  42 , approximate rank:  tensor([15., 24., 16.]) , dead neurons:  tensor([20.,  6.,  4.]) , effective rank:  tensor([15.5696, 28.9036, 22.3851])
recent accuracy tensor(0.9220)
task:  43 , approximate rank:  tensor([15., 34., 17.]) , dead neurons:  tensor([27.,  0.,  4.]) , effective rank:  tensor([15.9811, 37.3048, 23.5823])
recent accuracy tensor(0.9223)
task:  44 , approximate rank:  tensor([16., 31., 20.]) , dead neurons:  tensor([18.,  5.,  0.]) , effective rank:  tensor([17.0415, 34.3496, 25.7603])
recent accuracy tensor(0.9173)
task:  45 , approximate rank:  tensor([14., 25., 13.]) , dead neurons:  tensor([25.,  3.,  3.]) , effective rank:  tensor([16.3061, 30.0209, 19.5636])
recent accuracy tensor(0.9132)
task:  46 , approximate rank:  tensor([14., 17., 13.]) , dead neurons:  tensor([23.,  6.,  3.]) , effective rank:  tensor([14.9674, 22.9570, 19.5130])
recent accuracy tensor(0.9187)
task:  47 , approximate rank:  tensor([15., 23., 15.]) , dead neurons:  tensor([24.,  2.,  0.]) , effective rank:  tensor([15.9224, 26.8850, 22.0554])
recent accuracy tensor(0.9139)
task:  48 , approximate rank:  tensor([18., 22., 14.]) , dead neurons:  tensor([22.,  2.,  4.]) , effective rank:  tensor([17.7725, 27.0605, 20.6560])
recent accuracy tensor(0.9184)
task:  49 , approximate rank:  tensor([19., 30., 20.]) , dead neurons:  tensor([26.,  0.,  2.]) , effective rank:  tensor([19.2286, 33.9063, 26.5939])
recent accuracy tensor(0.9178)
task:  50 , approximate rank:  tensor([17., 28., 14.]) , dead neurons:  tensor([31.,  8.,  0.]) , effective rank:  tensor([16.6013, 31.0065, 21.2501])
recent accuracy tensor(0.9220)
task:  51 , approximate rank:  tensor([15., 27., 14.]) , dead neurons:  tensor([26.,  0.,  0.]) , effective rank:  tensor([15.8354, 31.5546, 21.3938])
recent accuracy tensor(0.9203)
task:  52 , approximate rank:  tensor([17., 31., 19.]) , dead neurons:  tensor([27.,  0.,  0.]) , effective rank:  tensor([17.1392, 34.0096, 26.1768])
recent accuracy tensor(0.9219)
task:  53 , approximate rank:  tensor([18., 32., 19.]) , dead neurons:  tensor([28.,  2.,  1.]) , effective rank:  tensor([18.3494, 34.8564, 25.9043])
recent accuracy tensor(0.9170)
task:  54 , approximate rank:  tensor([14., 22., 15.]) , dead neurons:  tensor([28.,  4.,  4.]) , effective rank:  tensor([14.9268, 27.2860, 21.9564])
recent accuracy tensor(0.9199)
task:  55 , approximate rank:  tensor([13., 21., 15.]) , dead neurons:  tensor([30.,  7.,  2.]) , effective rank:  tensor([13.3357, 25.7007, 21.8540])
recent accuracy tensor(0.9223)
task:  56 , approximate rank:  tensor([17., 33., 22.]) , dead neurons:  tensor([29.,  1.,  4.]) , effective rank:  tensor([17.0278, 35.2871, 28.3577])
recent accuracy tensor(0.9202)
task:  57 , approximate rank:  tensor([18., 27., 18.]) , dead neurons:  tensor([25.,  0.,  0.]) , effective rank:  tensor([17.9835, 30.4024, 24.5142])
recent accuracy tensor(0.9231)
task:  58 , approximate rank:  tensor([16., 24., 16.]) , dead neurons:  tensor([30.,  0.,  4.]) , effective rank:  tensor([16.3034, 28.7083, 23.1963])
recent accuracy tensor(0.9205)
task:  59 , approximate rank:  tensor([14., 21., 11.]) , dead neurons:  tensor([28.,  1.,  4.]) , effective rank:  tensor([15.6168, 25.9461, 17.4527])
recent accuracy tensor(0.9191)
task:  60 , approximate rank:  tensor([14., 27., 11.]) , dead neurons:  tensor([26.,  7.,  4.]) , effective rank:  tensor([14.7332, 29.7903, 17.4437])
recent accuracy tensor(0.9205)
task:  61 , approximate rank:  tensor([17., 28., 14.]) , dead neurons:  tensor([27.,  0.,  0.]) , effective rank:  tensor([16.9688, 32.3715, 21.5341])
recent accuracy tensor(0.9143)
task:  62 , approximate rank:  tensor([17., 28., 15.]) , dead neurons:  tensor([26.,  3.,  3.]) , effective rank:  tensor([16.4548, 31.6506, 21.9817])
recent accuracy tensor(0.9206)
task:  63 , approximate rank:  tensor([14., 33., 20.]) , dead neurons:  tensor([29.,  1.,  3.]) , effective rank:  tensor([13.7406, 35.7937, 26.9053])
recent accuracy tensor(0.9185)
task:  64 , approximate rank:  tensor([12., 21.,  9.]) , dead neurons:  tensor([29.,  0.,  1.]) , effective rank:  tensor([12.3686, 26.5038, 16.3220])
recent accuracy tensor(0.9187)
task:  65 , approximate rank:  tensor([15., 26., 17.]) , dead neurons:  tensor([28.,  1.,  0.]) , effective rank:  tensor([14.4682, 30.2398, 23.3728])
recent accuracy tensor(0.9168)
task:  66 , approximate rank:  tensor([13., 32., 19.]) , dead neurons:  tensor([27.,  0.,  0.]) , effective rank:  tensor([13.7664, 34.8948, 26.0464])
recent accuracy tensor(0.9180)
task:  67 , approximate rank:  tensor([15., 31., 22.]) , dead neurons:  tensor([27.,  0.,  0.]) , effective rank:  tensor([15.0375, 34.3600, 27.6986])
recent accuracy tensor(0.9183)
task:  68 , approximate rank:  tensor([13., 33., 23.]) , dead neurons:  tensor([26.,  0.,  0.]) , effective rank:  tensor([12.6922, 35.9702, 29.2870])
recent accuracy tensor(0.9178)
task:  69 , approximate rank:  tensor([12., 28., 17.]) , dead neurons:  tensor([28.,  6.,  1.]) , effective rank:  tensor([13.3753, 30.8852, 24.1047])
recent accuracy tensor(0.9128)
task:  70 , approximate rank:  tensor([17., 31., 18.]) , dead neurons:  tensor([22.,  0.,  0.]) , effective rank:  tensor([16.2151, 33.9526, 24.8857])
recent accuracy tensor(0.9178)
task:  71 , approximate rank:  tensor([18., 29., 17.]) , dead neurons:  tensor([31.,  1.,  0.]) , effective rank:  tensor([17.3574, 32.4674, 23.7219])
recent accuracy tensor(0.9184)
task:  72 , approximate rank:  tensor([16., 21., 10.]) , dead neurons:  tensor([29.,  7.,  0.]) , effective rank:  tensor([15.1689, 26.9699, 17.6418])
recent accuracy tensor(0.9183)
task:  73 , approximate rank:  tensor([18., 33., 17.]) , dead neurons:  tensor([24.,  0.,  0.]) , effective rank:  tensor([17.9482, 35.7334, 24.1747])
recent accuracy tensor(0.9192)
task:  74 , approximate rank:  tensor([14., 16.,  9.]) , dead neurons:  tensor([27.,  5.,  1.]) , effective rank:  tensor([14.4494, 21.8065, 15.0366])
recent accuracy tensor(0.9203)
task:  75 , approximate rank:  tensor([15., 36., 21.]) , dead neurons:  tensor([22.,  5.,  0.]) , effective rank:  tensor([15.8135, 38.2979, 27.0481])
recent accuracy tensor(0.9201)
task:  76 , approximate rank:  tensor([15., 30., 17.]) , dead neurons:  tensor([29.,  6.,  1.]) , effective rank:  tensor([15.1524, 32.6112, 23.7419])
recent accuracy tensor(0.9212)
task:  77 , approximate rank:  tensor([19., 31., 20.]) , dead neurons:  tensor([29.,  3.,  0.]) , effective rank:  tensor([18.7699, 34.4511, 27.1153])
recent accuracy tensor(0.9220)
task:  78 , approximate rank:  tensor([20., 27., 15.]) , dead neurons:  tensor([32.,  0.,  0.]) , effective rank:  tensor([19.3556, 30.9179, 22.0085])
recent accuracy tensor(0.9202)
task:  79 , approximate rank:  tensor([17., 30., 20.]) , dead neurons:  tensor([32.,  0.,  0.]) , effective rank:  tensor([16.9065, 34.0488, 26.8673])
recent accuracy tensor(0.9208)
task:  80 , approximate rank:  tensor([19., 23., 15.]) , dead neurons:  tensor([26.,  1.,  0.]) , effective rank:  tensor([17.5397, 28.7600, 22.2165])
recent accuracy tensor(0.9209)
task:  81 , approximate rank:  tensor([16., 24., 15.]) , dead neurons:  tensor([30.,  0.,  0.]) , effective rank:  tensor([16.5080, 29.2710, 22.5199])
recent accuracy tensor(0.9128)
task:  82 , approximate rank:  tensor([14., 20., 14.]) , dead neurons:  tensor([27.,  3.,  3.]) , effective rank:  tensor([13.3780, 26.0069, 21.7435])
recent accuracy tensor(0.9168)
task:  83 , approximate rank:  tensor([16., 23., 12.]) , dead neurons:  tensor([35.,  0.,  1.]) , effective rank:  tensor([15.7193, 28.3464, 19.3442])
recent accuracy tensor(0.9171)
task:  84 , approximate rank:  tensor([17., 33., 15.]) , dead neurons:  tensor([30.,  1.,  0.]) , effective rank:  tensor([15.7180, 36.9411, 22.9251])
recent accuracy tensor(0.9172)
task:  85 , approximate rank:  tensor([14., 26., 19.]) , dead neurons:  tensor([37.,  7.,  2.]) , effective rank:  tensor([14.8498, 30.0430, 25.1446])
recent accuracy tensor(0.9176)
task:  86 , approximate rank:  tensor([14., 32., 23.]) , dead neurons:  tensor([28.,  0.,  0.]) , effective rank:  tensor([13.8019, 35.9063, 29.4320])
recent accuracy tensor(0.9144)
task:  87 , approximate rank:  tensor([15., 24., 20.]) , dead neurons:  tensor([27.,  7.,  4.]) , effective rank:  tensor([15.1832, 27.8310, 25.9725])
recent accuracy tensor(0.9207)
task:  88 , approximate rank:  tensor([16., 32., 22.]) , dead neurons:  tensor([30.,  2.,  0.]) , effective rank:  tensor([16.0519, 35.2926, 28.5970])
recent accuracy tensor(0.9114)
task:  89 , approximate rank:  tensor([14., 32., 22.]) , dead neurons:  tensor([26.,  6.,  1.]) , effective rank:  tensor([14.4486, 34.0022, 29.0251])
recent accuracy tensor(0.9205)
task:  90 , approximate rank:  tensor([14., 16., 13.]) , dead neurons:  tensor([29.,  4.,  1.]) , effective rank:  tensor([12.9821, 22.5463, 20.1809])
recent accuracy tensor(0.9216)
task:  91 , approximate rank:  tensor([14., 22., 15.]) , dead neurons:  tensor([27.,  5.,  1.]) , effective rank:  tensor([13.5667, 27.6689, 22.4666])
recent accuracy tensor(0.9218)
task:  92 , approximate rank:  tensor([13., 27., 21.]) , dead neurons:  tensor([37.,  2.,  3.]) , effective rank:  tensor([13.1340, 30.8524, 27.5904])
recent accuracy tensor(0.9221)
task:  93 , approximate rank:  tensor([15., 34., 25.]) , dead neurons:  tensor([33.,  4.,  0.]) , effective rank:  tensor([14.9202, 36.4530, 30.3914])
recent accuracy tensor(0.9185)
task:  94 , approximate rank:  tensor([15., 34., 23.]) , dead neurons:  tensor([25.,  1.,  0.]) , effective rank:  tensor([15.2233, 36.3210, 28.9993])
recent accuracy tensor(0.9183)
task:  95 , approximate rank:  tensor([11., 27., 15.]) , dead neurons:  tensor([31.,  1.,  0.]) , effective rank:  tensor([12.5141, 30.6857, 21.8579])
recent accuracy tensor(0.9177)
task:  96 , approximate rank:  tensor([12., 19., 14.]) , dead neurons:  tensor([29.,  9.,  0.]) , effective rank:  tensor([12.0340, 23.9957, 20.5374])
recent accuracy tensor(0.9197)
task:  97 , approximate rank:  tensor([14., 29., 19.]) , dead neurons:  tensor([29.,  0.,  0.]) , effective rank:  tensor([14.1061, 33.0784, 25.6373])
recent accuracy tensor(0.9144)
task:  98 , approximate rank:  tensor([14., 31., 22.]) , dead neurons:  tensor([27.,  1.,  2.]) , effective rank:  tensor([14.1419, 34.3431, 28.3762])
recent accuracy tensor(0.9168)
task:  99 , approximate rank:  tensor([14., 29., 20.]) , dead neurons:  tensor([29.,  0.,  0.]) , effective rank:  tensor([14.6744, 33.0237, 26.0505])
recent accuracy tensor(0.9198)
task:  100 , approximate rank:  tensor([12., 30., 22.]) , dead neurons:  tensor([27.,  2.,  0.]) , effective rank:  tensor([12.9698, 33.5575, 27.6700])
recent accuracy tensor(0.9183)
task:  101 , approximate rank:  tensor([13., 24., 15.]) , dead neurons:  tensor([30.,  2.,  4.]) , effective rank:  tensor([12.5502, 28.1508, 22.1296])
recent accuracy tensor(0.9192)
task:  102 , approximate rank:  tensor([14., 30., 22.]) , dead neurons:  tensor([31.,  3.,  0.]) , effective rank:  tensor([13.3824, 33.2675, 27.3577])
recent accuracy tensor(0.9218)
task:  103 , approximate rank:  tensor([17., 37., 20.]) , dead neurons:  tensor([28.,  0.,  0.]) , effective rank:  tensor([17.1835, 38.3694, 27.0582])
recent accuracy tensor(0.9167)
task:  104 , approximate rank:  tensor([21., 34., 22.]) , dead neurons:  tensor([27.,  0.,  0.]) , effective rank:  tensor([18.9757, 36.5975, 27.8819])
recent accuracy tensor(0.9166)
task:  105 , approximate rank:  tensor([21., 38., 17.]) , dead neurons:  tensor([30.,  0.,  0.]) , effective rank:  tensor([20.1058, 39.4661, 24.5881])
recent accuracy tensor(0.9211)
task:  106 , approximate rank:  tensor([19., 34., 19.]) , dead neurons:  tensor([31.,  0.,  0.]) , effective rank:  tensor([18.3080, 36.6220, 25.5067])
recent accuracy tensor(0.9209)
task:  107 , approximate rank:  tensor([17., 34., 19.]) , dead neurons:  tensor([25.,  0.,  0.]) , effective rank:  tensor([17.1132, 36.5246, 25.8566])
recent accuracy tensor(0.9193)
task:  108 , approximate rank:  tensor([16., 29., 17.]) , dead neurons:  tensor([29.,  2.,  0.]) , effective rank:  tensor([16.2353, 32.9126, 24.2436])
recent accuracy tensor(0.9207)
task:  109 , approximate rank:  tensor([15., 30., 20.]) , dead neurons:  tensor([25.,  1.,  0.]) , effective rank:  tensor([15.9517, 33.2865, 26.5004])
recent accuracy tensor(0.9235)
task:  110 , approximate rank:  tensor([16., 31., 23.]) , dead neurons:  tensor([27.,  2.,  2.]) , effective rank:  tensor([16.9990, 34.8807, 29.2020])
recent accuracy tensor(0.9254)
task:  111 , approximate rank:  tensor([16., 29., 25.]) , dead neurons:  tensor([34.,  2.,  0.]) , effective rank:  tensor([15.0514, 32.6746, 30.4685])
recent accuracy tensor(0.9189)
task:  112 , approximate rank:  tensor([15., 30., 16.]) , dead neurons:  tensor([32.,  1.,  0.]) , effective rank:  tensor([14.4289, 33.7633, 23.1716])
recent accuracy tensor(0.9176)
task:  113 , approximate rank:  tensor([16., 32., 18.]) , dead neurons:  tensor([25.,  4.,  5.]) , effective rank:  tensor([15.4834, 34.4694, 24.4959])
recent accuracy tensor(0.9129)
task:  114 , approximate rank:  tensor([15., 25., 13.]) , dead neurons:  tensor([30.,  1.,  0.]) , effective rank:  tensor([15.9032, 29.9430, 19.5403])
recent accuracy tensor(0.9219)
task:  115 , approximate rank:  tensor([13., 20., 10.]) , dead neurons:  tensor([32.,  4.,  4.]) , effective rank:  tensor([12.7516, 25.5076, 17.4562])
recent accuracy tensor(0.9172)
task:  116 , approximate rank:  tensor([16., 27., 14.]) , dead neurons:  tensor([34.,  0.,  0.]) , effective rank:  tensor([15.5418, 31.5409, 21.1416])
recent accuracy tensor(0.9178)
task:  117 , approximate rank:  tensor([16., 30., 20.]) , dead neurons:  tensor([31.,  0.,  0.]) , effective rank:  tensor([15.2647, 33.4214, 26.4870])
recent accuracy tensor(0.9207)
task:  118 , approximate rank:  tensor([11., 18., 11.]) , dead neurons:  tensor([32.,  2.,  2.]) , effective rank:  tensor([11.6414, 23.8256, 18.4966])
recent accuracy tensor(0.9152)
task:  119 , approximate rank:  tensor([15., 23., 15.]) , dead neurons:  tensor([29.,  6.,  4.]) , effective rank:  tensor([14.4455, 27.2946, 21.5992])
recent accuracy tensor(0.9149)
task:  120 , approximate rank:  tensor([12., 22., 18.]) , dead neurons:  tensor([31.,  2.,  0.]) , effective rank:  tensor([12.4478, 27.1526, 24.5604])
recent accuracy tensor(0.9135)
task:  121 , approximate rank:  tensor([13., 27., 21.]) , dead neurons:  tensor([37.,  0.,  0.]) , effective rank:  tensor([12.3655, 30.5343, 27.1525])
recent accuracy tensor(0.9147)
task:  122 , approximate rank:  tensor([10., 13., 12.]) , dead neurons:  tensor([29.,  7.,  0.]) , effective rank:  tensor([10.6348, 19.2502, 18.2172])
recent accuracy tensor(0.9139)
task:  123 , approximate rank:  tensor([15., 29., 17.]) , dead neurons:  tensor([29.,  2.,  0.]) , effective rank:  tensor([14.1517, 31.7965, 24.6671])
recent accuracy tensor(0.9183)
task:  124 , approximate rank:  tensor([15., 31., 22.]) , dead neurons:  tensor([31.,  4.,  0.]) , effective rank:  tensor([14.7589, 34.5147, 28.3177])
recent accuracy tensor(0.9188)
task:  125 , approximate rank:  tensor([13., 25., 14.]) , dead neurons:  tensor([25.,  6.,  4.]) , effective rank:  tensor([13.9061, 29.1389, 21.1299])
recent accuracy tensor(0.9187)
task:  126 , approximate rank:  tensor([15., 35., 21.]) , dead neurons:  tensor([29.,  3.,  1.]) , effective rank:  tensor([15.6891, 36.9902, 26.9761])
recent accuracy tensor(0.9174)
task:  127 , approximate rank:  tensor([14., 31., 22.]) , dead neurons:  tensor([32.,  3.,  0.]) , effective rank:  tensor([14.3043, 33.7788, 28.0145])
recent accuracy tensor(0.9226)
task:  128 , approximate rank:  tensor([13., 26., 22.]) , dead neurons:  tensor([36.,  8.,  0.]) , effective rank:  tensor([12.6418, 28.9228, 27.6345])
recent accuracy tensor(0.9184)
task:  129 , approximate rank:  tensor([14., 31., 22.]) , dead neurons:  tensor([30.,  1.,  0.]) , effective rank:  tensor([14.1831, 33.6255, 27.7246])
recent accuracy tensor(0.9204)
task:  130 , approximate rank:  tensor([17., 32., 18.]) , dead neurons:  tensor([32.,  0.,  0.]) , effective rank:  tensor([15.8914, 34.9783, 25.2840])
recent accuracy tensor(0.9148)
task:  131 , approximate rank:  tensor([14., 28., 19.]) , dead neurons:  tensor([38.,  5.,  0.]) , effective rank:  tensor([13.9437, 30.8239, 25.0279])
recent accuracy tensor(0.9179)
task:  132 , approximate rank:  tensor([16., 36., 26.]) , dead neurons:  tensor([31.,  0.,  0.]) , effective rank:  tensor([16.2618, 38.1298, 31.5744])
recent accuracy tensor(0.9199)
task:  133 , approximate rank:  tensor([14., 32., 22.]) , dead neurons:  tensor([28.,  2.,  0.]) , effective rank:  tensor([14.8207, 34.7297, 28.1365])
recent accuracy tensor(0.9215)
task:  134 , approximate rank:  tensor([17., 30., 16.]) , dead neurons:  tensor([36.,  0.,  0.]) , effective rank:  tensor([15.9245, 32.6541, 22.0511])
recent accuracy tensor(0.9201)
task:  135 , approximate rank:  tensor([15., 35., 20.]) , dead neurons:  tensor([32.,  0.,  0.]) , effective rank:  tensor([15.6725, 37.6160, 27.1161])
recent accuracy tensor(0.9200)
task:  136 , approximate rank:  tensor([14., 18., 15.]) , dead neurons:  tensor([32.,  4.,  0.]) , effective rank:  tensor([13.0752, 22.5774, 22.3492])
recent accuracy tensor(0.9184)
task:  137 , approximate rank:  tensor([16., 27., 19.]) , dead neurons:  tensor([29.,  5.,  0.]) , effective rank:  tensor([15.2539, 30.2060, 25.0367])
recent accuracy tensor(0.9153)
task:  138 , approximate rank:  tensor([15., 18., 13.]) , dead neurons:  tensor([27.,  2.,  1.]) , effective rank:  tensor([13.8509, 23.0642, 20.2330])
recent accuracy tensor(0.9206)
task:  139 , approximate rank:  tensor([15., 30., 18.]) , dead neurons:  tensor([35.,  3.,  1.]) , effective rank:  tensor([14.4079, 33.1622, 25.0627])
recent accuracy tensor(0.9128)
task:  140 , approximate rank:  tensor([13., 34., 20.]) , dead neurons:  tensor([35.,  4.,  1.]) , effective rank:  tensor([14.3991, 35.3300, 26.3721])
recent accuracy tensor(0.9130)
task:  141 , approximate rank:  tensor([12., 32., 20.]) , dead neurons:  tensor([34.,  2.,  0.]) , effective rank:  tensor([12.8668, 34.8452, 27.1030])
recent accuracy tensor(0.9212)
task:  142 , approximate rank:  tensor([11., 19., 14.]) , dead neurons:  tensor([30.,  7.,  0.]) , effective rank:  tensor([11.0166, 24.0038, 21.1860])
recent accuracy tensor(0.9139)
task:  143 , approximate rank:  tensor([15., 25., 18.]) , dead neurons:  tensor([30.,  0.,  0.]) , effective rank:  tensor([14.1691, 29.4882, 24.9981])
recent accuracy tensor(0.9174)
task:  144 , approximate rank:  tensor([12., 20., 12.]) , dead neurons:  tensor([36.,  2.,  2.]) , effective rank:  tensor([11.7117, 24.9956, 18.5176])
recent accuracy tensor(0.9111)
task:  145 , approximate rank:  tensor([12., 18., 18.]) , dead neurons:  tensor([32.,  1.,  0.]) , effective rank:  tensor([12.3083, 23.3475, 24.4700])
recent accuracy tensor(0.9126)
task:  146 , approximate rank:  tensor([15., 33., 21.]) , dead neurons:  tensor([31.,  1.,  0.]) , effective rank:  tensor([14.6108, 36.0712, 27.5679])
recent accuracy tensor(0.9193)
task:  147 , approximate rank:  tensor([13., 23., 11.]) , dead neurons:  tensor([30.,  2.,  0.]) , effective rank:  tensor([13.2635, 28.0293, 18.4690])
recent accuracy tensor(0.9184)
task:  148 , approximate rank:  tensor([19., 24., 19.]) , dead neurons:  tensor([34.,  0.,  0.]) , effective rank:  tensor([16.3550, 29.1080, 25.9360])
recent accuracy tensor(0.9134)
task:  149 , approximate rank:  tensor([14., 22., 18.]) , dead neurons:  tensor([27.,  0.,  0.]) , effective rank:  tensor([14.3857, 26.9896, 24.7785])
recent accuracy tensor(0.9156)
task:  150 , approximate rank:  tensor([14., 17., 15.]) , dead neurons:  tensor([33.,  3.,  0.]) , effective rank:  tensor([13.2136, 22.5181, 21.5027])
recent accuracy tensor(0.9142)
task:  151 , approximate rank:  tensor([13., 24., 18.]) , dead neurons:  tensor([34.,  5.,  0.]) , effective rank:  tensor([13.6459, 28.4150, 24.9128])
recent accuracy tensor(0.9172)
task:  152 , approximate rank:  tensor([13., 17., 14.]) , dead neurons:  tensor([28., 10.,  6.]) , effective rank:  tensor([12.6762, 22.7012, 19.7562])
recent accuracy tensor(0.9130)
task:  153 , approximate rank:  tensor([14., 21., 16.]) , dead neurons:  tensor([32.,  6.,  1.]) , effective rank:  tensor([13.5847, 26.0170, 23.2506])
recent accuracy tensor(0.9190)
task:  154 , approximate rank:  tensor([12., 19., 14.]) , dead neurons:  tensor([24.,  3.,  0.]) , effective rank:  tensor([13.0289, 25.4928, 21.2998])
recent accuracy tensor(0.9110)
task:  155 , approximate rank:  tensor([15., 23., 17.]) , dead neurons:  tensor([30.,  6.,  0.]) , effective rank:  tensor([14.4561, 27.6296, 24.0441])
recent accuracy tensor(0.9195)
task:  156 , approximate rank:  tensor([16., 26., 17.]) , dead neurons:  tensor([37.,  3.,  0.]) , effective rank:  tensor([14.9799, 29.8027, 24.2326])
recent accuracy tensor(0.9128)
task:  157 , approximate rank:  tensor([15., 29., 23.]) , dead neurons:  tensor([26.,  1.,  0.]) , effective rank:  tensor([14.3159, 33.0928, 29.1692])
recent accuracy tensor(0.9172)
task:  158 , approximate rank:  tensor([14., 34., 24.]) , dead neurons:  tensor([31.,  4.,  0.]) , effective rank:  tensor([14.7123, 36.0386, 29.4960])
recent accuracy tensor(0.9177)
task:  159 , approximate rank:  tensor([15., 25., 22.]) , dead neurons:  tensor([31.,  6.,  0.]) , effective rank:  tensor([15.3701, 28.4261, 27.0104])
recent accuracy tensor(0.9217)
task:  160 , approximate rank:  tensor([15., 32., 17.]) , dead neurons:  tensor([23.,  0.,  0.]) , effective rank:  tensor([16.1465, 34.7812, 23.8744])
recent accuracy tensor(0.9178)
task:  161 , approximate rank:  tensor([13., 36., 19.]) , dead neurons:  tensor([33.,  4.,  0.]) , effective rank:  tensor([14.1397, 37.1073, 25.3799])
recent accuracy tensor(0.9145)
task:  162 , approximate rank:  tensor([17., 32., 21.]) , dead neurons:  tensor([27.,  1.,  0.]) , effective rank:  tensor([15.6693, 34.7157, 27.4939])
recent accuracy tensor(0.9163)
task:  163 , approximate rank:  tensor([13., 30., 14.]) , dead neurons:  tensor([32.,  4.,  0.]) , effective rank:  tensor([13.8438, 32.8278, 21.7315])
recent accuracy tensor(0.9202)
task:  164 , approximate rank:  tensor([13., 34., 16.]) , dead neurons:  tensor([23.,  3.,  0.]) , effective rank:  tensor([13.5950, 35.6084, 22.9782])
recent accuracy tensor(0.9178)
task:  165 , approximate rank:  tensor([17., 45., 30.]) , dead neurons:  tensor([27.,  0.,  0.]) , effective rank:  tensor([16.6340, 45.5699, 34.4558])
recent accuracy tensor(0.9182)
task:  166 , approximate rank:  tensor([13., 27., 24.]) , dead neurons:  tensor([26.,  7.,  0.]) , effective rank:  tensor([13.9528, 30.6088, 29.5264])
recent accuracy tensor(0.9152)
task:  167 , approximate rank:  tensor([15., 23., 23.]) , dead neurons:  tensor([33.,  0.,  0.]) , effective rank:  tensor([13.9380, 28.1413, 28.8411])
recent accuracy tensor(0.9177)
task:  168 , approximate rank:  tensor([16., 38., 17.]) , dead neurons:  tensor([28.,  1.,  0.]) , effective rank:  tensor([16.4102, 38.9364, 24.7095])
recent accuracy tensor(0.9189)
task:  169 , approximate rank:  tensor([15., 28., 16.]) , dead neurons:  tensor([26.,  1.,  0.]) , effective rank:  tensor([14.2765, 31.9667, 23.1799])
recent accuracy tensor(0.9189)
task:  170 , approximate rank:  tensor([15., 33., 23.]) , dead neurons:  tensor([33.,  0.,  0.]) , effective rank:  tensor([15.1174, 34.6511, 28.6036])
recent accuracy tensor(0.9166)
task:  171 , approximate rank:  tensor([14., 27., 17.]) , dead neurons:  tensor([27.,  5.,  1.]) , effective rank:  tensor([14.2662, 31.2181, 23.8198])
recent accuracy tensor(0.9170)
task:  172 , approximate rank:  tensor([14., 19., 15.]) , dead neurons:  tensor([28.,  1.,  0.]) , effective rank:  tensor([12.7221, 23.8789, 21.4899])
recent accuracy tensor(0.9088)
task:  173 , approximate rank:  tensor([11., 26., 23.]) , dead neurons:  tensor([32.,  6.,  1.]) , effective rank:  tensor([12.3302, 29.9683, 28.8365])
recent accuracy tensor(0.9140)
task:  174 , approximate rank:  tensor([18., 29., 17.]) , dead neurons:  tensor([23.,  1.,  0.]) , effective rank:  tensor([16.2769, 32.2939, 23.8899])
recent accuracy tensor(0.9192)
task:  175 , approximate rank:  tensor([14., 32., 18.]) , dead neurons:  tensor([23.,  4.,  0.]) , effective rank:  tensor([14.6810, 34.2940, 24.9200])
recent accuracy tensor(0.9177)
task:  176 , approximate rank:  tensor([14., 18., 15.]) , dead neurons:  tensor([26.,  9.,  0.]) , effective rank:  tensor([13.6424, 23.4395, 21.6762])
recent accuracy tensor(0.9194)
task:  177 , approximate rank:  tensor([19., 27., 16.]) , dead neurons:  tensor([26.,  0.,  0.]) , effective rank:  tensor([17.7090, 30.8211, 23.6497])
recent accuracy tensor(0.9224)
task:  178 , approximate rank:  tensor([12., 18., 14.]) , dead neurons:  tensor([28.,  3.,  0.]) , effective rank:  tensor([12.5470, 23.6257, 21.1232])
recent accuracy tensor(0.9185)
task:  179 , approximate rank:  tensor([14., 24., 20.]) , dead neurons:  tensor([30.,  1.,  1.]) , effective rank:  tensor([13.0467, 28.4950, 26.1644])
recent accuracy tensor(0.9179)
task:  180 , approximate rank:  tensor([13., 26., 20.]) , dead neurons:  tensor([27.,  6.,  1.]) , effective rank:  tensor([12.9920, 30.3395, 25.7193])
recent accuracy tensor(0.9198)
task:  181 , approximate rank:  tensor([15., 33., 25.]) , dead neurons:  tensor([27.,  0.,  0.]) , effective rank:  tensor([14.8780, 35.8423, 30.2153])
recent accuracy tensor(0.9238)
task:  182 , approximate rank:  tensor([13., 28., 18.]) , dead neurons:  tensor([32.,  7.,  0.]) , effective rank:  tensor([12.3158, 30.8761, 24.7343])
recent accuracy tensor(0.9202)
task:  183 , approximate rank:  tensor([14., 28., 18.]) , dead neurons:  tensor([23.,  8.,  0.]) , effective rank:  tensor([13.6472, 30.9568, 24.9037])
recent accuracy tensor(0.9166)
task:  184 , approximate rank:  tensor([11., 20., 14.]) , dead neurons:  tensor([32.,  8.,  0.]) , effective rank:  tensor([10.6331, 24.4983, 21.5347])
recent accuracy tensor(0.9196)
task:  185 , approximate rank:  tensor([13., 35., 20.]) , dead neurons:  tensor([23.,  1.,  0.]) , effective rank:  tensor([13.2866, 37.4567, 26.2363])
recent accuracy tensor(0.9221)
task:  186 , approximate rank:  tensor([13., 25., 17.]) , dead neurons:  tensor([22.,  2.,  1.]) , effective rank:  tensor([12.0445, 28.8222, 23.2866])
recent accuracy tensor(0.9166)
task:  187 , approximate rank:  tensor([12., 41., 24.]) , dead neurons:  tensor([26.,  3.,  0.]) , effective rank:  tensor([11.7668, 40.5650, 30.6874])
recent accuracy tensor(0.9231)
task:  188 , approximate rank:  tensor([13., 30., 21.]) , dead neurons:  tensor([28.,  4.,  0.]) , effective rank:  tensor([12.8076, 32.7864, 26.7207])
recent accuracy tensor(0.9196)
task:  189 , approximate rank:  tensor([12., 38., 24.]) , dead neurons:  tensor([33.,  3.,  0.]) , effective rank:  tensor([12.2088, 38.5981, 30.0920])
recent accuracy tensor(0.9239)
task:  190 , approximate rank:  tensor([13., 31., 20.]) , dead neurons:  tensor([31.,  3.,  0.]) , effective rank:  tensor([11.9161, 33.3808, 26.7266])
recent accuracy tensor(0.9151)
task:  191 , approximate rank:  tensor([14., 33., 23.]) , dead neurons:  tensor([26.,  2.,  0.]) , effective rank:  tensor([13.1431, 34.7147, 29.5509])
recent accuracy tensor(0.9150)
task:  192 , approximate rank:  tensor([14., 23., 18.]) , dead neurons:  tensor([34.,  3.,  0.]) , effective rank:  tensor([13.5909, 27.8057, 24.9320])
recent accuracy tensor(0.9178)
task:  193 , approximate rank:  tensor([13., 22., 15.]) , dead neurons:  tensor([26.,  4.,  0.]) , effective rank:  tensor([12.5260, 27.6325, 22.2158])
