## SLURM PROLOG ###############################################################
##    Job ID : 11359631
##  Job Name : run
##  Nodelist : gpu2258
##      CPUs : 
##  Mem/Node : 65536 MB
## Directory : /oscar/home/kguo32/ReAI-loss-of-plasticity/lop/permuted_mnist
##   Job Started : Thu May  8 04:42:38 PM EDT 2025
###############################################################################
task:  0 , approximate rank:  tensor([77., 68., 52.]) , dead neurons:  tensor([0., 0., 2.]) , effective rank:  tensor([66.8370, 59.2514, 48.1656])
recent accuracy tensor(0.9226)
task:  1 , approximate rank:  tensor([58., 58., 44.]) , dead neurons:  tensor([0., 1., 1.]) , effective rank:  tensor([55.0386, 50.8642, 41.3275])
recent accuracy tensor(0.9291)
task:  2 , approximate rank:  tensor([40., 29., 10.]) , dead neurons:  tensor([2., 1., 5.]) , effective rank:  tensor([40.7256, 33.2806, 19.0829])
recent accuracy tensor(0.9312)
task:  3 , approximate rank:  tensor([33., 36., 16.]) , dead neurons:  tensor([6., 0., 1.]) , effective rank:  tensor([34.7863, 37.7971, 24.0891])
recent accuracy tensor(0.9276)
task:  4 , approximate rank:  tensor([32., 34., 12.]) , dead neurons:  tensor([3., 1., 0.]) , effective rank:  tensor([33.6607, 36.3626, 19.8768])
recent accuracy tensor(0.9248)
task:  5 , approximate rank:  tensor([26., 29., 14.]) , dead neurons:  tensor([4., 3., 1.]) , effective rank:  tensor([26.9097, 32.7256, 22.4432])
recent accuracy tensor(0.9217)
task:  6 , approximate rank:  tensor([21., 32., 18.]) , dead neurons:  tensor([14.,  3.,  0.]) , effective rank:  tensor([23.3469, 34.6098, 25.6559])
recent accuracy tensor(0.9221)
task:  7 , approximate rank:  tensor([20., 29., 12.]) , dead neurons:  tensor([13.,  4.,  0.]) , effective rank:  tensor([22.2794, 33.0609, 20.0539])
recent accuracy tensor(0.9245)
task:  8 , approximate rank:  tensor([22., 27., 10.]) , dead neurons:  tensor([14.,  5.,  1.]) , effective rank:  tensor([23.3774, 31.0868, 18.1484])
recent accuracy tensor(0.9223)
task:  9 , approximate rank:  tensor([20., 29., 16.]) , dead neurons:  tensor([14.,  0.,  0.]) , effective rank:  tensor([22.4810, 33.1725, 24.2263])
recent accuracy tensor(0.9189)
task:  10 , approximate rank:  tensor([20., 28., 15.]) , dead neurons:  tensor([18.,  1.,  0.]) , effective rank:  tensor([22.6164, 31.4410, 22.3489])
recent accuracy tensor(0.9216)
task:  11 , approximate rank:  tensor([23., 22., 12.]) , dead neurons:  tensor([18.,  6.,  0.]) , effective rank:  tensor([23.5776, 26.9289, 19.6182])
recent accuracy tensor(0.9258)
task:  12 , approximate rank:  tensor([21., 36., 21.]) , dead neurons:  tensor([21.,  1.,  0.]) , effective rank:  tensor([21.4266, 38.3309, 28.2903])
recent accuracy tensor(0.9233)
task:  13 , approximate rank:  tensor([16., 24., 13.]) , dead neurons:  tensor([22.,  2.,  0.]) , effective rank:  tensor([16.7618, 28.3613, 20.0944])
recent accuracy tensor(0.9239)
task:  14 , approximate rank:  tensor([17., 23., 12.]) , dead neurons:  tensor([22.,  1.,  0.]) , effective rank:  tensor([18.9357, 28.6079, 19.7109])
recent accuracy tensor(0.9214)
task:  15 , approximate rank:  tensor([19., 38., 19.]) , dead neurons:  tensor([24.,  0.,  0.]) , effective rank:  tensor([20.2311, 40.7315, 26.4948])
recent accuracy tensor(0.9209)
task:  16 , approximate rank:  tensor([15., 32., 16.]) , dead neurons:  tensor([27.,  3.,  1.]) , effective rank:  tensor([16.6377, 34.7140, 23.9520])
recent accuracy tensor(0.9197)
task:  17 , approximate rank:  tensor([11., 15., 11.]) , dead neurons:  tensor([31., 17.,  4.]) , effective rank:  tensor([12.0257, 19.8927, 18.0389])
recent accuracy tensor(0.9191)
task:  18 , approximate rank:  tensor([13., 32., 17.]) , dead neurons:  tensor([26.,  0.,  0.]) , effective rank:  tensor([15.3312, 35.1714, 24.9784])
recent accuracy tensor(0.9207)
task:  19 , approximate rank:  tensor([15., 31., 18.]) , dead neurons:  tensor([20.,  1.,  0.]) , effective rank:  tensor([16.5604, 33.9204, 24.6933])
recent accuracy tensor(0.9153)
task:  20 , approximate rank:  tensor([13., 29., 19.]) , dead neurons:  tensor([26.,  9.,  0.]) , effective rank:  tensor([13.9504, 32.0038, 25.4747])
recent accuracy tensor(0.9177)
task:  21 , approximate rank:  tensor([16., 34., 20.]) , dead neurons:  tensor([23.,  0.,  0.]) , effective rank:  tensor([15.3643, 36.6160, 27.0581])
recent accuracy tensor(0.9168)
task:  22 , approximate rank:  tensor([15., 28., 17.]) , dead neurons:  tensor([25.,  1.,  0.]) , effective rank:  tensor([14.7128, 31.9264, 24.8271])
recent accuracy tensor(0.9205)
task:  23 , approximate rank:  tensor([14., 26., 16.]) , dead neurons:  tensor([21.,  5.,  0.]) , effective rank:  tensor([15.3278, 29.5986, 23.2633])
recent accuracy tensor(0.9168)
task:  24 , approximate rank:  tensor([14., 28., 15.]) , dead neurons:  tensor([25.,  5.,  0.]) , effective rank:  tensor([15.2811, 31.3419, 22.6345])
recent accuracy tensor(0.9263)
task:  25 , approximate rank:  tensor([16., 35., 20.]) , dead neurons:  tensor([28.,  0.,  0.]) , effective rank:  tensor([16.3013, 36.7782, 26.6385])
recent accuracy tensor(0.9180)
task:  26 , approximate rank:  tensor([14., 29., 19.]) , dead neurons:  tensor([21.,  3.,  0.]) , effective rank:  tensor([14.8381, 32.3892, 25.2561])
recent accuracy tensor(0.9203)
task:  27 , approximate rank:  tensor([12., 28., 19.]) , dead neurons:  tensor([28.,  3.,  0.]) , effective rank:  tensor([14.4163, 32.0130, 25.8770])
recent accuracy tensor(0.9222)
task:  28 , approximate rank:  tensor([14., 25., 17.]) , dead neurons:  tensor([20.,  5.,  1.]) , effective rank:  tensor([14.9219, 29.3843, 23.6821])
recent accuracy tensor(0.9181)
task:  29 , approximate rank:  tensor([19., 35., 24.]) , dead neurons:  tensor([20.,  1.,  0.]) , effective rank:  tensor([18.9087, 37.6240, 30.0174])
recent accuracy tensor(0.9214)
task:  30 , approximate rank:  tensor([15., 21., 14.]) , dead neurons:  tensor([23.,  7.,  0.]) , effective rank:  tensor([13.9497, 26.7744, 21.1261])
recent accuracy tensor(0.9201)
task:  31 , approximate rank:  tensor([16., 33., 22.]) , dead neurons:  tensor([24.,  0.,  0.]) , effective rank:  tensor([15.4753, 36.8386, 28.6850])
recent accuracy tensor(0.9193)
task:  32 , approximate rank:  tensor([11., 26., 22.]) , dead neurons:  tensor([19.,  6.,  1.]) , effective rank:  tensor([12.4110, 29.8126, 28.3005])
recent accuracy tensor(0.9151)
task:  33 , approximate rank:  tensor([13., 23., 18.]) , dead neurons:  tensor([22.,  8.,  0.]) , effective rank:  tensor([13.0923, 27.0520, 24.7701])
recent accuracy tensor(0.9205)
task:  34 , approximate rank:  tensor([15., 26., 16.]) , dead neurons:  tensor([24.,  5.,  0.]) , effective rank:  tensor([16.2081, 31.1610, 23.3952])
recent accuracy tensor(0.9206)
task:  35 , approximate rank:  tensor([14., 11.,  8.]) , dead neurons:  tensor([27.,  4.,  2.]) , effective rank:  tensor([13.8060, 17.5233, 14.5888])
recent accuracy tensor(0.9175)
task:  36 , approximate rank:  tensor([18., 30., 19.]) , dead neurons:  tensor([21.,  0.,  0.]) , effective rank:  tensor([18.0394, 33.2217, 25.9813])
recent accuracy tensor(0.9180)
task:  37 , approximate rank:  tensor([17., 28., 20.]) , dead neurons:  tensor([28.,  4.,  0.]) , effective rank:  tensor([15.8786, 31.7269, 27.2726])
recent accuracy tensor(0.9191)
task:  38 , approximate rank:  tensor([15., 25., 19.]) , dead neurons:  tensor([21.,  0.,  0.]) , effective rank:  tensor([15.3536, 30.0853, 26.2194])
recent accuracy tensor(0.9214)
task:  39 , approximate rank:  tensor([13., 24., 16.]) , dead neurons:  tensor([30.,  6.,  1.]) , effective rank:  tensor([15.0002, 28.2837, 23.1503])
recent accuracy tensor(0.9193)
task:  40 , approximate rank:  tensor([15., 31., 18.]) , dead neurons:  tensor([21.,  2.,  0.]) , effective rank:  tensor([15.5659, 34.2858, 25.3845])
recent accuracy tensor(0.9153)
task:  41 , approximate rank:  tensor([17., 32., 15.]) , dead neurons:  tensor([20.,  0.,  1.]) , effective rank:  tensor([18.0036, 34.9807, 22.4098])
recent accuracy tensor(0.9174)
task:  42 , approximate rank:  tensor([20., 28., 17.]) , dead neurons:  tensor([24.,  0.,  0.]) , effective rank:  tensor([19.7809, 32.2377, 24.0276])
recent accuracy tensor(0.9239)
task:  43 , approximate rank:  tensor([18., 23., 12.]) , dead neurons:  tensor([21.,  3.,  1.]) , effective rank:  tensor([17.8238, 28.5102, 20.1720])
recent accuracy tensor(0.9134)
task:  44 , approximate rank:  tensor([16., 21., 14.]) , dead neurons:  tensor([25.,  8.,  2.]) , effective rank:  tensor([16.3246, 25.8989, 21.6032])
recent accuracy tensor(0.9185)
task:  45 , approximate rank:  tensor([19., 29., 14.]) , dead neurons:  tensor([22.,  0.,  0.]) , effective rank:  tensor([20.7535, 32.6216, 21.4251])
recent accuracy tensor(0.9229)
task:  46 , approximate rank:  tensor([18., 19.,  8.]) , dead neurons:  tensor([26.,  0.,  0.]) , effective rank:  tensor([17.1954, 26.0188, 14.4454])
recent accuracy tensor(0.9170)
task:  47 , approximate rank:  tensor([17., 30., 19.]) , dead neurons:  tensor([21.,  1.,  0.]) , effective rank:  tensor([17.3804, 33.7217, 26.2820])
recent accuracy tensor(0.9181)
task:  48 , approximate rank:  tensor([21., 33., 15.]) , dead neurons:  tensor([22.,  0.,  0.]) , effective rank:  tensor([20.8197, 36.0519, 22.4963])
recent accuracy tensor(0.9186)
task:  49 , approximate rank:  tensor([17., 13.,  9.]) , dead neurons:  tensor([22.,  1.,  1.]) , effective rank:  tensor([17.6174, 19.7220, 16.2194])
recent accuracy tensor(0.9192)
task:  50 , approximate rank:  tensor([23., 31., 16.]) , dead neurons:  tensor([19.,  0.,  0.]) , effective rank:  tensor([23.0581, 35.1155, 23.5762])
recent accuracy tensor(0.9218)
task:  51 , approximate rank:  tensor([19., 23., 14.]) , dead neurons:  tensor([25.,  0.,  0.]) , effective rank:  tensor([19.0680, 29.1770, 20.9886])
recent accuracy tensor(0.9165)
task:  52 , approximate rank:  tensor([19., 29., 14.]) , dead neurons:  tensor([24.,  1.,  0.]) , effective rank:  tensor([19.8751, 32.6125, 21.4773])
recent accuracy tensor(0.9236)
task:  53 , approximate rank:  tensor([17., 24., 12.]) , dead neurons:  tensor([28.,  2.,  1.]) , effective rank:  tensor([18.1488, 28.7664, 18.8517])
recent accuracy tensor(0.9231)
task:  54 , approximate rank:  tensor([20., 28., 15.]) , dead neurons:  tensor([26.,  1.,  0.]) , effective rank:  tensor([19.9087, 32.1775, 22.3153])
recent accuracy tensor(0.9188)
task:  55 , approximate rank:  tensor([16., 27., 11.]) , dead neurons:  tensor([24.,  0.,  0.]) , effective rank:  tensor([17.6207, 32.4269, 18.0360])
recent accuracy tensor(0.9195)
task:  56 , approximate rank:  tensor([19., 26., 15.]) , dead neurons:  tensor([27.,  0.,  0.]) , effective rank:  tensor([18.9945, 32.1530, 22.0984])
recent accuracy tensor(0.9208)
task:  57 , approximate rank:  tensor([20., 30., 17.]) , dead neurons:  tensor([28.,  0.,  1.]) , effective rank:  tensor([19.9051, 34.6994, 23.8854])
recent accuracy tensor(0.9160)
task:  58 , approximate rank:  tensor([14., 18., 12.]) , dead neurons:  tensor([27.,  3.,  2.]) , effective rank:  tensor([15.0646, 24.4711, 19.1173])
recent accuracy tensor(0.9169)
task:  59 , approximate rank:  tensor([19., 27., 15.]) , dead neurons:  tensor([29.,  0.,  0.]) , effective rank:  tensor([18.9394, 31.4095, 22.3818])
recent accuracy tensor(0.9159)
task:  60 , approximate rank:  tensor([16., 29., 19.]) , dead neurons:  tensor([26.,  0.,  0.]) , effective rank:  tensor([17.6541, 33.3056, 25.5868])
recent accuracy tensor(0.9179)
task:  61 , approximate rank:  tensor([15., 17., 13.]) , dead neurons:  tensor([24.,  3.,  1.]) , effective rank:  tensor([15.3479, 22.4143, 20.3082])
recent accuracy tensor(0.9140)
task:  62 , approximate rank:  tensor([16., 14.,  9.]) , dead neurons:  tensor([31.,  2.,  0.]) , effective rank:  tensor([14.6578, 20.4072, 15.9557])
recent accuracy tensor(0.9212)
task:  63 , approximate rank:  tensor([17., 27., 19.]) , dead neurons:  tensor([32.,  1.,  0.]) , effective rank:  tensor([17.3341, 31.1831, 25.1267])
recent accuracy tensor(0.9172)
task:  64 , approximate rank:  tensor([12., 17., 16.]) , dead neurons:  tensor([26.,  3.,  0.]) , effective rank:  tensor([12.1644, 22.6597, 22.1950])
recent accuracy tensor(0.9149)
task:  65 , approximate rank:  tensor([15., 25., 21.]) , dead neurons:  tensor([22.,  0.,  0.]) , effective rank:  tensor([14.2514, 29.0812, 27.6578])
recent accuracy tensor(0.9198)
task:  66 , approximate rank:  tensor([16., 23., 14.]) , dead neurons:  tensor([28.,  2.,  0.]) , effective rank:  tensor([14.0464, 26.9054, 21.4214])
recent accuracy tensor(0.9091)
task:  67 , approximate rank:  tensor([13., 21., 11.]) , dead neurons:  tensor([25.,  1.,  0.]) , effective rank:  tensor([14.5333, 26.7806, 18.6686])
recent accuracy tensor(0.9181)
task:  68 , approximate rank:  tensor([16., 25., 18.]) , dead neurons:  tensor([22.,  4.,  0.]) , effective rank:  tensor([16.4621, 29.5156, 24.9971])
recent accuracy tensor(0.9170)
task:  69 , approximate rank:  tensor([16., 27., 17.]) , dead neurons:  tensor([33.,  1.,  0.]) , effective rank:  tensor([16.5340, 31.9545, 23.8958])
recent accuracy tensor(0.9111)
task:  70 , approximate rank:  tensor([12., 25., 18.]) , dead neurons:  tensor([26.,  4.,  1.]) , effective rank:  tensor([12.8319, 29.0161, 24.9275])
recent accuracy tensor(0.9181)
task:  71 , approximate rank:  tensor([14., 36., 20.]) , dead neurons:  tensor([24.,  1.,  0.]) , effective rank:  tensor([15.6599, 38.1502, 26.9541])
recent accuracy tensor(0.9200)
task:  72 , approximate rank:  tensor([17., 33., 16.]) , dead neurons:  tensor([23.,  0.,  0.]) , effective rank:  tensor([16.9959, 35.1125, 23.7555])
recent accuracy tensor(0.9181)
task:  73 , approximate rank:  tensor([18., 25., 20.]) , dead neurons:  tensor([28.,  0.,  0.]) , effective rank:  tensor([17.7778, 29.7716, 26.0677])
recent accuracy tensor(0.9198)
task:  74 , approximate rank:  tensor([14., 17., 13.]) , dead neurons:  tensor([28.,  8.,  1.]) , effective rank:  tensor([13.6148, 22.0323, 20.3608])
recent accuracy tensor(0.9173)
task:  75 , approximate rank:  tensor([18., 26., 14.]) , dead neurons:  tensor([22.,  0.,  0.]) , effective rank:  tensor([17.9228, 30.9390, 20.9089])
recent accuracy tensor(0.9209)
task:  76 , approximate rank:  tensor([19., 31., 18.]) , dead neurons:  tensor([26.,  0.,  0.]) , effective rank:  tensor([17.8721, 33.8839, 25.4154])
recent accuracy tensor(0.9189)
task:  77 , approximate rank:  tensor([16., 27., 17.]) , dead neurons:  tensor([28.,  1.,  1.]) , effective rank:  tensor([15.5397, 31.3514, 24.3696])
recent accuracy tensor(0.9161)
task:  78 , approximate rank:  tensor([16., 39., 22.]) , dead neurons:  tensor([27.,  1.,  1.]) , effective rank:  tensor([16.8746, 40.3724, 28.3590])
recent accuracy tensor(0.9224)
task:  79 , approximate rank:  tensor([15., 27., 18.]) , dead neurons:  tensor([26.,  4.,  1.]) , effective rank:  tensor([15.2251, 30.0660, 24.9958])
recent accuracy tensor(0.9165)
task:  80 , approximate rank:  tensor([17., 20., 16.]) , dead neurons:  tensor([30.,  5.,  0.]) , effective rank:  tensor([16.3175, 25.1136, 22.7478])
recent accuracy tensor(0.9179)
task:  81 , approximate rank:  tensor([20., 25., 20.]) , dead neurons:  tensor([25.,  0.,  1.]) , effective rank:  tensor([19.2785, 29.7141, 26.8047])
recent accuracy tensor(0.9201)
task:  82 , approximate rank:  tensor([17., 27., 21.]) , dead neurons:  tensor([33.,  3.,  1.]) , effective rank:  tensor([17.4209, 30.6053, 28.3720])
recent accuracy tensor(0.9157)
task:  83 , approximate rank:  tensor([14., 25., 16.]) , dead neurons:  tensor([33., 13.,  1.]) , effective rank:  tensor([13.2475, 27.1662, 22.8308])
recent accuracy tensor(0.9175)
task:  84 , approximate rank:  tensor([18., 30., 17.]) , dead neurons:  tensor([21.,  1.,  0.]) , effective rank:  tensor([17.2078, 33.8029, 24.3270])
recent accuracy tensor(0.9166)
task:  85 , approximate rank:  tensor([16., 31., 20.]) , dead neurons:  tensor([28.,  4.,  0.]) , effective rank:  tensor([15.7780, 33.1799, 27.1685])
recent accuracy tensor(0.9131)
task:  86 , approximate rank:  tensor([16., 22., 19.]) , dead neurons:  tensor([32.,  4.,  0.]) , effective rank:  tensor([16.0204, 27.0944, 25.7487])
recent accuracy tensor(0.9171)
task:  87 , approximate rank:  tensor([13., 23., 15.]) , dead neurons:  tensor([28.,  3.,  0.]) , effective rank:  tensor([13.7366, 27.3687, 21.7889])
recent accuracy tensor(0.9164)
task:  88 , approximate rank:  tensor([17., 22., 17.]) , dead neurons:  tensor([28.,  2.,  1.]) , effective rank:  tensor([16.1331, 26.4449, 24.0970])
recent accuracy tensor(0.9126)
task:  89 , approximate rank:  tensor([10., 13.,  7.]) , dead neurons:  tensor([25., 15.,  5.]) , effective rank:  tensor([10.7810, 17.7452, 13.4556])
recent accuracy tensor(0.9108)
task:  90 , approximate rank:  tensor([16., 29., 21.]) , dead neurons:  tensor([28.,  1.,  0.]) , effective rank:  tensor([16.5237, 32.1945, 28.5441])
recent accuracy tensor(0.9126)
task:  91 , approximate rank:  tensor([18., 29., 21.]) , dead neurons:  tensor([25.,  2.,  1.]) , effective rank:  tensor([17.4726, 30.5423, 27.4450])
recent accuracy tensor(0.9149)
task:  92 , approximate rank:  tensor([20., 38., 19.]) , dead neurons:  tensor([24.,  0.,  0.]) , effective rank:  tensor([19.6546, 38.9668, 26.1780])
recent accuracy tensor(0.9171)
task:  93 , approximate rank:  tensor([16., 24., 16.]) , dead neurons:  tensor([18.,  2.,  2.]) , effective rank:  tensor([15.8428, 28.0111, 22.3326])
recent accuracy tensor(0.9191)
task:  94 , approximate rank:  tensor([17., 30., 21.]) , dead neurons:  tensor([29.,  6.,  1.]) , effective rank:  tensor([16.5481, 32.2678, 26.9841])
recent accuracy tensor(0.9173)
task:  95 , approximate rank:  tensor([16., 23., 13.]) , dead neurons:  tensor([25.,  0.,  2.]) , effective rank:  tensor([16.3573, 27.7517, 20.0006])
recent accuracy tensor(0.9163)
task:  96 , approximate rank:  tensor([16., 27., 16.]) , dead neurons:  tensor([27.,  1.,  0.]) , effective rank:  tensor([16.8400, 30.9990, 23.9300])
recent accuracy tensor(0.9192)
task:  97 , approximate rank:  tensor([14., 21., 14.]) , dead neurons:  tensor([36.,  4.,  0.]) , effective rank:  tensor([14.0917, 25.8049, 21.1643])
recent accuracy tensor(0.9205)
task:  98 , approximate rank:  tensor([16., 23., 18.]) , dead neurons:  tensor([30.,  3.,  0.]) , effective rank:  tensor([14.7017, 27.8331, 24.8810])
recent accuracy tensor(0.9202)
task:  99 , approximate rank:  tensor([17., 28., 22.]) , dead neurons:  tensor([33.,  0.,  0.]) , effective rank:  tensor([16.7319, 31.6142, 27.2526])
recent accuracy tensor(0.9209)
task:  100 , approximate rank:  tensor([12., 17., 10.]) , dead neurons:  tensor([33.,  6.,  1.]) , effective rank:  tensor([11.6784, 21.6769, 17.7477])
recent accuracy tensor(0.9189)
task:  101 , approximate rank:  tensor([13., 32., 23.]) , dead neurons:  tensor([33.,  3.,  0.]) , effective rank:  tensor([13.3368, 35.3041, 29.4313])
recent accuracy tensor(0.9167)
task:  102 , approximate rank:  tensor([13., 25., 19.]) , dead neurons:  tensor([37.,  3.,  0.]) , effective rank:  tensor([12.9690, 28.6097, 25.3871])
recent accuracy tensor(0.9129)
task:  103 , approximate rank:  tensor([13., 26., 15.]) , dead neurons:  tensor([36.,  4.,  0.]) , effective rank:  tensor([12.9041, 29.4174, 22.3153])
recent accuracy tensor(0.9115)
task:  104 , approximate rank:  tensor([15., 34., 27.]) , dead neurons:  tensor([33.,  2.,  0.]) , effective rank:  tensor([14.4291, 36.1605, 32.2120])
recent accuracy tensor(0.9199)
task:  105 , approximate rank:  tensor([17., 34., 21.]) , dead neurons:  tensor([29.,  1.,  0.]) , effective rank:  tensor([15.6804, 36.3673, 27.7244])
recent accuracy tensor(0.9100)
task:  106 , approximate rank:  tensor([12., 16., 14.]) , dead neurons:  tensor([29.,  9.,  0.]) , effective rank:  tensor([11.9795, 21.1357, 21.2855])
recent accuracy tensor(0.9107)
task:  107 , approximate rank:  tensor([13., 26., 19.]) , dead neurons:  tensor([26.,  2.,  0.]) , effective rank:  tensor([13.9670, 29.5587, 25.3971])
recent accuracy tensor(0.9167)
task:  108 , approximate rank:  tensor([15., 25., 18.]) , dead neurons:  tensor([24.,  3.,  1.]) , effective rank:  tensor([15.2615, 28.5995, 24.7793])
recent accuracy tensor(0.9200)
task:  109 , approximate rank:  tensor([16., 23., 17.]) , dead neurons:  tensor([35.,  2.,  0.]) , effective rank:  tensor([15.2207, 27.9942, 24.5423])
recent accuracy tensor(0.9189)
task:  110 , approximate rank:  tensor([13., 20., 15.]) , dead neurons:  tensor([27., 10.,  2.]) , effective rank:  tensor([13.7831, 24.9302, 21.5755])
recent accuracy tensor(0.9189)
task:  111 , approximate rank:  tensor([13., 27., 18.]) , dead neurons:  tensor([20.,  4.,  0.]) , effective rank:  tensor([13.6963, 30.4489, 25.7178])
recent accuracy tensor(0.9111)
task:  112 , approximate rank:  tensor([14., 25., 20.]) , dead neurons:  tensor([27.,  1.,  0.]) , effective rank:  tensor([13.5253, 29.8121, 26.2735])
recent accuracy tensor(0.9197)
task:  113 , approximate rank:  tensor([14., 22., 18.]) , dead neurons:  tensor([29.,  9.,  0.]) , effective rank:  tensor([12.9401, 25.5779, 25.1792])
recent accuracy tensor(0.9182)
task:  114 , approximate rank:  tensor([13., 23., 16.]) , dead neurons:  tensor([31.,  6.,  1.]) , effective rank:  tensor([12.3317, 27.3388, 23.4489])
recent accuracy tensor(0.9169)
task:  115 , approximate rank:  tensor([15., 25., 19.]) , dead neurons:  tensor([32.,  6.,  0.]) , effective rank:  tensor([13.5297, 28.1154, 25.5478])
recent accuracy tensor(0.9189)
task:  116 , approximate rank:  tensor([15., 30., 25.]) , dead neurons:  tensor([33.,  6.,  0.]) , effective rank:  tensor([13.8068, 33.4894, 31.1030])
recent accuracy tensor(0.9180)
task:  117 , approximate rank:  tensor([13., 27., 17.]) , dead neurons:  tensor([31.,  2.,  0.]) , effective rank:  tensor([12.5589, 30.3696, 24.9820])
recent accuracy tensor(0.9176)
task:  118 , approximate rank:  tensor([14., 26., 20.]) , dead neurons:  tensor([27.,  5.,  0.]) , effective rank:  tensor([14.0317, 29.8138, 26.3201])
recent accuracy tensor(0.9175)
task:  119 , approximate rank:  tensor([14., 26., 22.]) , dead neurons:  tensor([30.,  6.,  1.]) , effective rank:  tensor([13.7687, 29.7090, 28.6921])
recent accuracy tensor(0.9199)
task:  120 , approximate rank:  tensor([15., 30., 20.]) , dead neurons:  tensor([25.,  1.,  0.]) , effective rank:  tensor([15.3853, 33.0830, 27.2032])
recent accuracy tensor(0.9126)
task:  121 , approximate rank:  tensor([11., 11., 11.]) , dead neurons:  tensor([32.,  2.,  2.]) , effective rank:  tensor([11.1635, 16.9602, 17.9078])
recent accuracy tensor(0.9152)
task:  122 , approximate rank:  tensor([17., 32., 19.]) , dead neurons:  tensor([28.,  0.,  0.]) , effective rank:  tensor([18.1838, 34.8411, 26.5012])
recent accuracy tensor(0.9146)
task:  123 , approximate rank:  tensor([19., 33., 19.]) , dead neurons:  tensor([27.,  1.,  0.]) , effective rank:  tensor([17.9462, 36.5636, 26.4314])
recent accuracy tensor(0.9180)
task:  124 , approximate rank:  tensor([18., 30., 18.]) , dead neurons:  tensor([30.,  0.,  0.]) , effective rank:  tensor([18.0187, 34.0560, 25.7322])
recent accuracy tensor(0.9235)
task:  125 , approximate rank:  tensor([14., 33., 22.]) , dead neurons:  tensor([36.,  2.,  0.]) , effective rank:  tensor([14.9819, 36.1462, 29.0920])
recent accuracy tensor(0.9142)
task:  126 , approximate rank:  tensor([14., 22., 15.]) , dead neurons:  tensor([29.,  0.,  0.]) , effective rank:  tensor([13.8987, 27.8670, 22.2970])
recent accuracy tensor(0.9145)
task:  127 , approximate rank:  tensor([17., 21., 13.]) , dead neurons:  tensor([30.,  2.,  1.]) , effective rank:  tensor([16.2868, 26.5851, 20.7870])
recent accuracy tensor(0.9224)
task:  128 , approximate rank:  tensor([14., 20., 13.]) , dead neurons:  tensor([30.,  5.,  4.]) , effective rank:  tensor([13.8377, 25.7837, 19.6269])
recent accuracy tensor(0.9175)
task:  129 , approximate rank:  tensor([15., 18., 15.]) , dead neurons:  tensor([28.,  4.,  1.]) , effective rank:  tensor([13.9075, 23.9832, 21.7242])
recent accuracy tensor(0.9193)
task:  130 , approximate rank:  tensor([13., 16., 12.]) , dead neurons:  tensor([38.,  2.,  0.]) , effective rank:  tensor([13.4375, 21.2017, 19.1906])
recent accuracy tensor(0.9197)
task:  131 , approximate rank:  tensor([14., 28., 18.]) , dead neurons:  tensor([27.,  0.,  0.]) , effective rank:  tensor([14.2659, 32.3252, 25.2791])
recent accuracy tensor(0.9204)
task:  132 , approximate rank:  tensor([16., 24., 17.]) , dead neurons:  tensor([26.,  0.,  0.]) , effective rank:  tensor([15.9134, 28.3219, 24.5017])
recent accuracy tensor(0.9166)
task:  133 , approximate rank:  tensor([16., 30., 19.]) , dead neurons:  tensor([19.,  4.,  0.]) , effective rank:  tensor([16.2840, 32.4183, 25.7369])
recent accuracy tensor(0.9160)
task:  134 , approximate rank:  tensor([13., 17., 16.]) , dead neurons:  tensor([23.,  6.,  0.]) , effective rank:  tensor([13.2486, 22.5969, 22.5213])
recent accuracy tensor(0.9162)
task:  135 , approximate rank:  tensor([14., 26., 13.]) , dead neurons:  tensor([31.,  4.,  1.]) , effective rank:  tensor([14.5000, 29.3810, 20.1862])
recent accuracy tensor(0.9126)
task:  136 , approximate rank:  tensor([11., 25., 13.]) , dead neurons:  tensor([35.,  4.,  0.]) , effective rank:  tensor([12.9824, 28.9085, 20.5750])
recent accuracy tensor(0.9171)
task:  137 , approximate rank:  tensor([12., 28., 18.]) , dead neurons:  tensor([24.,  2.,  0.]) , effective rank:  tensor([12.7301, 30.7357, 24.9953])
recent accuracy tensor(0.9173)
task:  138 , approximate rank:  tensor([17., 35., 22.]) , dead neurons:  tensor([30.,  2.,  0.]) , effective rank:  tensor([16.3649, 38.0168, 28.8782])
recent accuracy tensor(0.9221)
task:  139 , approximate rank:  tensor([14., 28., 16.]) , dead neurons:  tensor([31.,  5.,  1.]) , effective rank:  tensor([14.9848, 30.4865, 23.0691])
recent accuracy tensor(0.9187)
task:  140 , approximate rank:  tensor([16., 37., 21.]) , dead neurons:  tensor([34.,  0.,  0.]) , effective rank:  tensor([16.9392, 38.7138, 28.0160])
recent accuracy tensor(0.9218)
task:  141 , approximate rank:  tensor([16., 37., 25.]) , dead neurons:  tensor([34.,  1.,  1.]) , effective rank:  tensor([15.4422, 38.9367, 30.5800])
recent accuracy tensor(0.9179)
task:  142 , approximate rank:  tensor([17., 32., 19.]) , dead neurons:  tensor([36.,  0.,  0.]) , effective rank:  tensor([15.2021, 34.5293, 26.0406])
recent accuracy tensor(0.9193)
task:  143 , approximate rank:  tensor([15., 21., 19.]) , dead neurons:  tensor([36.,  2.,  1.]) , effective rank:  tensor([14.1345, 26.1959, 25.2058])
recent accuracy tensor(0.9160)
task:  144 , approximate rank:  tensor([15., 25., 20.]) , dead neurons:  tensor([39.,  0.,  0.]) , effective rank:  tensor([13.6948, 30.4203, 26.7812])
recent accuracy tensor(0.9162)
task:  145 , approximate rank:  tensor([14., 29., 19.]) , dead neurons:  tensor([38.,  0.,  0.]) , effective rank:  tensor([13.3100, 32.8925, 25.2656])
recent accuracy tensor(0.9155)
task:  146 , approximate rank:  tensor([15., 38., 22.]) , dead neurons:  tensor([30.,  0.,  0.]) , effective rank:  tensor([15.5251, 39.9934, 28.2245])
recent accuracy tensor(0.9180)
task:  147 , approximate rank:  tensor([16., 37., 21.]) , dead neurons:  tensor([36.,  0.,  0.]) , effective rank:  tensor([15.1215, 38.7588, 27.8845])
recent accuracy tensor(0.9154)
task:  148 , approximate rank:  tensor([14., 36., 20.]) , dead neurons:  tensor([35.,  1.,  0.]) , effective rank:  tensor([14.0328, 38.1070, 26.8607])
recent accuracy tensor(0.9229)
task:  149 , approximate rank:  tensor([14., 28., 19.]) , dead neurons:  tensor([35.,  1.,  1.]) , effective rank:  tensor([13.4051, 32.7719, 25.5407])
recent accuracy tensor(0.9175)
task:  150 , approximate rank:  tensor([11., 24., 20.]) , dead neurons:  tensor([39.,  1.,  0.]) , effective rank:  tensor([11.1379, 28.7476, 26.6231])
recent accuracy tensor(0.9179)
task:  151 , approximate rank:  tensor([15., 33., 23.]) , dead neurons:  tensor([36.,  0.,  0.]) , effective rank:  tensor([13.4845, 35.3583, 28.8172])
recent accuracy tensor(0.9201)
task:  152 , approximate rank:  tensor([13., 38., 27.]) , dead neurons:  tensor([35.,  1.,  1.]) , effective rank:  tensor([13.5093, 39.0795, 32.2648])
recent accuracy tensor(0.9187)
task:  153 , approximate rank:  tensor([12., 30., 20.]) , dead neurons:  tensor([31.,  2.,  0.]) , effective rank:  tensor([10.9397, 33.3918, 26.6802])
recent accuracy tensor(0.9110)
task:  154 , approximate rank:  tensor([10., 18., 15.]) , dead neurons:  tensor([37.,  8.,  0.]) , effective rank:  tensor([ 9.4243, 23.9626, 21.6128])
recent accuracy tensor(0.9063)
task:  155 , approximate rank:  tensor([10., 26., 18.]) , dead neurons:  tensor([35.,  8.,  2.]) , effective rank:  tensor([10.4740, 29.1549, 25.2259])
recent accuracy tensor(0.9079)
task:  156 , approximate rank:  tensor([12., 30., 24.]) , dead neurons:  tensor([37.,  7.,  0.]) , effective rank:  tensor([11.9801, 32.7768, 30.1819])
recent accuracy tensor(0.9159)
task:  157 , approximate rank:  tensor([12., 30., 26.]) , dead neurons:  tensor([35.,  2.,  0.]) , effective rank:  tensor([12.4051, 33.6367, 31.6225])
recent accuracy tensor(0.9124)
task:  158 , approximate rank:  tensor([13., 33., 21.]) , dead neurons:  tensor([34., 10.,  0.]) , effective rank:  tensor([11.3324, 34.5790, 28.2622])
recent accuracy tensor(0.9095)
task:  159 , approximate rank:  tensor([11., 24., 18.]) , dead neurons:  tensor([36.,  6.,  0.]) , effective rank:  tensor([10.7068, 28.6206, 24.9148])
recent accuracy tensor(0.9132)
task:  160 , approximate rank:  tensor([13., 36., 23.]) , dead neurons:  tensor([34.,  1.,  0.]) , effective rank:  tensor([13.5800, 39.2140, 30.1432])
recent accuracy tensor(0.9184)
task:  161 , approximate rank:  tensor([12., 26., 18.]) , dead neurons:  tensor([34.,  2.,  0.]) , effective rank:  tensor([12.4884, 30.1918, 25.7503])
recent accuracy tensor(0.9211)
task:  162 , approximate rank:  tensor([14., 30., 22.]) , dead neurons:  tensor([34.,  1.,  0.]) , effective rank:  tensor([14.2692, 33.7469, 28.0028])
recent accuracy tensor(0.9135)
task:  163 , approximate rank:  tensor([13., 27., 22.]) , dead neurons:  tensor([29.,  0.,  0.]) , effective rank:  tensor([12.2176, 31.8338, 28.3922])
recent accuracy tensor(0.9161)
task:  164 , approximate rank:  tensor([10., 21., 14.]) , dead neurons:  tensor([32.,  1.,  0.]) , effective rank:  tensor([10.2251, 27.0472, 20.9571])
recent accuracy tensor(0.9167)
task:  165 , approximate rank:  tensor([12., 28., 20.]) , dead neurons:  tensor([35.,  1.,  0.]) , effective rank:  tensor([12.7844, 32.5796, 26.6511])
recent accuracy tensor(0.9167)
task:  166 , approximate rank:  tensor([10., 29., 21.]) , dead neurons:  tensor([35.,  4.,  0.]) , effective rank:  tensor([11.6878, 33.0906, 28.0332])
recent accuracy tensor(0.9129)
task:  167 , approximate rank:  tensor([12., 32., 19.]) , dead neurons:  tensor([35.,  1.,  1.]) , effective rank:  tensor([11.8885, 34.0361, 26.7511])
recent accuracy tensor(0.9128)
task:  168 , approximate rank:  tensor([13., 26., 15.]) , dead neurons:  tensor([39.,  0.,  0.]) , effective rank:  tensor([11.5654, 30.1617, 22.2729])
recent accuracy tensor(0.9181)
task:  169 , approximate rank:  tensor([12., 31., 23.]) , dead neurons:  tensor([29.,  2.,  0.]) , effective rank:  tensor([12.7071, 34.9970, 29.4958])
recent accuracy tensor(0.9156)
task:  170 , approximate rank:  tensor([13., 27., 20.]) , dead neurons:  tensor([31.,  2.,  0.]) , effective rank:  tensor([13.3304, 30.1461, 27.1833])
recent accuracy tensor(0.9146)
task:  171 , approximate rank:  tensor([14., 24., 20.]) , dead neurons:  tensor([34.,  4.,  1.]) , effective rank:  tensor([13.5065, 29.0586, 26.5804])
recent accuracy tensor(0.9185)
task:  172 , approximate rank:  tensor([12., 29., 21.]) , dead neurons:  tensor([35.,  7.,  1.]) , effective rank:  tensor([11.5096, 31.8040, 27.7096])
recent accuracy tensor(0.9157)
task:  173 , approximate rank:  tensor([13., 26., 18.]) , dead neurons:  tensor([30.,  4.,  0.]) , effective rank:  tensor([12.5724, 30.3452, 25.5423])
recent accuracy tensor(0.9177)
task:  174 , approximate rank:  tensor([13., 35., 23.]) , dead neurons:  tensor([29.,  2.,  0.]) , effective rank:  tensor([12.7104, 37.1770, 28.7393])
recent accuracy tensor(0.9171)
task:  175 , approximate rank:  tensor([13., 35., 22.]) , dead neurons:  tensor([31.,  0.,  0.]) , effective rank:  tensor([12.8183, 37.0063, 28.9646])
recent accuracy tensor(0.9201)
task:  176 , approximate rank:  tensor([13., 29., 16.]) , dead neurons:  tensor([32.,  0.,  0.]) , effective rank:  tensor([12.4699, 32.6328, 23.8056])
recent accuracy tensor(0.9117)
task:  177 , approximate rank:  tensor([14., 30., 23.]) , dead neurons:  tensor([36.,  1.,  1.]) , effective rank:  tensor([13.9419, 32.9737, 29.7964])
recent accuracy tensor(0.9196)
task:  178 , approximate rank:  tensor([14., 38., 28.]) , dead neurons:  tensor([31.,  1.,  0.]) , effective rank:  tensor([13.9194, 39.9295, 33.3736])
recent accuracy tensor(0.9218)
task:  179 , approximate rank:  tensor([16., 32., 23.]) , dead neurons:  tensor([30.,  1.,  0.]) , effective rank:  tensor([15.1902, 34.4069, 29.4432])
recent accuracy tensor(0.9220)
task:  180 , approximate rank:  tensor([15., 34., 23.]) , dead neurons:  tensor([31.,  2.,  0.]) , effective rank:  tensor([15.2999, 36.1092, 29.1427])
recent accuracy tensor(0.9132)
task:  181 , approximate rank:  tensor([15., 27., 19.]) , dead neurons:  tensor([32.,  4.,  1.]) , effective rank:  tensor([14.1514, 30.5319, 26.0651])
recent accuracy tensor(0.9188)
task:  182 , approximate rank:  tensor([11., 26., 16.]) , dead neurons:  tensor([27.,  6.,  0.]) , effective rank:  tensor([11.3210, 30.3881, 23.8342])
recent accuracy tensor(0.9165)
task:  183 , approximate rank:  tensor([13., 33., 23.]) , dead neurons:  tensor([31.,  3.,  1.]) , effective rank:  tensor([12.3128, 35.4012, 30.2008])
recent accuracy tensor(0.9184)
task:  184 , approximate rank:  tensor([13., 28., 17.]) , dead neurons:  tensor([32.,  1.,  0.]) , effective rank:  tensor([12.2366, 32.2833, 24.3320])
recent accuracy tensor(0.9172)
task:  185 , approximate rank:  tensor([12., 34., 21.]) , dead neurons:  tensor([31.,  1.,  0.]) , effective rank:  tensor([12.0512, 36.1801, 27.4495])
recent accuracy tensor(0.9182)
task:  186 , approximate rank:  tensor([13., 32., 18.]) , dead neurons:  tensor([30.,  3.,  1.]) , effective rank:  tensor([11.8534, 34.0597, 25.2145])
recent accuracy tensor(0.9130)
task:  187 , approximate rank:  tensor([13., 16., 13.]) , dead neurons:  tensor([34., 11.,  0.]) , effective rank:  tensor([11.5950, 21.4077, 19.7399])
recent accuracy tensor(0.9130)
task:  188 , approximate rank:  tensor([14., 29., 15.]) , dead neurons:  tensor([30.,  4.,  0.]) , effective rank:  tensor([12.9694, 32.5684, 23.1066])
recent accuracy tensor(0.9152)
task:  189 , approximate rank:  tensor([15., 24., 18.]) , dead neurons:  tensor([34.,  3.,  0.]) , effective rank:  tensor([13.5028, 28.3642, 24.8458])
recent accuracy tensor(0.9109)
task:  190 , approximate rank:  tensor([15., 29., 19.]) , dead neurons:  tensor([28.,  1.,  0.]) , effective rank:  tensor([14.1254, 33.1827, 26.3262])
recent accuracy tensor(0.9142)
task:  191 , approximate rank:  tensor([12., 23., 19.]) , dead neurons:  tensor([32.,  3.,  0.]) , effective rank:  tensor([12.1363, 27.7787, 25.9111])
recent accuracy tensor(0.9179)
task:  192 , approximate rank:  tensor([14., 29., 20.]) , dead neurons:  tensor([40.,  1.,  0.]) , effective rank:  tensor([13.1755, 33.0013, 27.2136])
recent accuracy tensor(0.9181)
task:  193 , approximate rank:  tensor([14., 23., 15.]) , dead neurons:  tensor([37.,  4.,  2.]) , effective rank:  tensor([13.2537, 26.7199, 22.0824])
recent accuracy tensor(0.9227)
task:  194 , approximate rank:  tensor([14., 28., 17.]) , dead neurons:  tensor([33.,  1.,  2.]) , effective rank:  tensor([13.8055, 31.5627, 24.2671])
recent accuracy tensor(0.9145)
task:  195 , approximate rank:  tensor([13., 29., 16.]) , dead neurons:  tensor([33.,  0.,  2.]) , effective rank:  tensor([13.2516, 32.6291, 22.9413])
