## SLURM PROLOG ###############################################################
##    Job ID : 11308267
##  Job Name : run
##  Nodelist : gpu2253
##      CPUs : 
##  Mem/Node : 65536 MB
## Directory : /oscar/home/kguo32/ReAI-loss-of-plasticity/lop/permuted_mnist
##   Job Started : Tue May  6 11:22:13 AM EDT 2025
###############################################################################
step: 0 , approximate rank:  tensor([16., 12., 11.]) , dead neurons:  tensor([0., 0., 1.]) effective rank:  tensor([13.4601, 10.7146,  9.1671])
recent accuracy tensor(0.8677)
step: 1 , approximate rank:  tensor([17., 11.,  9.]) , dead neurons:  tensor([0., 0., 1.]) effective rank:  tensor([13.6819,  9.8559,  9.0208])
recent accuracy tensor(0.9016)
step: 2 , approximate rank:  tensor([12., 10.,  8.]) , dead neurons:  tensor([0., 1., 1.]) effective rank:  tensor([10.4833,  8.9065,  8.1638])
recent accuracy tensor(0.9024)
step: 3 , approximate rank:  tensor([14., 11.,  9.]) , dead neurons:  tensor([0., 0., 0.]) effective rank:  tensor([11.3652,  9.5378,  8.9211])
recent accuracy tensor(0.9041)
step: 4 , approximate rank:  tensor([11.,  9.,  8.]) , dead neurons:  tensor([0., 0., 0.]) effective rank:  tensor([9.3415, 8.1889, 8.3436])
recent accuracy tensor(0.8978)
step: 5 , approximate rank:  tensor([13., 10., 10.]) , dead neurons:  tensor([0., 1., 0.]) effective rank:  tensor([10.6361,  9.0104,  9.9109])
recent accuracy tensor(0.9046)
step: 6 , approximate rank:  tensor([11.,  9., 11.]) , dead neurons:  tensor([0., 0., 0.]) effective rank:  tensor([9.5972, 8.9967, 9.8163])
recent accuracy tensor(0.8946)
step: 7 , approximate rank:  tensor([13.,  9., 11.]) , dead neurons:  tensor([0., 0., 0.]) effective rank:  tensor([10.1565,  8.6043, 10.3321])
recent accuracy tensor(0.8943)
step: 8 , approximate rank:  tensor([10., 10., 12.]) , dead neurons:  tensor([0., 0., 0.]) effective rank:  tensor([ 9.8388,  9.4175, 10.8423])
recent accuracy tensor(0.8884)
step: 9 , approximate rank:  tensor([10., 10., 12.]) , dead neurons:  tensor([0., 0., 0.]) effective rank:  tensor([ 8.5153,  9.2662, 10.4165])
recent accuracy tensor(0.8904)
step: 10 , approximate rank:  tensor([10., 11., 11.]) , dead neurons:  tensor([0., 0., 1.]) effective rank:  tensor([ 9.1518,  9.9934, 10.4678])
recent accuracy tensor(0.8994)
step: 11 , approximate rank:  tensor([13., 12., 14.]) , dead neurons:  tensor([0., 1., 0.]) effective rank:  tensor([10.9957, 10.6583, 12.0931])
recent accuracy tensor(0.8986)
step: 12 , approximate rank:  tensor([10., 10., 12.]) , dead neurons:  tensor([0., 0., 0.]) effective rank:  tensor([ 9.0172,  8.8814, 10.6019])
recent accuracy tensor(0.8937)
step: 13 , approximate rank:  tensor([10.,  9.,  9.]) , dead neurons:  tensor([0., 1., 0.]) effective rank:  tensor([8.9177, 8.1012, 9.3073])
recent accuracy tensor(0.8871)
step: 14 , approximate rank:  tensor([ 9., 10., 11.]) , dead neurons:  tensor([0., 0., 0.]) effective rank:  tensor([ 8.4474,  9.2389, 10.4316])
recent accuracy tensor(0.8764)
step: 15 , approximate rank:  tensor([11., 11., 12.]) , dead neurons:  tensor([0., 0., 0.]) effective rank:  tensor([ 9.2029,  9.2511, 10.3848])
recent accuracy tensor(0.8850)
step: 16 , approximate rank:  tensor([ 9., 10., 12.]) , dead neurons:  tensor([0., 1., 0.]) effective rank:  tensor([ 7.8524,  8.9283, 10.6385])
recent accuracy tensor(0.8891)
step: 17 , approximate rank:  tensor([10., 12., 13.]) , dead neurons:  tensor([0., 0., 0.]) effective rank:  tensor([ 9.2665, 10.5332, 12.0919])
recent accuracy tensor(0.8879)
step: 18 , approximate rank:  tensor([11., 11., 13.]) , dead neurons:  tensor([0., 0., 0.]) effective rank:  tensor([ 9.3026,  9.8547, 11.3151])
recent accuracy tensor(0.8908)
step: 19 , approximate rank:  tensor([10., 11., 12.]) , dead neurons:  tensor([0., 0., 0.]) effective rank:  tensor([ 8.8198,  9.6704, 11.3529])
recent accuracy tensor(0.8888)
