## SLURM PROLOG ###############################################################
##    Job ID : 11359628
##  Job Name : run
##  Nodelist : gpu2604
##      CPUs : 
##  Mem/Node : 65536 MB
## Directory : /oscar/home/kguo32/ReAI-loss-of-plasticity/lop/permuted_mnist
##   Job Started : Thu May  8 04:42:38 PM EDT 2025
###############################################################################
task:  0 , approximate rank:  tensor([73., 60., 52.]) , dead neurons:  tensor([0., 2., 0.]) , effective rank:  tensor([64.1453, 52.7834, 48.6411])
recent accuracy tensor(0.9356)
task:  1 , approximate rank:  tensor([67., 68., 60.]) , dead neurons:  tensor([0., 0., 0.]) , effective rank:  tensor([62.8477, 59.6456, 52.1817])
recent accuracy tensor(0.9406)
task:  2 , approximate rank:  tensor([54., 63., 48.]) , dead neurons:  tensor([1., 0., 0.]) , effective rank:  tensor([53.3735, 54.8527, 45.0302])
recent accuracy tensor(0.9390)
task:  3 , approximate rank:  tensor([61., 65., 44.]) , dead neurons:  tensor([0., 0., 0.]) , effective rank:  tensor([58.0888, 56.3564, 43.2901])
recent accuracy tensor(0.9400)
task:  4 , approximate rank:  tensor([51., 44., 29.]) , dead neurons:  tensor([2., 0., 1.]) , effective rank:  tensor([49.4832, 42.9395, 33.0005])
recent accuracy tensor(0.9391)
task:  5 , approximate rank:  tensor([60., 63., 40.]) , dead neurons:  tensor([2., 2., 0.]) , effective rank:  tensor([55.6342, 55.3712, 41.0661])
recent accuracy tensor(0.9395)
task:  6 , approximate rank:  tensor([61., 59., 38.]) , dead neurons:  tensor([2., 2., 0.]) , effective rank:  tensor([56.1889, 53.0032, 39.9169])
recent accuracy tensor(0.9391)
task:  7 , approximate rank:  tensor([51., 52., 35.]) , dead neurons:  tensor([3., 0., 0.]) , effective rank:  tensor([50.3904, 47.9362, 38.4863])
recent accuracy tensor(0.9416)
task:  8 , approximate rank:  tensor([56., 61., 37.]) , dead neurons:  tensor([2., 0., 0.]) , effective rank:  tensor([55.3139, 54.5561, 39.0787])
recent accuracy tensor(0.9415)
task:  9 , approximate rank:  tensor([59., 61., 38.]) , dead neurons:  tensor([0., 0., 0.]) , effective rank:  tensor([56.9060, 54.1698, 39.9793])
recent accuracy tensor(0.9419)
task:  10 , approximate rank:  tensor([49., 42., 29.]) , dead neurons:  tensor([3., 3., 0.]) , effective rank:  tensor([47.5849, 40.7911, 33.6066])
recent accuracy tensor(0.9411)
task:  11 , approximate rank:  tensor([51., 55., 40.]) , dead neurons:  tensor([3., 4., 0.]) , effective rank:  tensor([50.7394, 49.5448, 40.7119])
recent accuracy tensor(0.9406)
task:  12 , approximate rank:  tensor([59., 60., 38.]) , dead neurons:  tensor([1., 1., 1.]) , effective rank:  tensor([56.5177, 53.8447, 39.7133])
recent accuracy tensor(0.9433)
task:  13 , approximate rank:  tensor([52., 57., 41.]) , dead neurons:  tensor([2., 0., 0.]) , effective rank:  tensor([51.3839, 51.9301, 42.0484])
recent accuracy tensor(0.9417)
task:  14 , approximate rank:  tensor([49., 53., 36.]) , dead neurons:  tensor([3., 2., 0.]) , effective rank:  tensor([48.7042, 49.3732, 38.7326])
recent accuracy tensor(0.9432)
task:  15 , approximate rank:  tensor([52., 49., 40.]) , dead neurons:  tensor([2., 1., 1.]) , effective rank:  tensor([49.4199, 46.5751, 41.0499])
recent accuracy tensor(0.9446)
task:  16 , approximate rank:  tensor([55., 56., 33.]) , dead neurons:  tensor([2., 1., 0.]) , effective rank:  tensor([53.4972, 49.8936, 36.2491])
recent accuracy tensor(0.9418)
task:  17 , approximate rank:  tensor([57., 54., 34.]) , dead neurons:  tensor([0., 2., 0.]) , effective rank:  tensor([54.3389, 49.6064, 37.3195])
recent accuracy tensor(0.9409)
task:  18 , approximate rank:  tensor([43., 40., 25.]) , dead neurons:  tensor([7., 7., 2.]) , effective rank:  tensor([43.4878, 38.9521, 31.1824])
recent accuracy tensor(0.9419)
task:  19 , approximate rank:  tensor([60., 56., 40.]) , dead neurons:  tensor([4., 1., 0.]) , effective rank:  tensor([56.4402, 51.6133, 40.6757])
recent accuracy tensor(0.9412)
task:  20 , approximate rank:  tensor([51., 54., 39.]) , dead neurons:  tensor([0., 0., 0.]) , effective rank:  tensor([51.2148, 49.6062, 40.4729])
recent accuracy tensor(0.9429)
task:  21 , approximate rank:  tensor([54., 50., 31.]) , dead neurons:  tensor([1., 0., 1.]) , effective rank:  tensor([51.5493, 46.5639, 35.0003])
recent accuracy tensor(0.9403)
task:  22 , approximate rank:  tensor([50., 55., 41.]) , dead neurons:  tensor([1., 1., 0.]) , effective rank:  tensor([49.9284, 50.8737, 41.7227])
recent accuracy tensor(0.9417)
task:  23 , approximate rank:  tensor([55., 51., 39.]) , dead neurons:  tensor([2., 1., 1.]) , effective rank:  tensor([52.2673, 47.6832, 40.1209])
recent accuracy tensor(0.9403)
task:  24 , approximate rank:  tensor([54., 58., 36.]) , dead neurons:  tensor([2., 2., 0.]) , effective rank:  tensor([53.8754, 52.1760, 38.8907])
recent accuracy tensor(0.9417)
task:  25 , approximate rank:  tensor([47., 51., 38.]) , dead neurons:  tensor([2., 3., 0.]) , effective rank:  tensor([47.2147, 47.8268, 39.3660])
recent accuracy tensor(0.9423)
task:  26 , approximate rank:  tensor([48., 47., 34.]) , dead neurons:  tensor([2., 0., 0.]) , effective rank:  tensor([47.7132, 46.4637, 37.5800])
recent accuracy tensor(0.9404)
task:  27 , approximate rank:  tensor([54., 61., 39.]) , dead neurons:  tensor([2., 0., 0.]) , effective rank:  tensor([53.7284, 54.8236, 40.8038])
recent accuracy tensor(0.9412)
task:  28 , approximate rank:  tensor([53., 46., 30.]) , dead neurons:  tensor([0., 3., 1.]) , effective rank:  tensor([50.0609, 43.4833, 34.1683])
recent accuracy tensor(0.9400)
task:  29 , approximate rank:  tensor([50., 54., 37.]) , dead neurons:  tensor([3., 3., 0.]) , effective rank:  tensor([50.3324, 50.9939, 39.6458])
recent accuracy tensor(0.9422)
task:  30 , approximate rank:  tensor([44., 43., 27.]) , dead neurons:  tensor([2., 5., 0.]) , effective rank:  tensor([44.6845, 40.6473, 32.2483])
recent accuracy tensor(0.9402)
task:  31 , approximate rank:  tensor([53., 63., 42.]) , dead neurons:  tensor([6., 5., 0.]) , effective rank:  tensor([51.2555, 56.4586, 42.2345])
recent accuracy tensor(0.9401)
task:  32 , approximate rank:  tensor([57., 63., 43.]) , dead neurons:  tensor([1., 1., 0.]) , effective rank:  tensor([54.8148, 56.5113, 43.3949])
recent accuracy tensor(0.9438)
task:  33 , approximate rank:  tensor([50., 45., 30.]) , dead neurons:  tensor([4., 3., 2.]) , effective rank:  tensor([47.9642, 42.1227, 33.7749])
recent accuracy tensor(0.9405)
task:  34 , approximate rank:  tensor([56., 61., 41.]) , dead neurons:  tensor([0., 0., 0.]) , effective rank:  tensor([54.1830, 54.1391, 41.7316])
recent accuracy tensor(0.9391)
task:  35 , approximate rank:  tensor([51., 56., 41.]) , dead neurons:  tensor([1., 3., 0.]) , effective rank:  tensor([50.5981, 51.5305, 41.8288])
recent accuracy tensor(0.9409)
task:  36 , approximate rank:  tensor([58., 58., 32.]) , dead neurons:  tensor([2., 0., 1.]) , effective rank:  tensor([55.6321, 52.9155, 35.7744])
recent accuracy tensor(0.9429)
task:  37 , approximate rank:  tensor([56., 55., 37.]) , dead neurons:  tensor([0., 4., 1.]) , effective rank:  tensor([54.3152, 49.5305, 38.5249])
recent accuracy tensor(0.9422)
task:  38 , approximate rank:  tensor([53., 56., 34.]) , dead neurons:  tensor([2., 1., 1.]) , effective rank:  tensor([51.7130, 51.5544, 37.0632])
recent accuracy tensor(0.9403)
task:  39 , approximate rank:  tensor([55., 58., 42.]) , dead neurons:  tensor([3., 1., 0.]) , effective rank:  tensor([52.6378, 52.0300, 41.6459])
recent accuracy tensor(0.9390)
task:  40 , approximate rank:  tensor([56., 54., 33.]) , dead neurons:  tensor([2., 0., 0.]) , effective rank:  tensor([53.4674, 50.0897, 36.5032])
recent accuracy tensor(0.9391)
task:  41 , approximate rank:  tensor([46., 45., 33.]) , dead neurons:  tensor([4., 4., 1.]) , effective rank:  tensor([44.9833, 42.5307, 35.8379])
recent accuracy tensor(0.9394)
task:  42 , approximate rank:  tensor([63., 63., 38.]) , dead neurons:  tensor([4., 0., 0.]) , effective rank:  tensor([58.9210, 56.3481, 40.6860])
recent accuracy tensor(0.9410)
task:  43 , approximate rank:  tensor([52., 50., 35.]) , dead neurons:  tensor([3., 1., 0.]) , effective rank:  tensor([51.0000, 48.4084, 37.8613])
recent accuracy tensor(0.9407)
task:  44 , approximate rank:  tensor([55., 56., 31.]) , dead neurons:  tensor([3., 1., 0.]) , effective rank:  tensor([52.6065, 50.9315, 35.8006])
recent accuracy tensor(0.9391)
task:  45 , approximate rank:  tensor([55., 52., 38.]) , dead neurons:  tensor([1., 0., 0.]) , effective rank:  tensor([52.2064, 48.2749, 39.7350])
recent accuracy tensor(0.9404)
task:  46 , approximate rank:  tensor([48., 49., 31.]) , dead neurons:  tensor([0., 1., 0.]) , effective rank:  tensor([48.4923, 47.0152, 34.6569])
recent accuracy tensor(0.9410)
task:  47 , approximate rank:  tensor([51., 50., 33.]) , dead neurons:  tensor([3., 2., 1.]) , effective rank:  tensor([49.4110, 47.1305, 36.4457])
recent accuracy tensor(0.9384)
task:  48 , approximate rank:  tensor([52., 60., 41.]) , dead neurons:  tensor([1., 1., 0.]) , effective rank:  tensor([51.5644, 55.0670, 42.6719])
recent accuracy tensor(0.9409)
task:  49 , approximate rank:  tensor([52., 57., 39.]) , dead neurons:  tensor([1., 0., 0.]) , effective rank:  tensor([50.0792, 52.7168, 40.8639])
recent accuracy tensor(0.9416)
task:  50 , approximate rank:  tensor([55., 60., 37.]) , dead neurons:  tensor([0., 1., 0.]) , effective rank:  tensor([52.2923, 53.9849, 39.4348])
recent accuracy tensor(0.9415)
task:  51 , approximate rank:  tensor([49., 49., 31.]) , dead neurons:  tensor([2., 4., 0.]) , effective rank:  tensor([47.7121, 46.3944, 35.5227])
recent accuracy tensor(0.9419)
task:  52 , approximate rank:  tensor([51., 53., 39.]) , dead neurons:  tensor([1., 3., 0.]) , effective rank:  tensor([50.0998, 48.4308, 40.1717])
recent accuracy tensor(0.9412)
task:  53 , approximate rank:  tensor([59., 65., 37.]) , dead neurons:  tensor([2., 0., 0.]) , effective rank:  tensor([58.6696, 58.8199, 40.2724])
recent accuracy tensor(0.9404)
task:  54 , approximate rank:  tensor([50., 48., 33.]) , dead neurons:  tensor([0., 2., 1.]) , effective rank:  tensor([49.0195, 45.5142, 36.2678])
recent accuracy tensor(0.9408)
task:  55 , approximate rank:  tensor([52., 55., 34.]) , dead neurons:  tensor([6., 3., 0.]) , effective rank:  tensor([49.7647, 49.5312, 37.1258])
recent accuracy tensor(0.9392)
task:  56 , approximate rank:  tensor([56., 57., 38.]) , dead neurons:  tensor([0., 1., 0.]) , effective rank:  tensor([53.0354, 51.2742, 40.1259])
recent accuracy tensor(0.9411)
task:  57 , approximate rank:  tensor([58., 56., 34.]) , dead neurons:  tensor([1., 0., 0.]) , effective rank:  tensor([55.8137, 50.8501, 37.0847])
recent accuracy tensor(0.9420)
task:  58 , approximate rank:  tensor([60., 57., 32.]) , dead neurons:  tensor([0., 1., 0.]) , effective rank:  tensor([57.6726, 51.5152, 36.0881])
recent accuracy tensor(0.9434)
task:  59 , approximate rank:  tensor([55., 55., 34.]) , dead neurons:  tensor([1., 1., 0.]) , effective rank:  tensor([53.4451, 50.2030, 37.0674])
recent accuracy tensor(0.9395)
task:  60 , approximate rank:  tensor([54., 55., 30.]) , dead neurons:  tensor([2., 0., 1.]) , effective rank:  tensor([52.2157, 50.5980, 34.8356])
recent accuracy tensor(0.9412)
task:  61 , approximate rank:  tensor([48., 48., 34.]) , dead neurons:  tensor([4., 2., 0.]) , effective rank:  tensor([45.5305, 44.7664, 36.4857])
recent accuracy tensor(0.9392)
task:  62 , approximate rank:  tensor([51., 50., 33.]) , dead neurons:  tensor([3., 4., 1.]) , effective rank:  tensor([49.3639, 46.2075, 36.3262])
recent accuracy tensor(0.9412)
task:  63 , approximate rank:  tensor([56., 61., 42.]) , dead neurons:  tensor([3., 1., 1.]) , effective rank:  tensor([54.9418, 57.3215, 42.6095])
recent accuracy tensor(0.9409)
task:  64 , approximate rank:  tensor([49., 44., 25.]) , dead neurons:  tensor([3., 2., 0.]) , effective rank:  tensor([48.8406, 42.3278, 31.1278])
recent accuracy tensor(0.9418)
task:  65 , approximate rank:  tensor([62., 60., 36.]) , dead neurons:  tensor([0., 1., 0.]) , effective rank:  tensor([57.2900, 53.5205, 38.2324])
recent accuracy tensor(0.9402)
task:  66 , approximate rank:  tensor([64., 61., 39.]) , dead neurons:  tensor([1., 0., 0.]) , effective rank:  tensor([59.7587, 54.9344, 40.3054])
recent accuracy tensor(0.9376)
task:  67 , approximate rank:  tensor([62., 63., 40.]) , dead neurons:  tensor([0., 1., 0.]) , effective rank:  tensor([59.7543, 56.9248, 40.8200])
recent accuracy tensor(0.9412)
task:  68 , approximate rank:  tensor([49., 49., 32.]) , dead neurons:  tensor([3., 1., 1.]) , effective rank:  tensor([48.3799, 46.7383, 35.7003])
