## SLURM PROLOG ###############################################################
##    Job ID : 11308271
##  Job Name : run
##  Nodelist : gpu2258
##      CPUs : 
##  Mem/Node : 65536 MB
## Directory : /oscar/home/kguo32/ReAI-loss-of-plasticity/lop/permuted_mnist
##   Job Started : Tue May  6 11:23:15 AM EDT 2025
###############################################################################
step: 0 , approximate rank:  tensor([18., 15., 14.]) , dead neurons:  tensor([0., 0., 0.]) effective rank:  tensor([15.7162, 14.0011, 12.0570])
recent accuracy tensor(0.8507)
step: 1 , approximate rank:  tensor([14.,  9.,  7.]) , dead neurons:  tensor([0., 2., 1.]) effective rank:  tensor([10.5658,  7.7004,  6.8049])
recent accuracy tensor(0.9015)
step: 2 , approximate rank:  tensor([12.,  8.,  7.]) , dead neurons:  tensor([0., 2., 1.]) effective rank:  tensor([9.2717, 6.9799, 6.4832])
recent accuracy tensor(0.8977)
step: 3 , approximate rank:  tensor([11.,  7.,  8.]) , dead neurons:  tensor([0., 2., 2.]) effective rank:  tensor([9.2245, 6.6683, 7.4521])
recent accuracy tensor(0.9023)
step: 4 , approximate rank:  tensor([11.,  8.,  8.]) , dead neurons:  tensor([1., 2., 1.]) effective rank:  tensor([9.3709, 6.8984, 7.2216])
recent accuracy tensor(0.9025)
step: 5 , approximate rank:  tensor([10.,  7.,  7.]) , dead neurons:  tensor([0., 3., 1.]) effective rank:  tensor([8.0981, 5.9969, 7.4195])
recent accuracy tensor(0.9000)
step: 6 , approximate rank:  tensor([11.,  7.,  6.]) , dead neurons:  tensor([0., 3., 1.]) effective rank:  tensor([8.5413, 5.8754, 6.3592])
recent accuracy tensor(0.9017)
step: 7 , approximate rank:  tensor([12.,  8.,  9.]) , dead neurons:  tensor([0., 2., 1.]) effective rank:  tensor([9.6955, 7.4188, 8.3018])
recent accuracy tensor(0.9001)
step: 8 , approximate rank:  tensor([11.,  8.,  7.]) , dead neurons:  tensor([0., 3., 1.]) effective rank:  tensor([9.4394, 7.1195, 6.8695])
recent accuracy tensor(0.8932)
step: 9 , approximate rank:  tensor([10.,  7.,  8.]) , dead neurons:  tensor([0., 2., 2.]) effective rank:  tensor([8.4724, 6.3711, 7.4260])
recent accuracy tensor(0.8941)
step: 10 , approximate rank:  tensor([11.,  8.,  9.]) , dead neurons:  tensor([0., 2., 2.]) effective rank:  tensor([8.6719, 7.1656, 8.3007])
recent accuracy tensor(0.8906)
step: 11 , approximate rank:  tensor([10.,  7.,  8.]) , dead neurons:  tensor([0., 3., 2.]) effective rank:  tensor([7.8834, 6.4891, 7.2933])
recent accuracy tensor(0.8811)
step: 12 , approximate rank:  tensor([10.,  7., 11.]) , dead neurons:  tensor([0., 3., 2.]) effective rank:  tensor([8.2952, 6.6821, 9.2199])
recent accuracy tensor(0.8883)
step: 13 , approximate rank:  tensor([11.,  7.,  7.]) , dead neurons:  tensor([0., 3., 1.]) effective rank:  tensor([8.0697, 6.0759, 6.9445])
recent accuracy tensor(0.8925)
step: 14 , approximate rank:  tensor([11.,  7.,  8.]) , dead neurons:  tensor([0., 2., 1.]) effective rank:  tensor([8.8482, 6.6137, 8.0796])
recent accuracy tensor(0.8919)
step: 15 , approximate rank:  tensor([9., 7., 8.]) , dead neurons:  tensor([0., 3., 0.]) effective rank:  tensor([7.1222, 6.2559, 7.8517])
recent accuracy tensor(0.8914)
step: 16 , approximate rank:  tensor([10.,  8., 12.]) , dead neurons:  tensor([0., 3., 0.]) effective rank:  tensor([ 8.5347,  7.7751, 10.5964])
recent accuracy tensor(0.8902)
step: 17 , approximate rank:  tensor([8., 7., 8.]) , dead neurons:  tensor([0., 4., 2.]) effective rank:  tensor([6.9610, 6.7512, 8.3128])
recent accuracy tensor(0.8572)
step: 18 , approximate rank:  tensor([9., 7., 8.]) , dead neurons:  tensor([1., 2., 1.]) effective rank:  tensor([7.1932, 6.2984, 7.1896])
recent accuracy tensor(0.8740)
step: 19 , approximate rank:  tensor([10.,  8., 11.]) , dead neurons:  tensor([0., 3., 3.]) effective rank:  tensor([8.2869, 7.4539, 9.3150])
recent accuracy tensor(0.8794)
