## SLURM PROLOG ###############################################################
##    Job ID : 11308270
##  Job Name : run
##  Nodelist : gpu2105
##      CPUs : 
##  Mem/Node : 65536 MB
## Directory : /oscar/home/kguo32/ReAI-loss-of-plasticity/lop/permuted_mnist
##   Job Started : Tue May  6 11:22:59 AM EDT 2025
###############################################################################
step: 0 , approximate rank:  tensor([17., 15., 12.]) , dead neurons:  tensor([0., 0., 0.]) effective rank:  tensor([15.2990, 13.3257, 10.7872])
recent accuracy tensor(0.8445)
step: 1 , approximate rank:  tensor([12., 10.,  8.]) , dead neurons:  tensor([0., 1., 1.]) effective rank:  tensor([10.5466,  9.0588,  8.3776])
recent accuracy tensor(0.8945)
step: 2 , approximate rank:  tensor([11.,  8.,  7.]) , dead neurons:  tensor([0., 1., 1.]) effective rank:  tensor([9.2683, 7.9028, 7.2438])
recent accuracy tensor(0.8985)
step: 3 , approximate rank:  tensor([11.,  7.,  7.]) , dead neurons:  tensor([0., 1., 1.]) effective rank:  tensor([9.1968, 7.1666, 7.2296])
recent accuracy tensor(0.9051)
step: 4 , approximate rank:  tensor([11.,  8.,  7.]) , dead neurons:  tensor([0., 2., 1.]) effective rank:  tensor([8.9977, 6.9694, 7.3188])
recent accuracy tensor(0.9006)
step: 5 , approximate rank:  tensor([9., 8., 8.]) , dead neurons:  tensor([0., 1., 1.]) effective rank:  tensor([7.4095, 7.4180, 7.8255])
recent accuracy tensor(0.8971)
step: 6 , approximate rank:  tensor([8., 7., 8.]) , dead neurons:  tensor([0., 2., 1.]) effective rank:  tensor([7.0505, 6.7921, 7.9834])
recent accuracy tensor(0.9007)
step: 7 , approximate rank:  tensor([10.,  7.,  9.]) , dead neurons:  tensor([0., 2., 1.]) effective rank:  tensor([8.0669, 6.8035, 8.6177])
recent accuracy tensor(0.8947)
step: 8 , approximate rank:  tensor([9., 7., 9.]) , dead neurons:  tensor([0., 4., 1.]) effective rank:  tensor([7.4037, 6.7493, 7.9687])
recent accuracy tensor(0.8910)
step: 9 , approximate rank:  tensor([10.,  9., 11.]) , dead neurons:  tensor([0., 2., 1.]) effective rank:  tensor([8.1340, 7.6240, 9.8435])
recent accuracy tensor(0.8922)
step: 10 , approximate rank:  tensor([8., 7., 8.]) , dead neurons:  tensor([0., 3., 1.]) effective rank:  tensor([7.1371, 6.2281, 8.3002])
recent accuracy tensor(0.8945)
step: 11 , approximate rank:  tensor([8., 6., 9.]) , dead neurons:  tensor([0., 3., 1.]) effective rank:  tensor([7.0045, 5.7556, 8.1191])
recent accuracy tensor(0.8959)
step: 12 , approximate rank:  tensor([10.,  8., 11.]) , dead neurons:  tensor([0., 4., 1.]) effective rank:  tensor([ 7.9608,  7.5073, 10.0906])
recent accuracy tensor(0.9015)
step: 13 , approximate rank:  tensor([8., 7., 8.]) , dead neurons:  tensor([0., 2., 2.]) effective rank:  tensor([6.9859, 6.7907, 7.8124])
recent accuracy tensor(0.8895)
step: 14 , approximate rank:  tensor([9., 8., 9.]) , dead neurons:  tensor([0., 2., 2.]) effective rank:  tensor([7.6743, 6.9206, 8.6955])
recent accuracy tensor(0.8966)
step: 15 , approximate rank:  tensor([ 9.,  8., 11.]) , dead neurons:  tensor([0., 2., 1.]) effective rank:  tensor([7.8294, 7.4811, 9.8940])
recent accuracy tensor(0.8822)
step: 16 , approximate rank:  tensor([10.,  9., 11.]) , dead neurons:  tensor([0., 3., 1.]) effective rank:  tensor([ 8.0054,  7.8836, 10.2142])
recent accuracy tensor(0.8820)
step: 17 , approximate rank:  tensor([10.,  7.,  9.]) , dead neurons:  tensor([0., 2., 1.]) effective rank:  tensor([8.4052, 6.8456, 8.8065])
recent accuracy tensor(0.8807)
step: 18 , approximate rank:  tensor([9., 6., 9.]) , dead neurons:  tensor([0., 4., 1.]) effective rank:  tensor([7.7887, 5.5719, 8.3171])
recent accuracy tensor(0.8746)
step: 19 , approximate rank:  tensor([8., 7., 9.]) , dead neurons:  tensor([0., 4., 1.]) effective rank:  tensor([7.1419, 5.8465, 8.3541])
recent accuracy tensor(0.8854)
