## SLURM PROLOG ###############################################################
##    Job ID : 11359666
##  Job Name : run
##  Nodelist : gpu2258
##      CPUs : 
##  Mem/Node : 65536 MB
## Directory : /oscar/home/kguo32/ReAI-loss-of-plasticity/lop/permuted_mnist
##   Job Started : Thu May  8 04:44:47 PM EDT 2025
###############################################################################
task:  0 , approximate rank:  tensor([75., 60., 48.]) , dead neurons:  tensor([0., 0., 1.]) , effective rank:  tensor([64.2998, 53.0575, 44.4768])
recent accuracy tensor(0.9231)
task:  1 , approximate rank:  tensor([66., 62., 46.]) , dead neurons:  tensor([0., 0., 0.]) , effective rank:  tensor([62.1603, 54.0513, 42.7883])
recent accuracy tensor(0.9295)
task:  2 , approximate rank:  tensor([48., 42., 22.]) , dead neurons:  tensor([5., 1., 1.]) , effective rank:  tensor([47.4649, 42.0435, 29.2774])
recent accuracy tensor(0.9275)
task:  3 , approximate rank:  tensor([37., 34., 15.]) , dead neurons:  tensor([5., 1., 0.]) , effective rank:  tensor([37.5168, 36.9145, 23.4299])
recent accuracy tensor(0.9261)
task:  4 , approximate rank:  tensor([39., 35., 12.]) , dead neurons:  tensor([3., 0., 0.]) , effective rank:  tensor([38.8834, 37.9851, 20.6258])
recent accuracy tensor(0.9283)
task:  5 , approximate rank:  tensor([22., 27., 15.]) , dead neurons:  tensor([3., 0., 2.]) , effective rank:  tensor([25.5466, 31.7063, 22.6735])
recent accuracy tensor(0.9232)
task:  6 , approximate rank:  tensor([17., 19., 13.]) , dead neurons:  tensor([10.,  2.,  4.]) , effective rank:  tensor([20.1745, 25.3271, 20.1559])
recent accuracy tensor(0.9218)
task:  7 , approximate rank:  tensor([20., 21., 12.]) , dead neurons:  tensor([5., 1., 0.]) , effective rank:  tensor([23.7636, 27.4710, 19.5838])
recent accuracy tensor(0.9193)
task:  8 , approximate rank:  tensor([24., 31., 16.]) , dead neurons:  tensor([7., 0., 0.]) , effective rank:  tensor([27.7152, 35.1812, 23.2713])
recent accuracy tensor(0.9201)
task:  9 , approximate rank:  tensor([21., 22., 11.]) , dead neurons:  tensor([9., 0., 2.]) , effective rank:  tensor([23.5103, 28.5023, 18.2864])
recent accuracy tensor(0.9195)
task:  10 , approximate rank:  tensor([21., 23., 12.]) , dead neurons:  tensor([11.,  0.,  0.]) , effective rank:  tensor([22.9175, 28.9915, 19.4407])
recent accuracy tensor(0.9217)
task:  11 , approximate rank:  tensor([24., 21., 10.]) , dead neurons:  tensor([9., 0., 0.]) , effective rank:  tensor([25.1558, 27.7830, 17.2102])
recent accuracy tensor(0.9222)
task:  12 , approximate rank:  tensor([26., 35., 15.]) , dead neurons:  tensor([12.,  0.,  0.]) , effective rank:  tensor([26.7750, 38.4327, 22.8658])
recent accuracy tensor(0.9202)
task:  13 , approximate rank:  tensor([19., 25., 15.]) , dead neurons:  tensor([16.,  0.,  0.]) , effective rank:  tensor([19.5833, 30.8303, 21.8128])
recent accuracy tensor(0.9178)
task:  14 , approximate rank:  tensor([21., 30., 15.]) , dead neurons:  tensor([10.,  0.,  0.]) , effective rank:  tensor([22.1927, 34.5778, 22.3522])
recent accuracy tensor(0.9196)
task:  15 , approximate rank:  tensor([19., 19., 13.]) , dead neurons:  tensor([14.,  6.,  2.]) , effective rank:  tensor([18.4723, 24.9536, 21.0310])
recent accuracy tensor(0.9176)
task:  16 , approximate rank:  tensor([17., 31., 23.]) , dead neurons:  tensor([15.,  2.,  1.]) , effective rank:  tensor([18.6840, 35.2760, 28.9984])
recent accuracy tensor(0.9225)
task:  17 , approximate rank:  tensor([19., 23., 13.]) , dead neurons:  tensor([12.,  0.,  2.]) , effective rank:  tensor([21.6355, 28.6714, 20.6056])
recent accuracy tensor(0.9225)
task:  18 , approximate rank:  tensor([23., 30., 11.]) , dead neurons:  tensor([12.,  0.,  0.]) , effective rank:  tensor([24.6396, 34.3834, 18.8698])
recent accuracy tensor(0.9194)
task:  19 , approximate rank:  tensor([17., 23., 14.]) , dead neurons:  tensor([20.,  1.,  2.]) , effective rank:  tensor([19.2074, 28.7578, 21.2203])
recent accuracy tensor(0.9208)
task:  20 , approximate rank:  tensor([22., 34., 18.]) , dead neurons:  tensor([18.,  1.,  1.]) , effective rank:  tensor([24.1186, 36.6079, 24.9296])
recent accuracy tensor(0.9267)
task:  21 , approximate rank:  tensor([25., 32., 17.]) , dead neurons:  tensor([20.,  0.,  1.]) , effective rank:  tensor([25.4670, 35.8778, 23.8699])
recent accuracy tensor(0.9259)
task:  22 , approximate rank:  tensor([15., 20., 16.]) , dead neurons:  tensor([27.,  1.,  3.]) , effective rank:  tensor([16.9853, 25.6872, 22.5642])
recent accuracy tensor(0.9198)
task:  23 , approximate rank:  tensor([17., 26., 19.]) , dead neurons:  tensor([19.,  0.,  2.]) , effective rank:  tensor([17.7179, 31.0779, 24.9529])
recent accuracy tensor(0.9211)
task:  24 , approximate rank:  tensor([20., 36., 17.]) , dead neurons:  tensor([15.,  0.,  2.]) , effective rank:  tensor([21.3422, 38.4699, 23.8473])
recent accuracy tensor(0.9188)
task:  25 , approximate rank:  tensor([14., 22., 13.]) , dead neurons:  tensor([18.,  0.,  3.]) , effective rank:  tensor([15.0167, 27.0893, 20.3992])
recent accuracy tensor(0.9151)
task:  26 , approximate rank:  tensor([15., 27., 18.]) , dead neurons:  tensor([20.,  4.,  2.]) , effective rank:  tensor([14.8205, 30.9698, 24.8312])
recent accuracy tensor(0.9188)
task:  27 , approximate rank:  tensor([15., 34., 20.]) , dead neurons:  tensor([20.,  1.,  0.]) , effective rank:  tensor([16.4076, 37.1119, 26.7507])
recent accuracy tensor(0.9214)
task:  28 , approximate rank:  tensor([17., 29., 18.]) , dead neurons:  tensor([19.,  1.,  0.]) , effective rank:  tensor([19.4800, 32.5268, 24.8043])
recent accuracy tensor(0.9211)
task:  29 , approximate rank:  tensor([15., 29., 18.]) , dead neurons:  tensor([22.,  1.,  3.]) , effective rank:  tensor([17.2689, 32.3334, 24.5025])
recent accuracy tensor(0.9210)
task:  30 , approximate rank:  tensor([18., 20., 11.]) , dead neurons:  tensor([16.,  0.,  0.]) , effective rank:  tensor([17.3824, 25.9263, 18.8143])
recent accuracy tensor(0.9187)
task:  31 , approximate rank:  tensor([21., 31., 16.]) , dead neurons:  tensor([22.,  0.,  3.]) , effective rank:  tensor([21.8459, 34.5037, 21.9954])
recent accuracy tensor(0.9247)
task:  32 , approximate rank:  tensor([20., 25., 11.]) , dead neurons:  tensor([19.,  0.,  0.]) , effective rank:  tensor([21.0398, 30.0607, 17.4251])
recent accuracy tensor(0.9253)
task:  33 , approximate rank:  tensor([19., 29., 13.]) , dead neurons:  tensor([26.,  2.,  3.]) , effective rank:  tensor([18.8607, 32.9109, 20.7757])
recent accuracy tensor(0.9207)
task:  34 , approximate rank:  tensor([14., 13., 10.]) , dead neurons:  tensor([26., 11.,  2.]) , effective rank:  tensor([14.6844, 18.9755, 17.0006])
recent accuracy tensor(0.9184)
task:  35 , approximate rank:  tensor([19., 20., 10.]) , dead neurons:  tensor([27.,  1.,  1.]) , effective rank:  tensor([18.3248, 25.5200, 17.5214])
recent accuracy tensor(0.9149)
task:  36 , approximate rank:  tensor([14., 23., 12.]) , dead neurons:  tensor([21.,  7.,  1.]) , effective rank:  tensor([14.9586, 26.9640, 19.7145])
recent accuracy tensor(0.9178)
task:  37 , approximate rank:  tensor([15., 28., 19.]) , dead neurons:  tensor([25.,  0.,  0.]) , effective rank:  tensor([16.9377, 31.5693, 25.5607])
recent accuracy tensor(0.9180)
task:  38 , approximate rank:  tensor([16., 27., 21.]) , dead neurons:  tensor([20.,  1.,  1.]) , effective rank:  tensor([16.7917, 30.6159, 26.8306])
recent accuracy tensor(0.9239)
task:  39 , approximate rank:  tensor([15., 17., 13.]) , dead neurons:  tensor([21.,  8.,  2.]) , effective rank:  tensor([15.3334, 22.0470, 19.9953])
recent accuracy tensor(0.9235)
task:  40 , approximate rank:  tensor([17., 31., 22.]) , dead neurons:  tensor([21.,  4.,  2.]) , effective rank:  tensor([16.4620, 33.2855, 28.8128])
recent accuracy tensor(0.9188)
task:  41 , approximate rank:  tensor([19., 24., 17.]) , dead neurons:  tensor([22.,  0.,  0.]) , effective rank:  tensor([18.5872, 28.7430, 24.4315])
recent accuracy tensor(0.9197)
task:  42 , approximate rank:  tensor([18., 28., 18.]) , dead neurons:  tensor([23.,  1.,  1.]) , effective rank:  tensor([18.1196, 31.8550, 25.1239])
recent accuracy tensor(0.9201)
task:  43 , approximate rank:  tensor([13., 19., 12.]) , dead neurons:  tensor([24.,  3.,  4.]) , effective rank:  tensor([14.4034, 24.2252, 18.7684])
recent accuracy tensor(0.9154)
task:  44 , approximate rank:  tensor([19., 28., 18.]) , dead neurons:  tensor([16.,  0.,  0.]) , effective rank:  tensor([18.6729, 31.9261, 24.7795])
recent accuracy tensor(0.9203)
task:  45 , approximate rank:  tensor([18., 31., 20.]) , dead neurons:  tensor([23.,  0.,  0.]) , effective rank:  tensor([19.6074, 34.8442, 27.2678])
recent accuracy tensor(0.9219)
task:  46 , approximate rank:  tensor([18., 28., 19.]) , dead neurons:  tensor([19.,  1.,  0.]) , effective rank:  tensor([18.8057, 32.3155, 25.6295])
recent accuracy tensor(0.9223)
task:  47 , approximate rank:  tensor([21., 40., 25.]) , dead neurons:  tensor([19.,  0.,  0.]) , effective rank:  tensor([22.5593, 41.4149, 31.0261])
recent accuracy tensor(0.9201)
task:  48 , approximate rank:  tensor([16., 29., 19.]) , dead neurons:  tensor([32.,  1.,  0.]) , effective rank:  tensor([17.1524, 32.9098, 25.8689])
recent accuracy tensor(0.9222)
task:  49 , approximate rank:  tensor([18., 30., 17.]) , dead neurons:  tensor([27.,  2.,  0.]) , effective rank:  tensor([18.0345, 33.1972, 24.3130])
recent accuracy tensor(0.9228)
task:  50 , approximate rank:  tensor([16., 22., 12.]) , dead neurons:  tensor([24.,  0.,  0.]) , effective rank:  tensor([15.6171, 26.6387, 18.7259])
recent accuracy tensor(0.9233)
task:  51 , approximate rank:  tensor([16., 20., 13.]) , dead neurons:  tensor([24.,  2.,  2.]) , effective rank:  tensor([15.5339, 26.1488, 19.6771])
recent accuracy tensor(0.9190)
task:  52 , approximate rank:  tensor([14., 25., 15.]) , dead neurons:  tensor([28.,  1.,  1.]) , effective rank:  tensor([14.6603, 29.7431, 21.9704])
recent accuracy tensor(0.9201)
task:  53 , approximate rank:  tensor([15., 30., 18.]) , dead neurons:  tensor([27.,  0.,  2.]) , effective rank:  tensor([15.8569, 33.5202, 24.4263])
recent accuracy tensor(0.9164)
task:  54 , approximate rank:  tensor([16., 33., 20.]) , dead neurons:  tensor([22.,  1.,  0.]) , effective rank:  tensor([16.9849, 35.7543, 26.8657])
recent accuracy tensor(0.9217)
task:  55 , approximate rank:  tensor([14., 28., 23.]) , dead neurons:  tensor([26.,  1.,  0.]) , effective rank:  tensor([14.9859, 32.1736, 28.3366])
recent accuracy tensor(0.9191)
task:  56 , approximate rank:  tensor([13., 32., 22.]) , dead neurons:  tensor([28.,  1.,  1.]) , effective rank:  tensor([14.2685, 34.9488, 28.3339])
recent accuracy tensor(0.9180)
task:  57 , approximate rank:  tensor([15., 30., 19.]) , dead neurons:  tensor([30.,  2.,  0.]) , effective rank:  tensor([14.5663, 33.6837, 26.3719])
recent accuracy tensor(0.9183)
task:  58 , approximate rank:  tensor([15., 19., 11.]) , dead neurons:  tensor([23.,  6.,  4.]) , effective rank:  tensor([14.1962, 23.9416, 17.5174])
recent accuracy tensor(0.9188)
task:  59 , approximate rank:  tensor([13., 26., 14.]) , dead neurons:  tensor([26.,  6.,  3.]) , effective rank:  tensor([12.9845, 29.7010, 20.7422])
recent accuracy tensor(0.9168)
task:  60 , approximate rank:  tensor([14., 31., 22.]) , dead neurons:  tensor([31.,  3.,  0.]) , effective rank:  tensor([13.9705, 34.8598, 28.5953])
recent accuracy tensor(0.9157)
task:  61 , approximate rank:  tensor([12., 29., 18.]) , dead neurons:  tensor([20.,  3.,  0.]) , effective rank:  tensor([12.5234, 32.1788, 25.7354])
recent accuracy tensor(0.9172)
task:  62 , approximate rank:  tensor([13., 34., 21.]) , dead neurons:  tensor([19.,  2.,  0.]) , effective rank:  tensor([13.0168, 36.1441, 27.7850])
recent accuracy tensor(0.9131)
task:  63 , approximate rank:  tensor([13., 32., 22.]) , dead neurons:  tensor([28.,  1.,  1.]) , effective rank:  tensor([13.8311, 34.5876, 27.7952])
recent accuracy tensor(0.9234)
task:  64 , approximate rank:  tensor([16., 26., 17.]) , dead neurons:  tensor([34.,  0.,  4.]) , effective rank:  tensor([15.2522, 30.7182, 23.6610])
recent accuracy tensor(0.9131)
task:  65 , approximate rank:  tensor([16., 31., 24.]) , dead neurons:  tensor([37.,  1.,  0.]) , effective rank:  tensor([15.7152, 34.1911, 30.1696])
recent accuracy tensor(0.9214)
task:  66 , approximate rank:  tensor([13., 29., 20.]) , dead neurons:  tensor([29.,  3.,  0.]) , effective rank:  tensor([12.9863, 32.5250, 26.9202])
recent accuracy tensor(0.9178)
task:  67 , approximate rank:  tensor([12., 21., 19.]) , dead neurons:  tensor([29.,  4.,  2.]) , effective rank:  tensor([12.9733, 26.3932, 25.2988])
recent accuracy tensor(0.9222)
task:  68 , approximate rank:  tensor([15., 32., 21.]) , dead neurons:  tensor([27.,  1.,  0.]) , effective rank:  tensor([15.3118, 35.0758, 27.3594])
recent accuracy tensor(0.9192)
task:  69 , approximate rank:  tensor([13., 24., 14.]) , dead neurons:  tensor([35.,  5.,  0.]) , effective rank:  tensor([13.3316, 28.0203, 21.7723])
recent accuracy tensor(0.9211)
task:  70 , approximate rank:  tensor([13., 30., 16.]) , dead neurons:  tensor([30.,  7.,  0.]) , effective rank:  tensor([12.7726, 32.2135, 23.3441])
recent accuracy tensor(0.9196)
task:  71 , approximate rank:  tensor([12., 30., 17.]) , dead neurons:  tensor([39.,  5.,  0.]) , effective rank:  tensor([13.0926, 33.0545, 24.3065])
recent accuracy tensor(0.9194)
task:  72 , approximate rank:  tensor([15., 37., 24.]) , dead neurons:  tensor([27.,  0.,  0.]) , effective rank:  tensor([14.7115, 38.1601, 29.9309])
recent accuracy tensor(0.9188)
task:  73 , approximate rank:  tensor([12., 24., 17.]) , dead neurons:  tensor([30.,  0.,  0.]) , effective rank:  tensor([12.6643, 28.7376, 23.5618])
recent accuracy tensor(0.9190)
task:  74 , approximate rank:  tensor([16., 37., 23.]) , dead neurons:  tensor([26.,  0.,  0.]) , effective rank:  tensor([14.7133, 39.0417, 28.6712])
recent accuracy tensor(0.9195)
task:  75 , approximate rank:  tensor([14., 36., 24.]) , dead neurons:  tensor([29.,  0.,  0.]) , effective rank:  tensor([13.3235, 37.5390, 29.5193])
recent accuracy tensor(0.9172)
task:  76 , approximate rank:  tensor([14., 29., 16.]) , dead neurons:  tensor([30.,  2.,  0.]) , effective rank:  tensor([13.3470, 32.7606, 23.0472])
recent accuracy tensor(0.9208)
task:  77 , approximate rank:  tensor([11., 25., 18.]) , dead neurons:  tensor([25.,  2.,  2.]) , effective rank:  tensor([12.1485, 29.5800, 24.6149])
recent accuracy tensor(0.9152)
task:  78 , approximate rank:  tensor([12., 28., 16.]) , dead neurons:  tensor([36.,  4.,  3.]) , effective rank:  tensor([12.8614, 31.4784, 22.9897])
recent accuracy tensor(0.9141)
task:  79 , approximate rank:  tensor([14., 30., 21.]) , dead neurons:  tensor([35.,  2.,  0.]) , effective rank:  tensor([13.3177, 33.9325, 27.5771])
recent accuracy tensor(0.9141)
task:  80 , approximate rank:  tensor([14., 39., 28.]) , dead neurons:  tensor([22.,  1.,  0.]) , effective rank:  tensor([13.5525, 40.8049, 32.7956])
recent accuracy tensor(0.9155)
task:  81 , approximate rank:  tensor([12., 31., 24.]) , dead neurons:  tensor([25.,  1.,  0.]) , effective rank:  tensor([11.2772, 33.7961, 30.5484])
recent accuracy tensor(0.9131)
task:  82 , approximate rank:  tensor([11., 30., 22.]) , dead neurons:  tensor([28.,  4.,  0.]) , effective rank:  tensor([10.4604, 32.9498, 28.8021])
recent accuracy tensor(0.9192)
task:  83 , approximate rank:  tensor([12., 36., 25.]) , dead neurons:  tensor([25.,  0.,  0.]) , effective rank:  tensor([12.5869, 37.9263, 31.0861])
recent accuracy tensor(0.9163)
task:  84 , approximate rank:  tensor([10., 29., 21.]) , dead neurons:  tensor([25.,  3.,  3.]) , effective rank:  tensor([10.4922, 32.8540, 27.6148])
recent accuracy tensor(0.9147)
task:  85 , approximate rank:  tensor([12., 30., 19.]) , dead neurons:  tensor([31.,  3.,  0.]) , effective rank:  tensor([11.3786, 33.0307, 25.3972])
recent accuracy tensor(0.9146)
task:  86 , approximate rank:  tensor([11., 28., 17.]) , dead neurons:  tensor([30.,  6.,  2.]) , effective rank:  tensor([11.4152, 31.8573, 23.3752])
recent accuracy tensor(0.9123)
task:  87 , approximate rank:  tensor([13., 30., 19.]) , dead neurons:  tensor([28.,  5.,  0.]) , effective rank:  tensor([11.7471, 31.9271, 26.1417])
recent accuracy tensor(0.9183)
task:  88 , approximate rank:  tensor([13., 32., 20.]) , dead neurons:  tensor([26.,  1.,  0.]) , effective rank:  tensor([12.3590, 35.1660, 26.9511])
recent accuracy tensor(0.9176)
task:  89 , approximate rank:  tensor([12., 18., 16.]) , dead neurons:  tensor([35.,  9.,  2.]) , effective rank:  tensor([11.4063, 22.8596, 22.2795])
recent accuracy tensor(0.9138)
task:  90 , approximate rank:  tensor([10., 26., 15.]) , dead neurons:  tensor([27.,  2.,  0.]) , effective rank:  tensor([11.2632, 29.4613, 21.9848])
recent accuracy tensor(0.9166)
task:  91 , approximate rank:  tensor([12., 27., 15.]) , dead neurons:  tensor([29.,  2.,  0.]) , effective rank:  tensor([11.8229, 31.1734, 21.3427])
recent accuracy tensor(0.9185)
task:  92 , approximate rank:  tensor([14., 40., 22.]) , dead neurons:  tensor([28.,  4.,  0.]) , effective rank:  tensor([13.8771, 40.3253, 29.1120])
recent accuracy tensor(0.9218)
task:  93 , approximate rank:  tensor([12., 23., 15.]) , dead neurons:  tensor([28.,  4.,  0.]) , effective rank:  tensor([11.9980, 27.7466, 22.2590])
recent accuracy tensor(0.9173)
task:  94 , approximate rank:  tensor([10., 25., 17.]) , dead neurons:  tensor([30.,  9.,  1.]) , effective rank:  tensor([10.8403, 28.2885, 24.1243])
recent accuracy tensor(0.9156)
task:  95 , approximate rank:  tensor([13., 28., 20.]) , dead neurons:  tensor([29.,  4.,  0.]) , effective rank:  tensor([12.1225, 32.1610, 27.1281])
recent accuracy tensor(0.9147)
task:  96 , approximate rank:  tensor([11., 20., 14.]) , dead neurons:  tensor([29.,  0.,  0.]) , effective rank:  tensor([10.4610, 25.5077, 21.6124])
recent accuracy tensor(0.9083)
task:  97 , approximate rank:  tensor([13., 33., 19.]) , dead neurons:  tensor([28.,  0.,  0.]) , effective rank:  tensor([13.0949, 35.5831, 26.3384])
recent accuracy tensor(0.9180)
task:  98 , approximate rank:  tensor([12., 27., 18.]) , dead neurons:  tensor([27.,  0.,  0.]) , effective rank:  tensor([11.8619, 31.7830, 25.0199])
recent accuracy tensor(0.9198)
task:  99 , approximate rank:  tensor([13., 31., 28.]) , dead neurons:  tensor([24.,  0.,  0.]) , effective rank:  tensor([13.1655, 34.6425, 32.7585])
recent accuracy tensor(0.9166)
task:  100 , approximate rank:  tensor([13., 30., 20.]) , dead neurons:  tensor([25.,  3.,  1.]) , effective rank:  tensor([13.3115, 34.4442, 26.5110])
recent accuracy tensor(0.9158)
task:  101 , approximate rank:  tensor([11., 21., 14.]) , dead neurons:  tensor([24.,  4.,  2.]) , effective rank:  tensor([11.8282, 27.7776, 21.7931])
recent accuracy tensor(0.9173)
task:  102 , approximate rank:  tensor([11., 20., 15.]) , dead neurons:  tensor([31.,  3.,  0.]) , effective rank:  tensor([10.6112, 24.5021, 22.0910])
recent accuracy tensor(0.9163)
task:  103 , approximate rank:  tensor([14., 29., 19.]) , dead neurons:  tensor([33.,  1.,  0.]) , effective rank:  tensor([13.6461, 33.4256, 26.2246])
recent accuracy tensor(0.9175)
task:  104 , approximate rank:  tensor([13., 25., 17.]) , dead neurons:  tensor([25.,  1.,  1.]) , effective rank:  tensor([12.7092, 30.0439, 24.4452])
recent accuracy tensor(0.9177)
task:  105 , approximate rank:  tensor([15., 30., 26.]) , dead neurons:  tensor([27.,  0.,  0.]) , effective rank:  tensor([13.8169, 34.1609, 31.3577])
recent accuracy tensor(0.9208)
task:  106 , approximate rank:  tensor([13., 22., 16.]) , dead neurons:  tensor([28.,  3.,  2.]) , effective rank:  tensor([12.0301, 27.0541, 22.7986])
recent accuracy tensor(0.9164)
task:  107 , approximate rank:  tensor([17., 34., 21.]) , dead neurons:  tensor([25.,  0.,  0.]) , effective rank:  tensor([15.8895, 37.0303, 27.8881])
recent accuracy tensor(0.9188)
task:  108 , approximate rank:  tensor([15., 31., 19.]) , dead neurons:  tensor([28.,  0.,  0.]) , effective rank:  tensor([14.5517, 35.1968, 25.9965])
recent accuracy tensor(0.9152)
task:  109 , approximate rank:  tensor([13., 37., 27.]) , dead neurons:  tensor([26.,  0.,  0.]) , effective rank:  tensor([12.9588, 39.2040, 33.1838])
recent accuracy tensor(0.9213)
task:  110 , approximate rank:  tensor([12., 28., 19.]) , dead neurons:  tensor([24.,  1.,  1.]) , effective rank:  tensor([11.9163, 32.1417, 26.1539])
recent accuracy tensor(0.9165)
task:  111 , approximate rank:  tensor([14., 33., 18.]) , dead neurons:  tensor([35.,  1.,  1.]) , effective rank:  tensor([13.6387, 36.0359, 24.7174])
recent accuracy tensor(0.9127)
task:  112 , approximate rank:  tensor([11., 30., 18.]) , dead neurons:  tensor([31.,  1.,  0.]) , effective rank:  tensor([12.1193, 34.4461, 25.7966])
recent accuracy tensor(0.9079)
task:  113 , approximate rank:  tensor([14., 22., 16.]) , dead neurons:  tensor([23.,  5.,  0.]) , effective rank:  tensor([13.6577, 27.3402, 22.7150])
recent accuracy tensor(0.9213)
task:  114 , approximate rank:  tensor([15., 31., 19.]) , dead neurons:  tensor([32.,  1.,  1.]) , effective rank:  tensor([14.4958, 34.2309, 25.3564])
recent accuracy tensor(0.9154)
task:  115 , approximate rank:  tensor([17., 37., 26.]) , dead neurons:  tensor([30.,  0.,  0.]) , effective rank:  tensor([16.5184, 39.7290, 31.7132])
recent accuracy tensor(0.9203)
task:  116 , approximate rank:  tensor([19., 34., 21.]) , dead neurons:  tensor([33.,  0.,  0.]) , effective rank:  tensor([18.4406, 36.9280, 28.4093])
recent accuracy tensor(0.9247)
task:  117 , approximate rank:  tensor([16., 31., 15.]) , dead neurons:  tensor([27.,  0.,  0.]) , effective rank:  tensor([16.7147, 35.3232, 22.8718])
recent accuracy tensor(0.9210)
task:  118 , approximate rank:  tensor([17., 33., 21.]) , dead neurons:  tensor([37.,  0.,  1.]) , effective rank:  tensor([16.6361, 35.9067, 28.2024])
recent accuracy tensor(0.9247)
task:  119 , approximate rank:  tensor([18., 30., 20.]) , dead neurons:  tensor([35.,  0.,  0.]) , effective rank:  tensor([16.8407, 34.3203, 27.1610])
recent accuracy tensor(0.9204)
task:  120 , approximate rank:  tensor([13., 24., 15.]) , dead neurons:  tensor([26.,  0.,  0.]) , effective rank:  tensor([13.3583, 28.8467, 22.0816])
recent accuracy tensor(0.9223)
task:  121 , approximate rank:  tensor([15., 32., 18.]) , dead neurons:  tensor([30.,  0.,  1.]) , effective rank:  tensor([14.5577, 35.7829, 25.7402])
recent accuracy tensor(0.9156)
task:  122 , approximate rank:  tensor([15., 38., 22.]) , dead neurons:  tensor([36.,  1.,  0.]) , effective rank:  tensor([14.2820, 39.9400, 28.5880])
recent accuracy tensor(0.9200)
task:  123 , approximate rank:  tensor([15., 30., 18.]) , dead neurons:  tensor([30.,  3.,  1.]) , effective rank:  tensor([14.0275, 33.8146, 24.6234])
recent accuracy tensor(0.9194)
task:  124 , approximate rank:  tensor([15., 29., 20.]) , dead neurons:  tensor([29.,  1.,  1.]) , effective rank:  tensor([14.7385, 33.9872, 27.1851])
recent accuracy tensor(0.9209)
task:  125 , approximate rank:  tensor([14., 25., 15.]) , dead neurons:  tensor([31.,  3.,  0.]) , effective rank:  tensor([13.0640, 29.8210, 22.2957])
recent accuracy tensor(0.9204)
task:  126 , approximate rank:  tensor([11., 22., 14.]) , dead neurons:  tensor([25.,  5.,  0.]) , effective rank:  tensor([12.9864, 27.4229, 20.9202])
recent accuracy tensor(0.9135)
task:  127 , approximate rank:  tensor([12., 29., 21.]) , dead neurons:  tensor([28.,  2.,  1.]) , effective rank:  tensor([12.9703, 32.8331, 26.9209])
recent accuracy tensor(0.9167)
task:  128 , approximate rank:  tensor([12., 26., 23.]) , dead neurons:  tensor([31.,  1.,  0.]) , effective rank:  tensor([13.1163, 30.7497, 28.9194])
recent accuracy tensor(0.9193)
task:  129 , approximate rank:  tensor([15., 27., 17.]) , dead neurons:  tensor([29.,  1.,  0.]) , effective rank:  tensor([15.7486, 32.4406, 23.9978])
recent accuracy tensor(0.9185)
task:  130 , approximate rank:  tensor([14., 34., 23.]) , dead neurons:  tensor([32.,  0.,  0.]) , effective rank:  tensor([15.1195, 36.9359, 29.8237])
recent accuracy tensor(0.9139)
task:  131 , approximate rank:  tensor([14., 19., 15.]) , dead neurons:  tensor([31.,  6.,  2.]) , effective rank:  tensor([13.1083, 25.1938, 22.1838])
recent accuracy tensor(0.9139)
task:  132 , approximate rank:  tensor([14., 36., 20.]) , dead neurons:  tensor([29.,  0.,  0.]) , effective rank:  tensor([14.5307, 37.7817, 27.4653])
recent accuracy tensor(0.9179)
task:  133 , approximate rank:  tensor([12., 29., 19.]) , dead neurons:  tensor([29.,  4.,  0.]) , effective rank:  tensor([12.6562, 32.8451, 26.6947])
recent accuracy tensor(0.9150)
task:  134 , approximate rank:  tensor([12., 26., 19.]) , dead neurons:  tensor([34.,  4.,  2.]) , effective rank:  tensor([13.4067, 30.2973, 26.1311])
recent accuracy tensor(0.9149)
task:  135 , approximate rank:  tensor([13., 31., 23.]) , dead neurons:  tensor([26.,  1.,  1.]) , effective rank:  tensor([14.3168, 33.9649, 28.8438])
recent accuracy tensor(0.9191)
task:  136 , approximate rank:  tensor([16., 30., 20.]) , dead neurons:  tensor([28.,  0.,  1.]) , effective rank:  tensor([15.1356, 32.9717, 26.3921])
recent accuracy tensor(0.9178)
task:  137 , approximate rank:  tensor([12., 20., 15.]) , dead neurons:  tensor([36.,  8.,  2.]) , effective rank:  tensor([11.9306, 25.1515, 22.3426])
recent accuracy tensor(0.9119)
task:  138 , approximate rank:  tensor([14., 29., 16.]) , dead neurons:  tensor([29.,  1.,  0.]) , effective rank:  tensor([13.3353, 32.9714, 23.9590])
recent accuracy tensor(0.9165)
task:  139 , approximate rank:  tensor([14., 28., 15.]) , dead neurons:  tensor([34.,  3.,  0.]) , effective rank:  tensor([13.0521, 32.4775, 22.1874])
recent accuracy tensor(0.9189)
task:  140 , approximate rank:  tensor([15., 38., 28.]) , dead neurons:  tensor([29.,  0.,  0.]) , effective rank:  tensor([15.4081, 39.8996, 32.7142])
recent accuracy tensor(0.9216)
task:  141 , approximate rank:  tensor([15., 28., 14.]) , dead neurons:  tensor([27.,  3.,  0.]) , effective rank:  tensor([13.0977, 30.9476, 21.4192])
recent accuracy tensor(0.9210)
task:  142 , approximate rank:  tensor([13., 31., 20.]) , dead neurons:  tensor([23.,  3.,  2.]) , effective rank:  tensor([12.9352, 33.4844, 26.5673])
recent accuracy tensor(0.9216)
task:  143 , approximate rank:  tensor([12., 21., 15.]) , dead neurons:  tensor([31.,  4.,  0.]) , effective rank:  tensor([12.4846, 26.9768, 22.0000])
recent accuracy tensor(0.9185)
task:  144 , approximate rank:  tensor([14., 29., 17.]) , dead neurons:  tensor([30.,  3.,  0.]) , effective rank:  tensor([14.3289, 32.3877, 24.1860])
recent accuracy tensor(0.9218)
task:  145 , approximate rank:  tensor([12., 21., 15.]) , dead neurons:  tensor([26.,  5.,  1.]) , effective rank:  tensor([12.1099, 25.2867, 21.9326])
recent accuracy tensor(0.9202)
task:  146 , approximate rank:  tensor([10., 20., 14.]) , dead neurons:  tensor([30.,  7.,  0.]) , effective rank:  tensor([10.9224, 25.2064, 21.2458])
recent accuracy tensor(0.9161)
task:  147 , approximate rank:  tensor([13., 33., 23.]) , dead neurons:  tensor([25.,  6.,  0.]) , effective rank:  tensor([12.8230, 35.3438, 29.3538])
recent accuracy tensor(0.9204)
task:  148 , approximate rank:  tensor([13., 28., 24.]) , dead neurons:  tensor([24.,  4.,  0.]) , effective rank:  tensor([12.3236, 32.1203, 29.6149])
recent accuracy tensor(0.9102)
task:  149 , approximate rank:  tensor([15., 29., 21.]) , dead neurons:  tensor([26.,  3.,  0.]) , effective rank:  tensor([14.0128, 32.4238, 27.5985])
recent accuracy tensor(0.9208)
task:  150 , approximate rank:  tensor([13., 23., 14.]) , dead neurons:  tensor([29.,  8.,  0.]) , effective rank:  tensor([12.3716, 28.3295, 21.4483])
recent accuracy tensor(0.9201)
task:  151 , approximate rank:  tensor([15., 38., 23.]) , dead neurons:  tensor([31.,  1.,  0.]) , effective rank:  tensor([13.8422, 39.0599, 29.8493])
recent accuracy tensor(0.9180)
task:  152 , approximate rank:  tensor([12., 32., 26.]) , dead neurons:  tensor([33.,  3.,  0.]) , effective rank:  tensor([11.7029, 34.9573, 31.3195])
recent accuracy tensor(0.9190)
task:  153 , approximate rank:  tensor([13., 34., 21.]) , dead neurons:  tensor([41.,  2.,  0.]) , effective rank:  tensor([11.9926, 36.0796, 27.4759])
recent accuracy tensor(0.9165)
task:  154 , approximate rank:  tensor([12., 32., 23.]) , dead neurons:  tensor([32.,  0.,  0.]) , effective rank:  tensor([11.4137, 34.6348, 29.3482])
recent accuracy tensor(0.9174)
task:  155 , approximate rank:  tensor([10., 31., 22.]) , dead neurons:  tensor([29.,  6.,  0.]) , effective rank:  tensor([10.1857, 33.7739, 28.7873])
recent accuracy tensor(0.9164)
task:  156 , approximate rank:  tensor([11., 19., 14.]) , dead neurons:  tensor([29., 12.,  1.]) , effective rank:  tensor([10.9391, 23.9507, 21.2958])
recent accuracy tensor(0.9160)
task:  157 , approximate rank:  tensor([13., 25., 17.]) , dead neurons:  tensor([27.,  5.,  0.]) , effective rank:  tensor([12.4178, 29.3815, 24.2798])
recent accuracy tensor(0.9146)
task:  158 , approximate rank:  tensor([11., 32., 28.]) , dead neurons:  tensor([28.,  4.,  0.]) , effective rank:  tensor([11.7084, 34.8638, 32.7419])
recent accuracy tensor(0.9216)
task:  159 , approximate rank:  tensor([11., 27., 21.]) , dead neurons:  tensor([39.,  7.,  1.]) , effective rank:  tensor([10.0097, 30.7961, 26.9240])
recent accuracy tensor(0.9169)
task:  160 , approximate rank:  tensor([13., 39., 28.]) , dead neurons:  tensor([27.,  2.,  0.]) , effective rank:  tensor([12.3904, 40.2746, 32.7913])
recent accuracy tensor(0.9169)
task:  161 , approximate rank:  tensor([14., 39., 23.]) , dead neurons:  tensor([32.,  2.,  0.]) , effective rank:  tensor([12.9767, 40.3755, 29.1885])
recent accuracy tensor(0.9194)
task:  162 , approximate rank:  tensor([15., 39., 26.]) , dead neurons:  tensor([33.,  1.,  0.]) , effective rank:  tensor([13.5404, 40.2295, 31.8950])
recent accuracy tensor(0.9204)
task:  163 , approximate rank:  tensor([13., 28., 20.]) , dead neurons:  tensor([27.,  1.,  0.]) , effective rank:  tensor([12.3401, 31.6029, 26.8718])
recent accuracy tensor(0.9192)
task:  164 , approximate rank:  tensor([14., 37., 27.]) , dead neurons:  tensor([29.,  0.,  1.]) , effective rank:  tensor([12.9880, 38.2737, 32.3395])
recent accuracy tensor(0.9158)
task:  165 , approximate rank:  tensor([14., 32., 28.]) , dead neurons:  tensor([32.,  0.,  0.]) , effective rank:  tensor([13.7369, 35.5084, 32.9071])
recent accuracy tensor(0.9222)
task:  166 , approximate rank:  tensor([12., 19., 17.]) , dead neurons:  tensor([25.,  3.,  1.]) , effective rank:  tensor([12.6048, 25.4717, 24.1004])
recent accuracy tensor(0.9238)
task:  167 , approximate rank:  tensor([15., 30., 22.]) , dead neurons:  tensor([32.,  1.,  0.]) , effective rank:  tensor([14.4065, 34.0409, 28.5029])
recent accuracy tensor(0.9164)
task:  168 , approximate rank:  tensor([12., 32., 20.]) , dead neurons:  tensor([36.,  5.,  1.]) , effective rank:  tensor([12.7576, 34.1640, 26.8721])
recent accuracy tensor(0.9130)
task:  169 , approximate rank:  tensor([11., 21., 17.]) , dead neurons:  tensor([33.,  5.,  0.]) , effective rank:  tensor([11.0998, 26.3528, 23.9345])
recent accuracy tensor(0.9153)
task:  170 , approximate rank:  tensor([13., 22., 17.]) , dead neurons:  tensor([36.,  4.,  0.]) , effective rank:  tensor([12.5195, 27.7199, 24.9796])
recent accuracy tensor(0.9130)
task:  171 , approximate rank:  tensor([15., 34., 24.]) , dead neurons:  tensor([37.,  1.,  1.]) , effective rank:  tensor([14.8678, 37.4345, 30.8136])
recent accuracy tensor(0.9143)
task:  172 , approximate rank:  tensor([14., 31., 22.]) , dead neurons:  tensor([31.,  2.,  0.]) , effective rank:  tensor([14.1794, 34.4162, 28.7143])
recent accuracy tensor(0.9198)
task:  173 , approximate rank:  tensor([15., 24., 16.]) , dead neurons:  tensor([37.,  0.,  0.]) , effective rank:  tensor([14.7400, 28.5231, 23.7019])
recent accuracy tensor(0.9163)
task:  174 , approximate rank:  tensor([14., 37., 21.]) , dead neurons:  tensor([34.,  1.,  0.]) , effective rank:  tensor([13.9546, 37.9702, 28.5144])
recent accuracy tensor(0.9158)
task:  175 , approximate rank:  tensor([16., 31., 20.]) , dead neurons:  tensor([37.,  2.,  0.]) , effective rank:  tensor([14.8890, 34.0251, 26.8453])
recent accuracy tensor(0.9112)
task:  176 , approximate rank:  tensor([14., 29., 17.]) , dead neurons:  tensor([27.,  4.,  0.]) , effective rank:  tensor([13.4167, 32.3564, 24.6807])
recent accuracy tensor(0.9136)
task:  177 , approximate rank:  tensor([12., 27., 19.]) , dead neurons:  tensor([32.,  3.,  0.]) , effective rank:  tensor([13.1886, 30.6327, 25.8766])
recent accuracy tensor(0.9169)
task:  178 , approximate rank:  tensor([17., 38., 24.]) , dead neurons:  tensor([41.,  1.,  0.]) , effective rank:  tensor([15.6028, 38.9721, 30.2357])
recent accuracy tensor(0.9178)
task:  179 , approximate rank:  tensor([15., 36., 19.]) , dead neurons:  tensor([33.,  1.,  1.]) , effective rank:  tensor([14.9951, 37.4661, 26.9846])
recent accuracy tensor(0.9128)
task:  180 , approximate rank:  tensor([15., 38., 25.]) , dead neurons:  tensor([32.,  1.,  0.]) , effective rank:  tensor([14.6001, 39.5132, 30.4556])
recent accuracy tensor(0.9116)
task:  181 , approximate rank:  tensor([14., 30., 22.]) , dead neurons:  tensor([32.,  3.,  0.]) , effective rank:  tensor([14.1582, 33.5530, 28.2711])
recent accuracy tensor(0.9187)
task:  182 , approximate rank:  tensor([17., 31., 23.]) , dead neurons:  tensor([33.,  1.,  0.]) , effective rank:  tensor([15.5614, 34.2278, 29.6909])
recent accuracy tensor(0.9196)
task:  183 , approximate rank:  tensor([14., 33., 19.]) , dead neurons:  tensor([28.,  3.,  0.]) , effective rank:  tensor([14.7118, 34.7905, 26.3537])
recent accuracy tensor(0.9207)
task:  184 , approximate rank:  tensor([16., 36., 20.]) , dead neurons:  tensor([28.,  2.,  0.]) , effective rank:  tensor([15.1200, 37.4782, 27.2587])
recent accuracy tensor(0.9201)
task:  185 , approximate rank:  tensor([18., 41., 26.]) , dead neurons:  tensor([27.,  1.,  0.]) , effective rank:  tensor([17.2286, 41.6747, 31.3403])
recent accuracy tensor(0.9238)
task:  186 , approximate rank:  tensor([16., 27., 17.]) , dead neurons:  tensor([28.,  3.,  0.]) , effective rank:  tensor([15.2926, 30.0625, 23.9115])
recent accuracy tensor(0.9187)
task:  187 , approximate rank:  tensor([16., 29., 15.]) , dead neurons:  tensor([24.,  2.,  1.]) , effective rank:  tensor([14.6889, 31.9424, 22.1702])
recent accuracy tensor(0.9190)
task:  188 , approximate rank:  tensor([16., 28., 18.]) , dead neurons:  tensor([25.,  1.,  0.]) , effective rank:  tensor([15.7546, 32.7653, 25.2600])
recent accuracy tensor(0.9171)
task:  189 , approximate rank:  tensor([13., 23., 15.]) , dead neurons:  tensor([22., 10.,  2.]) , effective rank:  tensor([13.8073, 25.8971, 21.5730])
