## SLURM PROLOG ###############################################################
##    Job ID : 11308381
##  Job Name : run
##  Nodelist : gpu2505
##      CPUs : 
##  Mem/Node : 65536 MB
## Directory : /oscar/home/kguo32/ReAI-loss-of-plasticity/lop/permuted_mnist
##   Job Started : Tue May  6 11:34:18 AM EDT 2025
###############################################################################
step: 0 , approximate rank:  tensor([17., 15., 14.]) , dead neurons:  tensor([0., 0., 0.]) effective rank:  tensor([15.1010, 13.3934, 11.6032])
recent accuracy tensor(0.8332)
step: 1 , approximate rank:  tensor([16., 10.,  9.]) , dead neurons:  tensor([0., 0., 0.]) effective rank:  tensor([13.1410, 10.0234,  9.1682])
recent accuracy tensor(0.8993)
step: 2 , approximate rank:  tensor([14.,  8.,  7.]) , dead neurons:  tensor([0., 0., 1.]) effective rank:  tensor([11.2182,  7.9797,  7.2797])
recent accuracy tensor(0.9021)
step: 3 , approximate rank:  tensor([15.,  9.,  7.]) , dead neurons:  tensor([0., 0., 2.]) effective rank:  tensor([11.5851,  8.6107,  7.5702])
recent accuracy tensor(0.9030)
step: 4 , approximate rank:  tensor([12.,  8.,  7.]) , dead neurons:  tensor([0., 0., 3.]) effective rank:  tensor([9.6606, 8.0215, 7.0522])
recent accuracy tensor(0.9000)
step: 5 , approximate rank:  tensor([11.,  9.,  8.]) , dead neurons:  tensor([0., 1., 3.]) effective rank:  tensor([9.1115, 8.0205, 7.4480])
recent accuracy tensor(0.9054)
step: 6 , approximate rank:  tensor([11., 10.,  9.]) , dead neurons:  tensor([0., 0., 3.]) effective rank:  tensor([8.9318, 9.1589, 8.3766])
recent accuracy tensor(0.8999)
step: 7 , approximate rank:  tensor([11., 10.,  8.]) , dead neurons:  tensor([0., 0., 3.]) effective rank:  tensor([9.0519, 8.5362, 7.8962])
recent accuracy tensor(0.8951)
step: 8 , approximate rank:  tensor([12., 10., 10.]) , dead neurons:  tensor([1., 2., 1.]) effective rank:  tensor([9.5525, 8.7931, 8.7208])
recent accuracy tensor(0.8929)
step: 9 , approximate rank:  tensor([9., 9., 8.]) , dead neurons:  tensor([0., 2., 3.]) effective rank:  tensor([8.2671, 7.7174, 7.5070])
recent accuracy tensor(0.8972)
step: 10 , approximate rank:  tensor([10.,  8.,  9.]) , dead neurons:  tensor([0., 3., 1.]) effective rank:  tensor([8.5751, 7.4801, 8.2940])
recent accuracy tensor(0.8986)
step: 11 , approximate rank:  tensor([10., 10.,  9.]) , dead neurons:  tensor([0., 3., 3.]) effective rank:  tensor([8.6025, 8.1319, 8.6824])
recent accuracy tensor(0.8970)
step: 12 , approximate rank:  tensor([ 9.,  9., 10.]) , dead neurons:  tensor([0., 3., 3.]) effective rank:  tensor([7.8183, 8.0637, 9.0644])
recent accuracy tensor(0.8915)
step: 13 , approximate rank:  tensor([10., 10., 10.]) , dead neurons:  tensor([0., 2., 3.]) effective rank:  tensor([8.4323, 8.2135, 8.9344])
recent accuracy tensor(0.8976)
step: 14 , approximate rank:  tensor([11.,  9.,  9.]) , dead neurons:  tensor([0., 3., 3.]) effective rank:  tensor([8.3477, 7.9117, 9.1482])
recent accuracy tensor(0.8811)
step: 15 , approximate rank:  tensor([10.,  8.,  8.]) , dead neurons:  tensor([0., 3., 2.]) effective rank:  tensor([7.9252, 6.7831, 7.9154])
recent accuracy tensor(0.8845)
step: 16 , approximate rank:  tensor([10.,  9.,  9.]) , dead neurons:  tensor([1., 2., 3.]) effective rank:  tensor([8.6171, 7.5015, 8.3258])
recent accuracy tensor(0.8902)
step: 17 , approximate rank:  tensor([11.,  8.,  9.]) , dead neurons:  tensor([1., 1., 2.]) effective rank:  tensor([8.1682, 7.0231, 8.2093])
recent accuracy tensor(0.8745)
step: 18 , approximate rank:  tensor([12.,  9.,  8.]) , dead neurons:  tensor([0., 1., 1.]) effective rank:  tensor([8.9371, 8.1062, 7.5046])
recent accuracy tensor(0.8814)
step: 19 , approximate rank:  tensor([12.,  9., 10.]) , dead neurons:  tensor([0., 2., 3.]) effective rank:  tensor([9.1034, 7.8984, 8.6064])
recent accuracy tensor(0.8831)
