## SLURM PROLOG ###############################################################
##    Job ID : 11308261
##  Job Name : run
##  Nodelist : gpu2114
##      CPUs : 
##  Mem/Node : 65536 MB
## Directory : /oscar/home/kguo32/ReAI-loss-of-plasticity/lop/permuted_mnist
##   Job Started : Tue May  6 11:23:19 AM EDT 2025
###############################################################################
step: 0 , approximate rank:  tensor([15., 15., 13.]) , dead neurons:  tensor([0., 0., 0.]) effective rank:  tensor([13.6689, 12.5590, 11.5393])
recent accuracy tensor(0.8555)
step: 1 , approximate rank:  tensor([13.,  9.,  8.]) , dead neurons:  tensor([0., 0., 0.]) effective rank:  tensor([11.5178,  8.1130,  7.6267])
recent accuracy tensor(0.8976)
step: 2 , approximate rank:  tensor([12.,  7.,  7.]) , dead neurons:  tensor([0., 3., 1.]) effective rank:  tensor([9.4204, 6.0292, 6.4330])
recent accuracy tensor(0.8964)
step: 3 , approximate rank:  tensor([13.,  8.,  7.]) , dead neurons:  tensor([0., 2., 0.]) effective rank:  tensor([10.3433,  7.3946,  7.3813])
recent accuracy tensor(0.8984)
step: 4 , approximate rank:  tensor([10.,  7.,  7.]) , dead neurons:  tensor([0., 3., 1.]) effective rank:  tensor([8.8836, 5.9752, 6.4595])
recent accuracy tensor(0.9010)
step: 5 , approximate rank:  tensor([11.,  7.,  7.]) , dead neurons:  tensor([0., 3., 1.]) effective rank:  tensor([8.6859, 6.3611, 6.9618])
recent accuracy tensor(0.9012)
step: 6 , approximate rank:  tensor([9., 7., 7.]) , dead neurons:  tensor([0., 4., 1.]) effective rank:  tensor([7.3380, 6.5585, 6.9270])
recent accuracy tensor(0.8987)
step: 7 , approximate rank:  tensor([9., 7., 8.]) , dead neurons:  tensor([0., 3., 1.]) effective rank:  tensor([7.6545, 6.7745, 8.1598])
recent accuracy tensor(0.8998)
step: 8 , approximate rank:  tensor([9., 8., 8.]) , dead neurons:  tensor([0., 3., 1.]) effective rank:  tensor([7.6869, 7.1701, 8.1233])
recent accuracy tensor(0.8967)
step: 9 , approximate rank:  tensor([10.,  9.,  9.]) , dead neurons:  tensor([0., 3., 0.]) effective rank:  tensor([8.1023, 7.9236, 8.6870])
recent accuracy tensor(0.8865)
step: 10 , approximate rank:  tensor([7., 7., 7.]) , dead neurons:  tensor([0., 2., 1.]) effective rank:  tensor([6.6280, 6.4255, 6.4761])
recent accuracy tensor(0.8909)
step: 11 , approximate rank:  tensor([8., 7., 6.]) , dead neurons:  tensor([1., 1., 1.]) effective rank:  tensor([6.3082, 6.2861, 6.5547])
recent accuracy tensor(0.8949)
step: 12 , approximate rank:  tensor([ 9.,  8., 10.]) , dead neurons:  tensor([0., 1., 1.]) effective rank:  tensor([7.3333, 7.4563, 9.2371])
recent accuracy tensor(0.8829)
step: 13 , approximate rank:  tensor([7., 7., 8.]) , dead neurons:  tensor([0., 3., 2.]) effective rank:  tensor([6.0984, 6.3005, 7.9696])
recent accuracy tensor(0.8813)
step: 14 , approximate rank:  tensor([8., 7., 7.]) , dead neurons:  tensor([1., 2., 1.]) effective rank:  tensor([6.7317, 6.3769, 7.1063])
recent accuracy tensor(0.8903)
step: 15 , approximate rank:  tensor([9., 8., 8.]) , dead neurons:  tensor([1., 3., 0.]) effective rank:  tensor([7.3937, 6.7681, 7.9347])
recent accuracy tensor(0.8768)
step: 16 , approximate rank:  tensor([ 9.,  8., 10.]) , dead neurons:  tensor([0., 5., 1.]) effective rank:  tensor([7.1435, 6.5019, 9.1396])
recent accuracy tensor(0.8897)
step: 17 , approximate rank:  tensor([8., 7., 8.]) , dead neurons:  tensor([1., 4., 1.]) effective rank:  tensor([6.7485, 5.9913, 7.6602])
recent accuracy tensor(0.8920)
step: 18 , approximate rank:  tensor([8., 7., 7.]) , dead neurons:  tensor([1., 4., 2.]) effective rank:  tensor([6.2458, 5.6393, 6.9936])
recent accuracy tensor(0.8766)
step: 19 , approximate rank:  tensor([6., 7., 7.]) , dead neurons:  tensor([2., 7., 0.]) effective rank:  tensor([5.1211, 5.4572, 7.4437])
recent accuracy tensor(0.8610)
