## SLURM PROLOG ###############################################################
##    Job ID : 11359629
##  Job Name : run
##  Nodelist : gpu2253
##      CPUs : 
##  Mem/Node : 65536 MB
## Directory : /oscar/home/kguo32/ReAI-loss-of-plasticity/lop/permuted_mnist
##   Job Started : Thu May  8 04:42:38 PM EDT 2025
###############################################################################
task:  0 , approximate rank:  tensor([78., 63., 55.]) , dead neurons:  tensor([0., 0., 0.]) , effective rank:  tensor([66.8110, 55.7274, 50.9432])
recent accuracy tensor(0.9334)
task:  1 , approximate rank:  tensor([66., 67., 62.]) , dead neurons:  tensor([3., 0., 0.]) , effective rank:  tensor([60.2135, 59.6300, 53.6149])
recent accuracy tensor(0.9399)
task:  2 , approximate rank:  tensor([70., 68., 50.]) , dead neurons:  tensor([1., 0., 0.]) , effective rank:  tensor([66.8789, 60.0266, 46.1846])
recent accuracy tensor(0.9394)
task:  3 , approximate rank:  tensor([52., 52., 42.]) , dead neurons:  tensor([1., 1., 0.]) , effective rank:  tensor([49.9803, 48.0122, 41.4479])
recent accuracy tensor(0.9380)
task:  4 , approximate rank:  tensor([56., 57., 38.]) , dead neurons:  tensor([2., 0., 0.]) , effective rank:  tensor([52.6830, 51.4112, 39.5823])
recent accuracy tensor(0.9416)
task:  5 , approximate rank:  tensor([54., 55., 37.]) , dead neurons:  tensor([2., 1., 0.]) , effective rank:  tensor([52.1547, 49.4776, 38.9544])
recent accuracy tensor(0.9405)
task:  6 , approximate rank:  tensor([55., 57., 37.]) , dead neurons:  tensor([1., 0., 0.]) , effective rank:  tensor([53.2569, 51.0755, 38.6135])
recent accuracy tensor(0.9394)
task:  7 , approximate rank:  tensor([55., 51., 29.]) , dead neurons:  tensor([1., 1., 0.]) , effective rank:  tensor([53.4942, 46.9917, 34.2321])
recent accuracy tensor(0.9416)
task:  8 , approximate rank:  tensor([57., 61., 41.]) , dead neurons:  tensor([1., 0., 0.]) , effective rank:  tensor([55.2175, 53.5295, 41.4009])
recent accuracy tensor(0.9414)
task:  9 , approximate rank:  tensor([48., 46., 31.]) , dead neurons:  tensor([3., 3., 2.]) , effective rank:  tensor([46.2103, 43.3443, 34.8612])
recent accuracy tensor(0.9407)
task:  10 , approximate rank:  tensor([51., 56., 33.]) , dead neurons:  tensor([1., 2., 1.]) , effective rank:  tensor([52.9960, 51.4727, 36.6879])
recent accuracy tensor(0.9391)
task:  11 , approximate rank:  tensor([62., 64., 40.]) , dead neurons:  tensor([2., 1., 0.]) , effective rank:  tensor([58.5663, 56.1195, 40.7444])
recent accuracy tensor(0.9395)
task:  12 , approximate rank:  tensor([50., 46., 37.]) , dead neurons:  tensor([5., 1., 1.]) , effective rank:  tensor([47.6446, 43.2794, 39.2015])
recent accuracy tensor(0.9416)
task:  13 , approximate rank:  tensor([52., 49., 39.]) , dead neurons:  tensor([2., 1., 1.]) , effective rank:  tensor([49.4895, 46.2505, 40.0009])
recent accuracy tensor(0.9423)
task:  14 , approximate rank:  tensor([59., 66., 47.]) , dead neurons:  tensor([1., 0., 0.]) , effective rank:  tensor([56.8869, 58.7586, 45.2632])
recent accuracy tensor(0.9406)
task:  15 , approximate rank:  tensor([62., 61., 40.]) , dead neurons:  tensor([0., 3., 0.]) , effective rank:  tensor([58.5479, 53.9398, 40.9495])
recent accuracy tensor(0.9419)
task:  16 , approximate rank:  tensor([62., 60., 44.]) , dead neurons:  tensor([0., 0., 0.]) , effective rank:  tensor([57.8401, 54.4963, 43.5184])
recent accuracy tensor(0.9410)
task:  17 , approximate rank:  tensor([51., 50., 33.]) , dead neurons:  tensor([3., 3., 1.]) , effective rank:  tensor([48.5606, 45.7688, 36.0199])
recent accuracy tensor(0.9413)
task:  18 , approximate rank:  tensor([47., 49., 36.]) , dead neurons:  tensor([1., 2., 0.]) , effective rank:  tensor([47.6721, 45.1724, 38.3049])
recent accuracy tensor(0.9411)
task:  19 , approximate rank:  tensor([51., 49., 39.]) , dead neurons:  tensor([1., 1., 0.]) , effective rank:  tensor([49.8778, 45.6789, 40.6637])
recent accuracy tensor(0.9430)
task:  20 , approximate rank:  tensor([56., 58., 43.]) , dead neurons:  tensor([0., 2., 0.]) , effective rank:  tensor([53.4345, 51.2983, 42.6048])
recent accuracy tensor(0.9406)
task:  21 , approximate rank:  tensor([59., 59., 43.]) , dead neurons:  tensor([4., 3., 0.]) , effective rank:  tensor([54.7862, 51.8769, 42.8542])
recent accuracy tensor(0.9418)
task:  22 , approximate rank:  tensor([51., 49., 40.]) , dead neurons:  tensor([4., 1., 0.]) , effective rank:  tensor([48.7640, 46.3892, 41.3008])
recent accuracy tensor(0.9400)
task:  23 , approximate rank:  tensor([57., 64., 44.]) , dead neurons:  tensor([0., 2., 0.]) , effective rank:  tensor([56.9090, 56.3807, 43.2791])
recent accuracy tensor(0.9409)
task:  24 , approximate rank:  tensor([43., 43., 30.]) , dead neurons:  tensor([3., 6., 0.]) , effective rank:  tensor([44.1488, 40.7587, 34.5114])
recent accuracy tensor(0.9402)
task:  25 , approximate rank:  tensor([59., 55., 36.]) , dead neurons:  tensor([2., 0., 0.]) , effective rank:  tensor([55.1995, 49.9622, 38.2256])
recent accuracy tensor(0.9410)
task:  26 , approximate rank:  tensor([63., 67., 42.]) , dead neurons:  tensor([1., 0., 0.]) , effective rank:  tensor([59.5087, 59.4958, 42.8585])
recent accuracy tensor(0.9414)
task:  27 , approximate rank:  tensor([56., 62., 39.]) , dead neurons:  tensor([1., 0., 0.]) , effective rank:  tensor([54.0295, 55.5817, 40.8412])
recent accuracy tensor(0.9435)
task:  28 , approximate rank:  tensor([53., 51., 33.]) , dead neurons:  tensor([3., 2., 0.]) , effective rank:  tensor([50.9306, 47.0102, 36.5239])
recent accuracy tensor(0.9417)
task:  29 , approximate rank:  tensor([54., 60., 40.]) , dead neurons:  tensor([4., 0., 0.]) , effective rank:  tensor([52.0638, 54.0898, 40.7031])
recent accuracy tensor(0.9407)
task:  30 , approximate rank:  tensor([60., 64., 45.]) , dead neurons:  tensor([1., 1., 0.]) , effective rank:  tensor([56.6770, 57.4081, 44.8263])
recent accuracy tensor(0.9428)
task:  31 , approximate rank:  tensor([58., 53., 32.]) , dead neurons:  tensor([0., 0., 0.]) , effective rank:  tensor([56.0078, 49.9391, 36.4011])
recent accuracy tensor(0.9430)
task:  32 , approximate rank:  tensor([56., 58., 39.]) , dead neurons:  tensor([1., 2., 0.]) , effective rank:  tensor([54.4087, 52.1402, 40.7689])
recent accuracy tensor(0.9413)
task:  33 , approximate rank:  tensor([51., 45., 26.]) , dead neurons:  tensor([4., 1., 2.]) , effective rank:  tensor([48.6031, 43.4530, 31.1799])
recent accuracy tensor(0.9402)
task:  34 , approximate rank:  tensor([63., 67., 46.]) , dead neurons:  tensor([1., 0., 0.]) , effective rank:  tensor([59.6218, 58.7892, 44.7563])
recent accuracy tensor(0.9406)
task:  35 , approximate rank:  tensor([51., 53., 34.]) , dead neurons:  tensor([3., 1., 1.]) , effective rank:  tensor([50.0521, 47.8954, 36.5817])
recent accuracy tensor(0.9410)
task:  36 , approximate rank:  tensor([53., 48., 26.]) , dead neurons:  tensor([0., 1., 0.]) , effective rank:  tensor([51.4163, 44.4633, 31.3619])
recent accuracy tensor(0.9442)
task:  37 , approximate rank:  tensor([54., 51., 37.]) , dead neurons:  tensor([0., 3., 0.]) , effective rank:  tensor([51.7620, 47.5975, 38.7212])
recent accuracy tensor(0.9400)
task:  38 , approximate rank:  tensor([46., 51., 35.]) , dead neurons:  tensor([5., 2., 0.]) , effective rank:  tensor([46.7698, 48.0602, 37.3650])
recent accuracy tensor(0.9412)
task:  39 , approximate rank:  tensor([56., 63., 41.]) , dead neurons:  tensor([2., 1., 0.]) , effective rank:  tensor([54.1313, 56.0321, 41.9112])
recent accuracy tensor(0.9419)
task:  40 , approximate rank:  tensor([54., 59., 33.]) , dead neurons:  tensor([4., 2., 1.]) , effective rank:  tensor([52.6719, 52.7923, 36.3938])
recent accuracy tensor(0.9398)
task:  41 , approximate rank:  tensor([57., 56., 36.]) , dead neurons:  tensor([2., 1., 1.]) , effective rank:  tensor([55.2192, 50.8369, 38.1820])
recent accuracy tensor(0.9405)
task:  42 , approximate rank:  tensor([58., 64., 47.]) , dead neurons:  tensor([2., 0., 0.]) , effective rank:  tensor([55.2009, 55.5316, 45.1884])
recent accuracy tensor(0.9434)
task:  43 , approximate rank:  tensor([54., 57., 37.]) , dead neurons:  tensor([1., 3., 1.]) , effective rank:  tensor([53.0493, 51.5306, 39.1669])
recent accuracy tensor(0.9430)
task:  44 , approximate rank:  tensor([54., 56., 34.]) , dead neurons:  tensor([3., 0., 0.]) , effective rank:  tensor([51.3127, 50.8552, 37.7680])
recent accuracy tensor(0.9413)
task:  45 , approximate rank:  tensor([49., 42., 30.]) , dead neurons:  tensor([4., 1., 0.]) , effective rank:  tensor([47.1966, 41.5718, 34.6229])
recent accuracy tensor(0.9418)
task:  46 , approximate rank:  tensor([41., 46., 29.]) , dead neurons:  tensor([2., 2., 0.]) , effective rank:  tensor([41.8817, 43.3443, 33.3405])
recent accuracy tensor(0.9385)
task:  47 , approximate rank:  tensor([45., 54., 41.]) , dead neurons:  tensor([4., 6., 0.]) , effective rank:  tensor([44.6655, 49.8108, 41.5265])
recent accuracy tensor(0.9404)
task:  48 , approximate rank:  tensor([57., 52., 37.]) , dead neurons:  tensor([2., 0., 0.]) , effective rank:  tensor([53.8260, 48.5496, 39.1418])
recent accuracy tensor(0.9403)
task:  49 , approximate rank:  tensor([53., 55., 36.]) , dead neurons:  tensor([2., 2., 1.]) , effective rank:  tensor([51.4857, 49.7983, 37.7111])
recent accuracy tensor(0.9402)
task:  50 , approximate rank:  tensor([54., 65., 46.]) , dead neurons:  tensor([1., 2., 0.]) , effective rank:  tensor([51.8611, 56.9966, 44.8598])
recent accuracy tensor(0.9404)
task:  51 , approximate rank:  tensor([50., 55., 34.]) , dead neurons:  tensor([3., 1., 0.]) , effective rank:  tensor([50.0986, 50.8127, 37.0105])
recent accuracy tensor(0.9416)
task:  52 , approximate rank:  tensor([59., 59., 40.]) , dead neurons:  tensor([2., 0., 1.]) , effective rank:  tensor([55.5374, 53.6392, 41.0775])
recent accuracy tensor(0.9412)
task:  53 , approximate rank:  tensor([57., 54., 38.]) , dead neurons:  tensor([1., 0., 1.]) , effective rank:  tensor([53.1471, 49.4855, 39.2861])
recent accuracy tensor(0.9401)
task:  54 , approximate rank:  tensor([56., 56., 37.]) , dead neurons:  tensor([3., 2., 1.]) , effective rank:  tensor([52.9292, 50.9789, 38.6358])
recent accuracy tensor(0.9403)
task:  55 , approximate rank:  tensor([51., 48., 34.]) , dead neurons:  tensor([3., 3., 1.]) , effective rank:  tensor([48.9988, 45.2161, 36.8238])
recent accuracy tensor(0.9384)
task:  56 , approximate rank:  tensor([52., 45., 28.]) , dead neurons:  tensor([2., 3., 0.]) , effective rank:  tensor([50.5169, 42.5875, 33.5091])
recent accuracy tensor(0.9390)
task:  57 , approximate rank:  tensor([50., 43., 30.]) , dead neurons:  tensor([1., 5., 0.]) , effective rank:  tensor([48.9515, 41.7053, 34.5272])
recent accuracy tensor(0.9402)
task:  58 , approximate rank:  tensor([58., 65., 43.]) , dead neurons:  tensor([1., 0., 0.]) , effective rank:  tensor([54.7873, 57.1133, 42.8035])
recent accuracy tensor(0.9413)
task:  59 , approximate rank:  tensor([60., 54., 34.]) , dead neurons:  tensor([0., 2., 0.]) , effective rank:  tensor([57.1883, 50.5241, 37.2844])
recent accuracy tensor(0.9411)
task:  60 , approximate rank:  tensor([56., 50., 29.]) , dead neurons:  tensor([2., 2., 2.]) , effective rank:  tensor([52.6391, 46.8842, 33.1684])
recent accuracy tensor(0.9391)
task:  61 , approximate rank:  tensor([58., 62., 40.]) , dead neurons:  tensor([1., 0., 0.]) , effective rank:  tensor([56.1362, 55.7860, 41.4622])
recent accuracy tensor(0.9407)
task:  62 , approximate rank:  tensor([57., 57., 42.]) , dead neurons:  tensor([4., 1., 1.]) , effective rank:  tensor([54.4790, 53.6650, 42.9016])
recent accuracy tensor(0.9423)
task:  63 , approximate rank:  tensor([56., 53., 36.]) , dead neurons:  tensor([0., 2., 1.]) , effective rank:  tensor([53.9512, 48.9405, 38.4798])
recent accuracy tensor(0.9408)
task:  64 , approximate rank:  tensor([52., 52., 36.]) , dead neurons:  tensor([1., 2., 0.]) , effective rank:  tensor([51.0575, 47.3455, 38.6930])
recent accuracy tensor(0.9423)
task:  65 , approximate rank:  tensor([54., 59., 44.]) , dead neurons:  tensor([3., 1., 0.]) , effective rank:  tensor([52.4648, 54.4933, 43.7372])
recent accuracy tensor(0.9396)
task:  66 , approximate rank:  tensor([56., 58., 38.]) , dead neurons:  tensor([1., 1., 0.]) , effective rank:  tensor([55.0392, 51.9484, 39.7076])
recent accuracy tensor(0.9408)
task:  67 , approximate rank:  tensor([56., 51., 33.]) , dead neurons:  tensor([0., 2., 0.]) , effective rank:  tensor([51.8048, 47.0077, 35.8948])
