## SLURM PROLOG ###############################################################
##    Job ID : 11359630
##  Job Name : run
##  Nodelist : gpu2254
##      CPUs : 
##  Mem/Node : 65536 MB
## Directory : /oscar/home/kguo32/ReAI-loss-of-plasticity/lop/permuted_mnist
##   Job Started : Thu May  8 04:42:38 PM EDT 2025
###############################################################################
task:  0 , approximate rank:  tensor([79., 68., 63.]) , dead neurons:  tensor([0., 0., 0.]) , effective rank:  tensor([68.4582, 59.2139, 56.1110])
recent accuracy tensor(0.9343)
task:  1 , approximate rank:  tensor([60., 65., 58.]) , dead neurons:  tensor([1., 0., 0.]) , effective rank:  tensor([56.7687, 57.4048, 50.5617])
recent accuracy tensor(0.9394)
task:  2 , approximate rank:  tensor([53., 53., 34.]) , dead neurons:  tensor([2., 0., 0.]) , effective rank:  tensor([50.4836, 48.0114, 36.4470])
recent accuracy tensor(0.9398)
task:  3 , approximate rank:  tensor([52., 58., 41.]) , dead neurons:  tensor([2., 0., 0.]) , effective rank:  tensor([50.6630, 51.1875, 41.2209])
recent accuracy tensor(0.9406)
task:  4 , approximate rank:  tensor([51., 56., 41.]) , dead neurons:  tensor([2., 0., 0.]) , effective rank:  tensor([49.0948, 50.4688, 40.8420])
recent accuracy tensor(0.9377)
task:  5 , approximate rank:  tensor([50., 51., 34.]) , dead neurons:  tensor([0., 0., 1.]) , effective rank:  tensor([50.7316, 47.5841, 37.3387])
recent accuracy tensor(0.9404)
task:  6 , approximate rank:  tensor([59., 62., 34.]) , dead neurons:  tensor([3., 0., 1.]) , effective rank:  tensor([56.7059, 54.8063, 37.1920])
recent accuracy tensor(0.9421)
task:  7 , approximate rank:  tensor([49., 42., 24.]) , dead neurons:  tensor([5., 2., 2.]) , effective rank:  tensor([46.7984, 41.2481, 29.9773])
recent accuracy tensor(0.9402)
task:  8 , approximate rank:  tensor([53., 56., 44.]) , dead neurons:  tensor([3., 1., 1.]) , effective rank:  tensor([50.6509, 52.2802, 43.1783])
recent accuracy tensor(0.9408)
task:  9 , approximate rank:  tensor([54., 60., 43.]) , dead neurons:  tensor([2., 2., 1.]) , effective rank:  tensor([53.4737, 53.0785, 42.4279])
recent accuracy tensor(0.9386)
task:  10 , approximate rank:  tensor([54., 63., 46.]) , dead neurons:  tensor([0., 3., 0.]) , effective rank:  tensor([53.8438, 55.7018, 44.3971])
recent accuracy tensor(0.9400)
task:  11 , approximate rank:  tensor([51., 53., 43.]) , dead neurons:  tensor([2., 3., 1.]) , effective rank:  tensor([49.7383, 48.5311, 41.9653])
recent accuracy tensor(0.9407)
task:  12 , approximate rank:  tensor([58., 58., 38.]) , dead neurons:  tensor([1., 0., 0.]) , effective rank:  tensor([56.3161, 52.4680, 39.2512])
recent accuracy tensor(0.9419)
task:  13 , approximate rank:  tensor([51., 50., 38.]) , dead neurons:  tensor([3., 1., 0.]) , effective rank:  tensor([49.7286, 46.2683, 39.9960])
recent accuracy tensor(0.9411)
task:  14 , approximate rank:  tensor([47., 51., 35.]) , dead neurons:  tensor([5., 1., 0.]) , effective rank:  tensor([46.6050, 47.4684, 37.1661])
recent accuracy tensor(0.9393)
task:  15 , approximate rank:  tensor([52., 53., 32.]) , dead neurons:  tensor([1., 1., 0.]) , effective rank:  tensor([51.8559, 49.1732, 36.0690])
recent accuracy tensor(0.9419)
task:  16 , approximate rank:  tensor([57., 58., 44.]) , dead neurons:  tensor([2., 0., 0.]) , effective rank:  tensor([53.8112, 52.9333, 42.7213])
recent accuracy tensor(0.9404)
task:  17 , approximate rank:  tensor([50., 55., 37.]) , dead neurons:  tensor([5., 5., 0.]) , effective rank:  tensor([46.9518, 49.6657, 39.2003])
recent accuracy tensor(0.9417)
task:  18 , approximate rank:  tensor([52., 51., 36.]) , dead neurons:  tensor([0., 3., 0.]) , effective rank:  tensor([50.8137, 47.1910, 39.1514])
recent accuracy tensor(0.9429)
task:  19 , approximate rank:  tensor([54., 50., 37.]) , dead neurons:  tensor([0., 1., 0.]) , effective rank:  tensor([51.6622, 46.6535, 38.8594])
recent accuracy tensor(0.9406)
task:  20 , approximate rank:  tensor([52., 54., 36.]) , dead neurons:  tensor([1., 3., 0.]) , effective rank:  tensor([50.7282, 49.3445, 37.8578])
recent accuracy tensor(0.9431)
task:  21 , approximate rank:  tensor([52., 48., 33.]) , dead neurons:  tensor([4., 1., 0.]) , effective rank:  tensor([49.9088, 44.4702, 36.5748])
recent accuracy tensor(0.9407)
task:  22 , approximate rank:  tensor([53., 58., 37.]) , dead neurons:  tensor([1., 2., 1.]) , effective rank:  tensor([52.1780, 52.8156, 39.2543])
recent accuracy tensor(0.9433)
task:  23 , approximate rank:  tensor([53., 59., 43.]) , dead neurons:  tensor([1., 2., 0.]) , effective rank:  tensor([50.9007, 53.0374, 43.0673])
recent accuracy tensor(0.9381)
task:  24 , approximate rank:  tensor([53., 57., 39.]) , dead neurons:  tensor([2., 1., 0.]) , effective rank:  tensor([52.9475, 51.6607, 40.2305])
recent accuracy tensor(0.9390)
task:  25 , approximate rank:  tensor([64., 61., 39.]) , dead neurons:  tensor([0., 0., 1.]) , effective rank:  tensor([59.4913, 53.7083, 40.0970])
recent accuracy tensor(0.9406)
task:  26 , approximate rank:  tensor([53., 49., 27.]) , dead neurons:  tensor([2., 3., 0.]) , effective rank:  tensor([48.9111, 45.4161, 32.6437])
recent accuracy tensor(0.9393)
task:  27 , approximate rank:  tensor([55., 53., 34.]) , dead neurons:  tensor([5., 1., 1.]) , effective rank:  tensor([52.4419, 48.6350, 36.9095])
recent accuracy tensor(0.9392)
task:  28 , approximate rank:  tensor([57., 61., 43.]) , dead neurons:  tensor([4., 0., 0.]) , effective rank:  tensor([53.9650, 55.4948, 42.9446])
recent accuracy tensor(0.9406)
task:  29 , approximate rank:  tensor([55., 57., 34.]) , dead neurons:  tensor([2., 3., 0.]) , effective rank:  tensor([52.0950, 50.6984, 37.1704])
recent accuracy tensor(0.9397)
task:  30 , approximate rank:  tensor([52., 55., 36.]) , dead neurons:  tensor([5., 2., 1.]) , effective rank:  tensor([50.7342, 50.1857, 39.4159])
recent accuracy tensor(0.9395)
task:  31 , approximate rank:  tensor([56., 55., 42.]) , dead neurons:  tensor([2., 0., 0.]) , effective rank:  tensor([52.5859, 50.8009, 41.9582])
recent accuracy tensor(0.9402)
task:  32 , approximate rank:  tensor([45., 39., 27.]) , dead neurons:  tensor([1., 2., 0.]) , effective rank:  tensor([43.7294, 38.5976, 32.4265])
recent accuracy tensor(0.9419)
task:  33 , approximate rank:  tensor([56., 59., 38.]) , dead neurons:  tensor([1., 0., 0.]) , effective rank:  tensor([55.2443, 53.9387, 40.1399])
recent accuracy tensor(0.9408)
task:  34 , approximate rank:  tensor([52., 52., 37.]) , dead neurons:  tensor([1., 0., 0.]) , effective rank:  tensor([51.4391, 49.5195, 39.3173])
recent accuracy tensor(0.9408)
task:  35 , approximate rank:  tensor([54., 57., 43.]) , dead neurons:  tensor([7., 1., 1.]) , effective rank:  tensor([51.5259, 53.1888, 42.8826])
recent accuracy tensor(0.9396)
task:  36 , approximate rank:  tensor([57., 62., 38.]) , dead neurons:  tensor([1., 0., 0.]) , effective rank:  tensor([55.0069, 55.3556, 40.0173])
recent accuracy tensor(0.9413)
task:  37 , approximate rank:  tensor([57., 52., 34.]) , dead neurons:  tensor([2., 0., 2.]) , effective rank:  tensor([54.1118, 48.3167, 36.8123])
recent accuracy tensor(0.9406)
task:  38 , approximate rank:  tensor([59., 52., 30.]) , dead neurons:  tensor([2., 0., 0.]) , effective rank:  tensor([53.8563, 49.2073, 34.7051])
recent accuracy tensor(0.9398)
task:  39 , approximate rank:  tensor([57., 58., 35.]) , dead neurons:  tensor([4., 0., 0.]) , effective rank:  tensor([54.7483, 52.9405, 38.4006])
recent accuracy tensor(0.9406)
task:  40 , approximate rank:  tensor([52., 45., 29.]) , dead neurons:  tensor([1., 1., 0.]) , effective rank:  tensor([48.8847, 43.7103, 34.1044])
recent accuracy tensor(0.9414)
task:  41 , approximate rank:  tensor([46., 54., 35.]) , dead neurons:  tensor([6., 3., 0.]) , effective rank:  tensor([45.9372, 48.3666, 36.4885])
recent accuracy tensor(0.9395)
task:  42 , approximate rank:  tensor([60., 61., 39.]) , dead neurons:  tensor([1., 1., 0.]) , effective rank:  tensor([55.5869, 56.0827, 40.6858])
recent accuracy tensor(0.9401)
task:  43 , approximate rank:  tensor([67., 67., 37.]) , dead neurons:  tensor([1., 1., 0.]) , effective rank:  tensor([61.7855, 59.3331, 39.7863])
recent accuracy tensor(0.9388)
task:  44 , approximate rank:  tensor([52., 56., 38.]) , dead neurons:  tensor([1., 1., 0.]) , effective rank:  tensor([49.7324, 51.0035, 39.6955])
recent accuracy tensor(0.9420)
task:  45 , approximate rank:  tensor([49., 51., 29.]) , dead neurons:  tensor([1., 3., 0.]) , effective rank:  tensor([48.6188, 46.4999, 34.1896])
recent accuracy tensor(0.9397)
task:  46 , approximate rank:  tensor([55., 58., 34.]) , dead neurons:  tensor([3., 0., 0.]) , effective rank:  tensor([52.6084, 52.4268, 37.2741])
recent accuracy tensor(0.9405)
task:  47 , approximate rank:  tensor([53., 63., 42.]) , dead neurons:  tensor([1., 0., 0.]) , effective rank:  tensor([52.3358, 56.1696, 42.5312])
recent accuracy tensor(0.9407)
task:  48 , approximate rank:  tensor([50., 50., 34.]) , dead neurons:  tensor([2., 1., 0.]) , effective rank:  tensor([50.6603, 47.1146, 36.7827])
recent accuracy tensor(0.9418)
task:  49 , approximate rank:  tensor([53., 55., 36.]) , dead neurons:  tensor([0., 1., 1.]) , effective rank:  tensor([52.1444, 50.2633, 38.7050])
recent accuracy tensor(0.9390)
task:  50 , approximate rank:  tensor([53., 50., 34.]) , dead neurons:  tensor([1., 0., 0.]) , effective rank:  tensor([52.1142, 47.2935, 36.9339])
recent accuracy tensor(0.9396)
task:  51 , approximate rank:  tensor([58., 65., 41.]) , dead neurons:  tensor([3., 0., 0.]) , effective rank:  tensor([57.3088, 57.6766, 41.9410])
recent accuracy tensor(0.9389)
task:  52 , approximate rank:  tensor([63., 65., 42.]) , dead neurons:  tensor([2., 0., 1.]) , effective rank:  tensor([61.4999, 58.2128, 42.1936])
recent accuracy tensor(0.9420)
task:  53 , approximate rank:  tensor([48., 47., 28.]) , dead neurons:  tensor([4., 3., 1.]) , effective rank:  tensor([46.3796, 43.9658, 33.0861])
recent accuracy tensor(0.9380)
task:  54 , approximate rank:  tensor([65., 59., 32.]) , dead neurons:  tensor([2., 0., 1.]) , effective rank:  tensor([62.2398, 53.2920, 35.2182])
recent accuracy tensor(0.9404)
task:  55 , approximate rank:  tensor([57., 59., 32.]) , dead neurons:  tensor([3., 2., 1.]) , effective rank:  tensor([54.9210, 53.0872, 35.7128])
recent accuracy tensor(0.9398)
task:  56 , approximate rank:  tensor([61., 63., 36.]) , dead neurons:  tensor([2., 1., 1.]) , effective rank:  tensor([58.1920, 57.1612, 38.7976])
recent accuracy tensor(0.9391)
task:  57 , approximate rank:  tensor([58., 62., 37.]) , dead neurons:  tensor([4., 0., 1.]) , effective rank:  tensor([56.7500, 56.1272, 39.3666])
recent accuracy tensor(0.9398)
task:  58 , approximate rank:  tensor([57., 66., 42.]) , dead neurons:  tensor([0., 0., 0.]) , effective rank:  tensor([57.1224, 58.4938, 42.7554])
recent accuracy tensor(0.9401)
task:  59 , approximate rank:  tensor([53., 57., 40.]) , dead neurons:  tensor([3., 1., 0.]) , effective rank:  tensor([51.1378, 51.2637, 41.3507])
recent accuracy tensor(0.9404)
task:  60 , approximate rank:  tensor([61., 66., 38.]) , dead neurons:  tensor([1., 0., 0.]) , effective rank:  tensor([59.4979, 58.1124, 40.2063])
recent accuracy tensor(0.9419)
task:  61 , approximate rank:  tensor([57., 54., 32.]) , dead neurons:  tensor([2., 0., 0.]) , effective rank:  tensor([55.1399, 49.7963, 35.7583])
recent accuracy tensor(0.9405)
task:  62 , approximate rank:  tensor([58., 64., 42.]) , dead neurons:  tensor([0., 0., 1.]) , effective rank:  tensor([56.3478, 56.7798, 42.8493])
recent accuracy tensor(0.9395)
task:  63 , approximate rank:  tensor([60., 61., 36.]) , dead neurons:  tensor([1., 0., 0.]) , effective rank:  tensor([56.9492, 54.9180, 38.5045])
recent accuracy tensor(0.9391)
task:  64 , approximate rank:  tensor([60., 60., 36.]) , dead neurons:  tensor([3., 3., 0.]) , effective rank:  tensor([57.4909, 53.8772, 38.2684])
