## SLURM PROLOG ###############################################################
##    Job ID : 11308266
##  Job Name : run
##  Nodelist : gpu2253
##      CPUs : 
##  Mem/Node : 65536 MB
## Directory : /oscar/home/kguo32/ReAI-loss-of-plasticity/lop/permuted_mnist
##   Job Started : Tue May  6 11:22:13 AM EDT 2025
###############################################################################
step: 0 , approximate rank:  tensor([18., 15., 13.]) , dead neurons:  tensor([0., 0., 0.]) effective rank:  tensor([15.9294, 13.2705, 11.2720])
recent accuracy tensor(0.8431)
step: 1 , approximate rank:  tensor([15., 10.,  8.]) , dead neurons:  tensor([0., 0., 2.]) effective rank:  tensor([12.1368,  8.6466,  7.3612])
recent accuracy tensor(0.9026)
step: 2 , approximate rank:  tensor([15.,  9.,  7.]) , dead neurons:  tensor([0., 2., 1.]) effective rank:  tensor([10.5460,  7.3473,  6.9634])
recent accuracy tensor(0.8980)
step: 3 , approximate rank:  tensor([10.,  6.,  6.]) , dead neurons:  tensor([0., 1., 1.]) effective rank:  tensor([8.3313, 5.9890, 5.7760])
recent accuracy tensor(0.8961)
step: 4 , approximate rank:  tensor([11.,  9.,  8.]) , dead neurons:  tensor([0., 0., 0.]) effective rank:  tensor([9.6696, 8.1880, 8.2835])
recent accuracy tensor(0.8949)
step: 5 , approximate rank:  tensor([12.,  9., 10.]) , dead neurons:  tensor([0., 0., 0.]) effective rank:  tensor([ 9.5213,  8.2108, 10.1390])
recent accuracy tensor(0.9031)
step: 6 , approximate rank:  tensor([9., 7., 9.]) , dead neurons:  tensor([0., 1., 0.]) effective rank:  tensor([8.4968, 6.9845, 8.8364])
recent accuracy tensor(0.9033)
step: 7 , approximate rank:  tensor([ 9.,  9., 11.]) , dead neurons:  tensor([1., 0., 0.]) effective rank:  tensor([7.8041, 8.5007, 9.7613])
recent accuracy tensor(0.8970)
step: 8 , approximate rank:  tensor([10., 10., 13.]) , dead neurons:  tensor([0., 0., 0.]) effective rank:  tensor([ 8.8946,  9.1841, 11.6992])
recent accuracy tensor(0.8991)
step: 9 , approximate rank:  tensor([ 9.,  9., 12.]) , dead neurons:  tensor([0., 0., 0.]) effective rank:  tensor([ 8.3579,  8.5092, 10.2779])
recent accuracy tensor(0.8958)
step: 10 , approximate rank:  tensor([10., 10., 13.]) , dead neurons:  tensor([0., 0., 0.]) effective rank:  tensor([ 8.7336,  9.4891, 11.4418])
recent accuracy tensor(0.8910)
step: 11 , approximate rank:  tensor([10., 10., 13.]) , dead neurons:  tensor([0., 0., 0.]) effective rank:  tensor([ 8.4425,  9.4657, 10.9734])
recent accuracy tensor(0.8869)
step: 12 , approximate rank:  tensor([ 9., 11., 13.]) , dead neurons:  tensor([0., 0., 0.]) effective rank:  tensor([ 8.5057,  9.9360, 11.4493])
recent accuracy tensor(0.8949)
step: 13 , approximate rank:  tensor([10., 10., 13.]) , dead neurons:  tensor([0., 0., 0.]) effective rank:  tensor([ 8.8468,  8.7803, 11.7146])
recent accuracy tensor(0.8940)
step: 14 , approximate rank:  tensor([10., 10., 13.]) , dead neurons:  tensor([0., 0., 0.]) effective rank:  tensor([ 8.6770,  8.7933, 11.1702])
recent accuracy tensor(0.8931)
step: 15 , approximate rank:  tensor([11., 10., 14.]) , dead neurons:  tensor([0., 0., 0.]) effective rank:  tensor([ 8.7965,  9.3641, 12.0402])
recent accuracy tensor(0.8906)
step: 16 , approximate rank:  tensor([11., 11., 13.]) , dead neurons:  tensor([0., 0., 0.]) effective rank:  tensor([ 9.7287, 10.1179, 11.3855])
recent accuracy tensor(0.8894)
step: 17 , approximate rank:  tensor([11., 10., 12.]) , dead neurons:  tensor([0., 0., 0.]) effective rank:  tensor([ 9.3468,  8.6701, 10.5294])
recent accuracy tensor(0.8862)
step: 18 , approximate rank:  tensor([ 9.,  8., 11.]) , dead neurons:  tensor([0., 0., 0.]) effective rank:  tensor([ 8.4020,  7.5861, 10.0269])
recent accuracy tensor(0.8634)
step: 19 , approximate rank:  tensor([11., 11., 12.]) , dead neurons:  tensor([0., 0., 0.]) effective rank:  tensor([ 9.6895,  9.5545, 10.8420])
recent accuracy tensor(0.8840)
