## SLURM PROLOG ###############################################################
##    Job ID : 11308269
##  Job Name : run
##  Nodelist : gpu2105
##      CPUs : 
##  Mem/Node : 65536 MB
## Directory : /oscar/home/kguo32/ReAI-loss-of-plasticity/lop/permuted_mnist
##   Job Started : Tue May  6 11:22:33 AM EDT 2025
###############################################################################
step: 0 , approximate rank:  tensor([17., 14., 14.]) , dead neurons:  tensor([0., 0., 0.]) effective rank:  tensor([15.7404, 13.0166, 12.2506])
recent accuracy tensor(0.8645)
step: 1 , approximate rank:  tensor([16., 10., 11.]) , dead neurons:  tensor([0., 1., 0.]) effective rank:  tensor([12.5644,  9.3096, 10.3072])
recent accuracy tensor(0.9014)
step: 2 , approximate rank:  tensor([15., 10., 10.]) , dead neurons:  tensor([0., 1., 0.]) effective rank:  tensor([11.4678,  8.7357,  9.5788])
recent accuracy tensor(0.9079)
step: 3 , approximate rank:  tensor([14., 10., 12.]) , dead neurons:  tensor([0., 0., 0.]) effective rank:  tensor([10.5258,  8.8933, 10.5684])
recent accuracy tensor(0.9052)
step: 4 , approximate rank:  tensor([14., 10., 11.]) , dead neurons:  tensor([0., 0., 0.]) effective rank:  tensor([10.8910,  8.5790, 10.3631])
recent accuracy tensor(0.9068)
step: 5 , approximate rank:  tensor([13., 10., 13.]) , dead neurons:  tensor([0., 0., 0.]) effective rank:  tensor([ 9.9300,  8.7919, 11.0277])
recent accuracy tensor(0.9053)
step: 6 , approximate rank:  tensor([14., 12., 14.]) , dead neurons:  tensor([0., 0., 0.]) effective rank:  tensor([10.6622, 10.5874, 11.7805])
recent accuracy tensor(0.8988)
step: 7 , approximate rank:  tensor([13.,  9., 10.]) , dead neurons:  tensor([0., 1., 0.]) effective rank:  tensor([9.8482, 8.0317, 9.5508])
recent accuracy tensor(0.9021)
step: 8 , approximate rank:  tensor([14., 10., 12.]) , dead neurons:  tensor([0., 0., 0.]) effective rank:  tensor([10.8302,  9.4225, 10.9399])
recent accuracy tensor(0.8993)
step: 9 , approximate rank:  tensor([14., 12., 13.]) , dead neurons:  tensor([0., 0., 0.]) effective rank:  tensor([10.8393, 10.5333, 11.4541])
recent accuracy tensor(0.8997)
step: 10 , approximate rank:  tensor([14., 11., 14.]) , dead neurons:  tensor([0., 0., 0.]) effective rank:  tensor([10.5461, 10.3248, 12.4488])
recent accuracy tensor(0.8975)
step: 11 , approximate rank:  tensor([13., 12., 13.]) , dead neurons:  tensor([0., 0., 0.]) effective rank:  tensor([ 9.9799, 10.2240, 11.6891])
recent accuracy tensor(0.8955)
step: 12 , approximate rank:  tensor([14., 13., 16.]) , dead neurons:  tensor([0., 0., 0.]) effective rank:  tensor([10.8700, 11.4769, 14.1636])
recent accuracy tensor(0.8942)
step: 13 , approximate rank:  tensor([13., 10., 12.]) , dead neurons:  tensor([0., 0., 0.]) effective rank:  tensor([10.2376,  8.9319, 10.3112])
recent accuracy tensor(0.8990)
step: 14 , approximate rank:  tensor([12.,  9.,  8.]) , dead neurons:  tensor([0., 1., 1.]) effective rank:  tensor([9.1392, 7.8243, 7.8721])
recent accuracy tensor(0.8715)
step: 15 , approximate rank:  tensor([14., 10., 10.]) , dead neurons:  tensor([0., 0., 0.]) effective rank:  tensor([10.4496,  9.4888,  8.9499])
recent accuracy tensor(0.8869)
step: 16 , approximate rank:  tensor([14., 10., 15.]) , dead neurons:  tensor([0., 0., 0.]) effective rank:  tensor([10.3459,  9.6273, 12.7375])
recent accuracy tensor(0.8870)
step: 17 , approximate rank:  tensor([13., 12., 11.]) , dead neurons:  tensor([0., 0., 0.]) effective rank:  tensor([10.0581, 10.0418, 10.1622])
recent accuracy tensor(0.8995)
step: 18 , approximate rank:  tensor([14., 13., 13.]) , dead neurons:  tensor([0., 0., 0.]) effective rank:  tensor([10.6783, 10.9188, 11.9860])
recent accuracy tensor(0.8883)
step: 19 , approximate rank:  tensor([12., 10.,  9.]) , dead neurons:  tensor([0., 0., 0.]) effective rank:  tensor([9.3720, 8.6757, 8.9102])
recent accuracy tensor(0.8831)
